#
# There is insufficient memory for the Java Runtime Environment to continue.
# Native memory allocation (mmap) failed to map 126353408 bytes for committing reserved memory.
# Possible reasons:
#   The system is out of physical RAM or swap space
#   In 32 bit mode, the process size limit was hit
# Possible solutions:
#   Reduce memory load on the system
#   Increase physical memory or swap space
#   Check if swap backing store is full
#   Use 64 bit Java on a 64 bit OS
#   Decrease Java heap size (-Xmx/-Xms)
#   Decrease number of Java threads
#   Decrease Java thread stack sizes (-Xss)
#   Set larger code cache with -XX:ReservedCodeCacheSize=
# This output file may be truncated or incomplete.
#
#  Out of Memory Error (os_linux.cpp:2673), pid=4069, tid=139987359057664
#
# JRE version: Java(TM) SE Runtime Environment (8.0_45-b14) (build 1.8.0_45-b14)
# Java VM: Java HotSpot(TM) 64-Bit Server VM (25.45-b02 mixed mode linux-amd64 compressed oops)
# Failed to write core dump. Core dumps have been disabled. To enable core dumping, try "ulimit -c unlimited" before starting Java again
#

---------------  T H R E A D  ---------------

Current thread (0x00007f517007a000):  VMThread [stack: 0x00007f5158bf4000,0x00007f5158cf5000] [id=4079]

Stack: [0x00007f5158bf4000,0x00007f5158cf5000],  sp=0x00007f5158cf3260,  free space=1020k
Native frames: (J=compiled Java code, j=interpreted, Vv=VM code, C=native code)
V  [libjvm.so+0xaac99a]  VMError::report_and_die()+0x2ba
V  [libjvm.so+0x4f333b]  report_vm_out_of_memory(char const*, int, unsigned long, VMErrorType, char const*)+0x8b
V  [libjvm.so+0x90e7c3]  os::Linux::commit_memory_impl(char*, unsigned long, bool)+0x103
V  [libjvm.so+0x90ed19]  os::pd_commit_memory(char*, unsigned long, unsigned long, bool)+0x29
V  [libjvm.so+0x90867a]  os::commit_memory(char*, unsigned long, unsigned long, bool)+0x2a
V  [libjvm.so+0x97bac3]  PSVirtualSpace::expand_by(unsigned long)+0x53
V  [libjvm.so+0x97cec8]  PSYoungGen::resize_generation(unsigned long, unsigned long)+0xf8
V  [libjvm.so+0x97c022]  PSYoungGen::resize(unsigned long, unsigned long)+0x22
V  [libjvm.so+0x9792fb]  PSScavenge::invoke_no_policy()+0xf7b
V  [libjvm.so+0x979a81]  PSScavenge::invoke()+0x41
V  [libjvm.so+0x932050]  ParallelScavengeHeap::failed_mem_allocate(unsigned long)+0x70
V  [libjvm.so+0xaae1d7]  VM_ParallelGCFailedAllocation::doit()+0x97
V  [libjvm.so+0xab59c5]  VM_Operation::evaluate()+0x55
V  [libjvm.so+0xab3d9a]  VMThread::evaluate_operation(VM_Operation*)+0xba
V  [libjvm.so+0xab411e]  VMThread::loop()+0x1ce
V  [libjvm.so+0xab4590]  VMThread::run()+0x70
V  [libjvm.so+0x910de8]  java_start(Thread*)+0x108

VM_Operation (0x00007f51773ca180): ParallelGCFailedAllocation, mode: safepoint, requested by thread 0x00007f517000c000


---------------  P R O C E S S  ---------------

Java Threads: ( => current thread )
  0x00007f51700ca800 JavaThread "Service Thread" daemon [_thread_blocked, id=4086, stack(0x00007f5153bfc000,0x00007f5153cfd000)]
  0x00007f51700bd000 JavaThread "C1 CompilerThread2" daemon [_thread_blocked, id=4085, stack(0x00007f5153cfd000,0x00007f5153dfe000)]
  0x00007f51700bb800 JavaThread "C2 CompilerThread1" daemon [_thread_blocked, id=4084, stack(0x00007f5153dfe000,0x00007f5153eff000)]
  0x00007f51700b8800 JavaThread "C2 CompilerThread0" daemon [_thread_blocked, id=4083, stack(0x00007f5153eff000,0x00007f5154000000)]
  0x00007f51700b7000 JavaThread "Signal Dispatcher" daemon [_thread_blocked, id=4082, stack(0x00007f51580de000,0x00007f51581df000)]
  0x00007f5170081000 JavaThread "Finalizer" daemon [_thread_blocked, id=4081, stack(0x00007f51589f2000,0x00007f5158af3000)]
  0x00007f517007f000 JavaThread "Reference Handler" daemon [_thread_blocked, id=4080, stack(0x00007f5158af3000,0x00007f5158bf4000)]
  0x00007f517000c000 JavaThread "main" [_thread_blocked, id=4074, stack(0x00007f51772cb000,0x00007f51773cc000)]

Other Threads:
=>0x00007f517007a000 VMThread [stack: 0x00007f5158bf4000,0x00007f5158cf5000] [id=4079]
  0x00007f51700cd000 WatcherThread [stack: 0x00007f5153afb000,0x00007f5153bfc000] [id=4087]

VM state:at safepoint (normal execution)

VM Mutex/Monitor currently owned by a thread:  ([mutex/lock_event])
[0x00007f51700085f0] Threads_lock - owner thread: 0x00007f517007a000
[0x00007f5170008af0] Heap_lock - owner thread: 0x00007f517000c000

Heap:
 PSYoungGen      total 208896K, used 15357K [0x00000000eab00000, 0x00000000f8700000, 0x0000000100000000)
  eden space 193536K, 0% used [0x00000000eab00000,0x00000000eab00000,0x00000000f6800000)
  from space 15360K, 99% used [0x00000000f6800000,0x00000000f76ff680,0x00000000f7700000)
  to   space 14336K, 0% used [0x00000000f7700000,0x00000000f7700000,0x00000000f8500000)
 ParOldGen       total 40960K, used 30362K [0x00000000c0000000, 0x00000000c2800000, 0x00000000eab00000)
  object space 40960K, 74% used [0x00000000c0000000,0x00000000c1da69c8,0x00000000c2800000)
 Metaspace       used 7812K, capacity 8040K, committed 8320K, reserved 1056768K
  class space    used 755K, capacity 787K, committed 896K, reserved 1048576K

Card table byte_map: [0x00007f5160dff000,0x00007f5161000000] byte_map_base: 0x00007f51607ff000

Marking Bits: (ParMarkBitMap*) 0x00007f517679f760
 Begin Bits: [0x00007f515a000000, 0x00007f515b000000)
 End Bits:   [0x00007f515b000000, 0x00007f515c000000)

Polling page: 0x00007f51773e6000

CodeCache: size=245760Kb used=9320Kb max_used=9320Kb free=236439Kb
 bounds [0x00007f5161000000, 0x00007f5161930000, 0x00007f5170000000]
 total_blobs=2979 nmethods=2680 adapters=210
 compilation: enabled

Compilation events (10 events):
Event: 7,893 Thread 0x00007f51700b8800 2712       4       java.util.TimSort::binarySort (223 bytes)
Event: 7,921 Thread 0x00007f51700b8800 nmethod 2712 0x00007f5161917fd0 code [0x00007f5161918180, 0x00007f5161918c58]
Event: 7,921 Thread 0x00007f51700b8800 2709       4       java.util.ComparableTimSort::gallopLeft (327 bytes)
Event: 7,961 Thread 0x00007f51700bb800 nmethod 2708 0x00007f5161922750 code [0x00007f51619229a0, 0x00007f51619244b8]
Event: 7,961 Thread 0x00007f51700bb800 2710       4       java.util.HashMap$TreeNode::untreeify (52 bytes)
Event: 7,966 Thread 0x00007f51700bd000 2715       3       com.android.dx.io.instructions.InstructionCodec$17::encode (29 bytes)
Event: 7,966 Thread 0x00007f51700bb800 nmethod 2710 0x00007f5161914c90 code [0x00007f5161914de0, 0x00007f5161914f78]
Event: 7,967 Thread 0x00007f51700bd000 nmethod 2715 0x00007f51619215d0 code [0x00007f51619217c0, 0x00007f51619222c8]
Event: 7,967 Thread 0x00007f51700bd000 2714       3       com.android.dx.io.instructions.InstructionCodec$17::decode (46 bytes)
Event: 7,968 Thread 0x00007f51700bd000 nmethod 2714 0x00007f51619205d0 code [0x00007f51619207c0, 0x00007f5161921018]

GC Heap History (10 events):
Event: 5,193 GC heap after
Heap after GC invocations=6 (full 0):
 PSYoungGen      total 69120K, used 6775K [0x00000000eab00000, 0x00000000ef800000, 0x0000000100000000)
  eden space 60928K, 0% used [0x00000000eab00000,0x00000000eab00000,0x00000000ee680000)
  from space 8192K, 82% used [0x00000000eef00000,0x00000000ef59dd48,0x00000000ef700000)
  to   space 8704K, 0% used [0x00000000ee680000,0x00000000ee680000,0x00000000eef00000)
 ParOldGen       total 40960K, used 14473K [0x00000000c0000000, 0x00000000c2800000, 0x00000000eab00000)
  object space 40960K, 35% used [0x00000000c0000000,0x00000000c0e22798,0x00000000c2800000)
 Metaspace       used 7688K, capacity 8002K, committed 8192K, reserved 1056768K
  class space    used 747K, capacity 754K, committed 768K, reserved 1048576K
}
Event: 5,456 GC heap before
{Heap before GC invocations=7 (full 0):
 PSYoungGen      total 69120K, used 67703K [0x00000000eab00000, 0x00000000ef800000, 0x0000000100000000)
  eden space 60928K, 100% used [0x00000000eab00000,0x00000000ee680000,0x00000000ee680000)
  from space 8192K, 82% used [0x00000000eef00000,0x00000000ef59dd48,0x00000000ef700000)
  to   space 8704K, 0% used [0x00000000ee680000,0x00000000ee680000,0x00000000eef00000)
 ParOldGen       total 40960K, used 14473K [0x00000000c0000000, 0x00000000c2800000, 0x00000000eab00000)
  object space 40960K, 35% used [0x00000000c0000000,0x00000000c0e22798,0x00000000c2800000)
 Metaspace       used 7792K, capacity 8040K, committed 8320K, reserved 1056768K
  class space    used 755K, capacity 787K, committed 896K, reserved 1048576K
Event: 6,100 GC heap after
Heap after GC invocations=7 (full 0):
 PSYoungGen      total 69632K, used 8691K [0x00000000eab00000, 0x00000000f3a00000, 0x0000000100000000)
  eden space 60928K, 0% used [0x00000000eab00000,0x00000000eab00000,0x00000000ee680000)
  from space 8704K, 99% used [0x00000000ee680000,0x00000000eeefcd08,0x00000000eef00000)
  to   space 12288K, 0% used [0x00000000f2e00000,0x00000000f2e00000,0x00000000f3a00000)
 ParOldGen       total 40960K, used 18964K [0x00000000c0000000, 0x00000000c2800000, 0x00000000eab00000)
  object space 40960K, 46% used [0x00000000c0000000,0x00000000c1285010,0x00000000c2800000)
 Metaspace       used 7792K, capacity 8040K, committed 8320K, reserved 1056768K
  class space    used 755K, capacity 787K, committed 896K, reserved 1048576K
}
Event: 6,390 GC heap before
{Heap before GC invocations=8 (full 0):
 PSYoungGen      total 69632K, used 69619K [0x00000000eab00000, 0x00000000f3a00000, 0x0000000100000000)
  eden space 60928K, 100% used [0x00000000eab00000,0x00000000ee680000,0x00000000ee680000)
  from space 8704K, 99% used [0x00000000ee680000,0x00000000eeefcd08,0x00000000eef00000)
  to   space 12288K, 0% used [0x00000000f2e00000,0x00000000f2e00000,0x00000000f3a00000)
 ParOldGen       total 40960K, used 18964K [0x00000000c0000000, 0x00000000c2800000, 0x00000000eab00000)
  object space 40960K, 46% used [0x00000000c0000000,0x00000000c1285010,0x00000000c2800000)
 Metaspace       used 7800K, capacity 8040K, committed 8320K, reserved 1056768K
  class space    used 755K, capacity 787K, committed 896K, reserved 1048576K
Event: 6,406 GC heap after
Heap after GC invocations=8 (full 0):
 PSYoungGen      total 133632K, used 10069K [0x00000000eab00000, 0x00000000f3b00000, 0x0000000100000000)
  eden space 121344K, 0% used [0x00000000eab00000,0x00000000eab00000,0x00000000f2180000)
  from space 12288K, 81% used [0x00000000f2e00000,0x00000000f37d55a0,0x00000000f3a00000)
  to   space 12800K, 0% used [0x00000000f2180000,0x00000000f2180000,0x00000000f2e00000)
 ParOldGen       total 40960K, used 19436K [0x00000000c0000000, 0x00000000c2800000, 0x00000000eab00000)
  object space 40960K, 47% used [0x00000000c0000000,0x00000000c12fb1f0,0x00000000c2800000)
 Metaspace       used 7800K, capacity 8040K, committed 8320K, reserved 1056768K
  class space    used 755K, capacity 787K, committed 896K, reserved 1048576K
}
Event: 6,988 GC heap before
{Heap before GC invocations=9 (full 0):
 PSYoungGen      total 133632K, used 131094K [0x00000000eab00000, 0x00000000f3b00000, 0x0000000100000000)
  eden space 121344K, 99% used [0x00000000eab00000,0x00000000f2130538,0x00000000f2180000)
  from space 12288K, 81% used [0x00000000f2e00000,0x00000000f37d55a0,0x00000000f3a00000)
  to   space 12800K, 0% used [0x00000000f2180000,0x00000000f2180000,0x00000000f2e00000)
 ParOldGen       total 40960K, used 19436K [0x00000000c0000000, 0x00000000c2800000, 0x00000000eab00000)
  object space 40960K, 47% used [0x00000000c0000000,0x00000000c12fb1f0,0x00000000c2800000)
 Metaspace       used 7806K, capacity 8040K, committed 8320K, reserved 1056768K
  class space    used 755K, capacity 787K, committed 896K, reserved 1048576K
Event: 7,003 GC heap after
Heap after GC invocations=9 (full 0):
 PSYoungGen      total 134144K, used 12193K [0x00000000eab00000, 0x00000000f8500000, 0x0000000100000000)
  eden space 121344K, 0% used [0x00000000eab00000,0x00000000eab00000,0x00000000f2180000)
  from space 12800K, 95% used [0x00000000f2180000,0x00000000f2d68700,0x00000000f2e00000)
  to   space 14336K, 0% used [0x00000000f7700000,0x00000000f7700000,0x00000000f8500000)
 ParOldGen       total 40960K, used 19900K [0x00000000c0000000, 0x00000000c2800000, 0x00000000eab00000)
  object space 40960K, 48% used [0x00000000c0000000,0x00000000c136f208,0x00000000c2800000)
 Metaspace       used 7806K, capacity 8040K, committed 8320K, reserved 1056768K
  class space    used 755K, capacity 787K, committed 896K, reserved 1048576K
}
Event: 7,405 GC heap before
{Heap before GC invocations=10 (full 0):
 PSYoungGen      total 134144K, used 133537K [0x00000000eab00000, 0x00000000f8500000, 0x0000000100000000)
  eden space 121344K, 100% used [0x00000000eab00000,0x00000000f2180000,0x00000000f2180000)
  from space 12800K, 95% used [0x00000000f2180000,0x00000000f2d68700,0x00000000f2e00000)
  to   space 14336K, 0% used [0x00000000f7700000,0x00000000f7700000,0x00000000f8500000)
 ParOldGen       total 40960K, used 19900K [0x00000000c0000000, 0x00000000c2800000, 0x00000000eab00000)
  object space 40960K, 48% used [0x00000000c0000000,0x00000000c136f208,0x00000000c2800000)
 Metaspace       used 7810K, capacity 8040K, committed 8320K, reserved 1056768K
  class space    used 755K, capacity 787K, committed 896K, reserved 1048576K
Event: 7,431 GC heap after
Heap after GC invocations=10 (full 0):
 PSYoungGen      total 207872K, used 11882K [0x00000000eab00000, 0x00000000f8700000, 0x0000000100000000)
  eden space 193536K, 0% used [0x00000000eab00000,0x00000000eab00000,0x00000000f6800000)
  from space 14336K, 82% used [0x00000000f7700000,0x00000000f829a828,0x00000000f8500000)
  to   space 15360K, 0% used [0x00000000f6800000,0x00000000f6800000,0x00000000f7700000)
 ParOldGen       total 40960K, used 24826K [0x00000000c0000000, 0x00000000c2800000, 0x00000000eab00000)
  object space 40960K, 60% used [0x00000000c0000000,0x00000000c183eb18,0x00000000c2800000)
 Metaspace       used 7810K, capacity 8040K, committed 8320K, reserved 1056768K
  class space    used 755K, capacity 787K, committed 896K, reserved 1048576K
}
Event: 8,012 GC heap before
{Heap before GC invocations=11 (full 0):
 PSYoungGen      total 207872K, used 205418K [0x00000000eab00000, 0x00000000f8700000, 0x0000000100000000)
  eden space 193536K, 100% used [0x00000000eab00000,0x00000000f6800000,0x00000000f6800000)
  from space 14336K, 82% used [0x00000000f7700000,0x00000000f829a828,0x00000000f8500000)
  to   space 15360K, 0% used [0x00000000f6800000,0x00000000f6800000,0x00000000f7700000)
 ParOldGen       total 40960K, used 24826K [0x00000000c0000000, 0x00000000c2800000, 0x00000000eab00000)
  object space 40960K, 60% used [0x00000000c0000000,0x00000000c183eb18,0x00000000c2800000)
 Metaspace       used 7812K, capacity 8040K, committed 8320K, reserved 1056768K
  class space    used 755K, capacity 787K, committed 896K, reserved 1048576K

Deoptimization events (10 events):
Event: 5,090 Thread 0x00007f517000c000 Uncommon trap: reason=unstable_if action=reinterpret pc=0x00007f516181d8d0 method=com.android.dex.EncodedValueCodec.readUnsignedInt(Lcom/android/dex/util/ByteInput;IZ)I @ 3
Event: 7,358 Thread 0x00007f517000c000 Uncommon trap: reason=predicate action=maybe_recompile pc=0x00007f51618dfbd8 method=java.util.TimSort.binarySort([Ljava/lang/Object;IIILjava/util/Comparator;)V @ 37
Event: 7,506 Thread 0x00007f517000c000 Uncommon trap: reason=predicate action=maybe_recompile pc=0x00007f51618f852c method=java.util.ComparableTimSort.binarySort([Ljava/lang/Object;III)V @ 37
Event: 7,543 Thread 0x00007f517000c000 Uncommon trap: reason=array_check action=maybe_recompile pc=0x00007f51618f7884 method=java.util.TimSort.binarySort([Ljava/lang/Object;IIILjava/util/Comparator;)V @ 215
Event: 7,543 Thread 0x00007f517000c000 Uncommon trap: reason=array_check action=maybe_recompile pc=0x00007f51618f7a4c method=java.util.TimSort.binarySort([Ljava/lang/Object;IIILjava/util/Comparator;)V @ 183
Event: 7,544 Thread 0x00007f517000c000 Uncommon trap: reason=array_check action=maybe_recompile pc=0x00007f51618f7884 method=java.util.TimSort.binarySort([Ljava/lang/Object;IIILjava/util/Comparator;)V @ 215
Event: 7,544 Thread 0x00007f517000c000 Uncommon trap: reason=array_check action=maybe_recompile pc=0x00007f51618f7884 method=java.util.TimSort.binarySort([Ljava/lang/Object;IIILjava/util/Comparator;)V @ 215
Event: 7,701 Thread 0x00007f517000c000 Uncommon trap: reason=array_check action=maybe_recompile pc=0x00007f5161901480 method=java.util.TimSort.binarySort([Ljava/lang/Object;IIILjava/util/Comparator;)V @ 193
Event: 7,701 Thread 0x00007f517000c000 Uncommon trap: reason=array_check action=maybe_recompile pc=0x00007f5161901480 method=java.util.TimSort.binarySort([Ljava/lang/Object;IIILjava/util/Comparator;)V @ 193
Event: 7,816 Thread 0x00007f517000c000 Uncommon trap: reason=array_check action=maybe_recompile pc=0x00007f516190999c method=java.util.ComparableTimSort.binarySort([Ljava/lang/Object;III)V @ 193

Internal exceptions (6 events):
Event: 0,534 Thread 0x00007f517000c000 Exception <a 'java/lang/NoSuchMethodError': Method sun.misc.Unsafe.defineClass(Ljava/lang/String;[BII)Ljava/lang/Class; name or signature does not match> (0x00000000eab12900) thrown at [/RE-WORK/workspace/8-2-build-linux-amd64/jdk8u45/3457/hotspot/src/sha
Event: 0,534 Thread 0x00007f517000c000 Exception <a 'java/lang/NoSuchMethodError': Method sun.misc.Unsafe.prefetchRead(Ljava/lang/Object;J)V name or signature does not match> (0x00000000eab12b90) thrown at [/RE-WORK/workspace/8-2-build-linux-amd64/jdk8u45/3457/hotspot/src/share/vm/prims/jni.cp
Event: 4,409 Thread 0x00007f517000c000 Exception <a 'java/security/PrivilegedActionException'> (0x00000000ead62818) thrown at [/RE-WORK/workspace/8-2-build-linux-amd64/jdk8u45/3457/hotspot/src/share/vm/prims/jvm.cpp, line 1382]
Event: 4,409 Thread 0x00007f517000c000 Exception <a 'java/security/PrivilegedActionException'> (0x00000000ead62b60) thrown at [/RE-WORK/workspace/8-2-build-linux-amd64/jdk8u45/3457/hotspot/src/share/vm/prims/jvm.cpp, line 1382]
Event: 4,409 Thread 0x00007f517000c000 Exception <a 'java/security/PrivilegedActionException'> (0x00000000ead65210) thrown at [/RE-WORK/workspace/8-2-build-linux-amd64/jdk8u45/3457/hotspot/src/share/vm/prims/jvm.cpp, line 1382]
Event: 4,409 Thread 0x00007f517000c000 Exception <a 'java/security/PrivilegedActionException'> (0x00000000ead65558) thrown at [/RE-WORK/workspace/8-2-build-linux-amd64/jdk8u45/3457/hotspot/src/share/vm/prims/jvm.cpp, line 1382]

Events (10 events):
Event: 7,701 Thread 0x00007f517000c000 Uncommon trap: trap_request=0xffffffd6 fr.pc=0x00007f5161901480
Event: 7,701 Thread 0x00007f517000c000 DEOPT PACKING pc=0x00007f5161901480 sp=0x00007f51773ca360
Event: 7,701 Thread 0x00007f517000c000 DEOPT UNPACKING pc=0x00007f5161005229 sp=0x00007f51773ca310 mode 2
Event: 7,701 Thread 0x00007f517000c000 Uncommon trap: trap_request=0xffffffd6 fr.pc=0x00007f5161901480
Event: 7,701 Thread 0x00007f517000c000 DEOPT PACKING pc=0x00007f5161901480 sp=0x00007f51773ca360
Event: 7,701 Thread 0x00007f517000c000 DEOPT UNPACKING pc=0x00007f5161005229 sp=0x00007f51773ca310 mode 2
Event: 7,816 Thread 0x00007f517000c000 Uncommon trap: trap_request=0xffffffd6 fr.pc=0x00007f516190999c
Event: 7,816 Thread 0x00007f517000c000 DEOPT PACKING pc=0x00007f516190999c sp=0x00007f51773ca3c0
Event: 7,816 Thread 0x00007f517000c000 DEOPT UNPACKING pc=0x00007f5161005229 sp=0x00007f51773ca368 mode 2
Event: 8,012 Executing VM operation: ParallelGCFailedAllocation


Dynamic libraries:
00400000-00401000 r-xp 00000000 08:05 5912381                            /usr/lib/jvm/java-8-oracle/bin/java
00600000-00601000 rw-p 00000000 08:05 5912381                            /usr/lib/jvm/java-8-oracle/bin/java
016db000-016fc000 rw-p 00000000 00:00 0                                  [heap]
c0000000-c2800000 rw-p 00000000 00:00 0 
c2800000-eab00000 ---p 00000000 00:00 0 
eab00000-f8700000 rw-p 00000000 00:00 0 
fff80000-100000000 ---p 00000000 00:00 0 
100000000-1000e0000 rw-p 00000000 00:00 0 
1000e0000-140000000 ---p 00000000 00:00 0 
7f5124000000-7f5124021000 rw-p 00000000 00:00 0 
7f5124021000-7f5128000000 ---p 00000000 00:00 0 
7f5128000000-7f5128021000 rw-p 00000000 00:00 0 
7f5128021000-7f512c000000 ---p 00000000 00:00 0 
7f512c000000-7f512c8c0000 rw-p 00000000 00:00 0 
7f512c8c0000-7f5130000000 ---p 00000000 00:00 0 
7f5130000000-7f5130646000 rw-p 00000000 00:00 0 
7f5130646000-7f5134000000 ---p 00000000 00:00 0 
7f5134000000-7f5134021000 rw-p 00000000 00:00 0 
7f5134021000-7f5138000000 ---p 00000000 00:00 0 
7f5138000000-7f51389b7000 rw-p 00000000 00:00 0 
7f51389b7000-7f513c000000 ---p 00000000 00:00 0 
7f513c000000-7f513c021000 rw-p 00000000 00:00 0 
7f513c021000-7f5140000000 ---p 00000000 00:00 0 
7f5140000000-7f5140021000 rw-p 00000000 00:00 0 
7f5140021000-7f5144000000 ---p 00000000 00:00 0 
7f5144000000-7f5144021000 rw-p 00000000 00:00 0 
7f5144021000-7f5148000000 ---p 00000000 00:00 0 
7f5148000000-7f514828c000 rw-p 00000000 00:00 0 
7f514828c000-7f514c000000 ---p 00000000 00:00 0 
7f514c000000-7f514c021000 rw-p 00000000 00:00 0 
7f514c021000-7f5150000000 ---p 00000000 00:00 0 
7f5153afb000-7f5153afc000 ---p 00000000 00:00 0 
7f5153afc000-7f5153bfc000 rw-p 00000000 00:00 0                          [stack:4087]
7f5153bfc000-7f5153bff000 ---p 00000000 00:00 0 
7f5153bff000-7f5153cfd000 rw-p 00000000 00:00 0                          [stack:4086]
7f5153cfd000-7f5153d00000 ---p 00000000 00:00 0 
7f5153d00000-7f5153dfe000 rw-p 00000000 00:00 0                          [stack:4085]
7f5153dfe000-7f5153e01000 ---p 00000000 00:00 0 
7f5153e01000-7f5153eff000 rw-p 00000000 00:00 0                          [stack:4084]
7f5153eff000-7f5153f02000 ---p 00000000 00:00 0 
7f5153f02000-7f5154000000 rw-p 00000000 00:00 0                          [stack:4083]
7f5154000000-7f5154021000 rw-p 00000000 00:00 0 
7f5154021000-7f5158000000 ---p 00000000 00:00 0 
7f51580b9000-7f51580de000 r--p 00000000 08:05 534102                     /usr/share/locale-langpack/pl/LC_MESSAGES/libc.mo
7f51580de000-7f51580e1000 ---p 00000000 00:00 0 
7f51580e1000-7f51581df000 rw-p 00000000 00:00 0                          [stack:4082]
7f51581df000-7f51589f2000 r--p 00000000 08:05 5905427                    /usr/lib/locale/locale-archive
7f51589f2000-7f51589f5000 ---p 00000000 00:00 0 
7f51589f5000-7f5158af3000 rw-p 00000000 00:00 0                          [stack:4081]
7f5158af3000-7f5158af6000 ---p 00000000 00:00 0 
7f5158af6000-7f5158bf4000 rw-p 00000000 00:00 0                          [stack:4080]
7f5158bf4000-7f5158bf5000 ---p 00000000 00:00 0 
7f5158bf5000-7f5159f40000 rw-p 00000000 00:00 0                          [stack:4079]
7f5159f40000-7f515a000000 ---p 00000000 00:00 0 
7f515a000000-7f515c000000 rw-p 00000000 00:00 0 
7f515c000000-7f515c021000 rw-p 00000000 00:00 0 
7f515c021000-7f5160000000 ---p 00000000 00:00 0 
7f516000c000-7f5160028000 r--s 00393000 08:05 5912064                    /usr/lib/jvm/java-8-oracle/jre/lib/ext/cldrdata.jar
7f5160028000-7f5160037000 r--s 000dd000 08:05 1981417                    /root/Android/Sdk/build-tools/22.0.1/lib/dx.jar
7f5160037000-7f51604cc000 rw-p 00000000 00:00 0 
7f51604cc000-7f51606a5000 r--s 03d09000 08:05 5912242                    /usr/lib/jvm/java-8-oracle/jre/lib/rt.jar
7f51606a5000-7f51608a5000 rw-p 00000000 00:00 0 
7f51608a5000-7f51608a6000 ---p 00000000 00:00 0 
7f51608a6000-7f51609a6000 rw-p 00000000 00:00 0                          [stack:4078]
7f51609a6000-7f51609a7000 ---p 00000000 00:00 0 
7f51609a7000-7f5160aa7000 rw-p 00000000 00:00 0                          [stack:4077]
7f5160aa7000-7f5160aa8000 ---p 00000000 00:00 0 
7f5160aa8000-7f5160ba8000 rw-p 00000000 00:00 0                          [stack:4076]
7f5160ba8000-7f5160ba9000 ---p 00000000 00:00 0 
7f5160ba9000-7f5160cbd000 rw-p 00000000 00:00 0                          [stack:4075]
7f5160cbd000-7f5160dff000 ---p 00000000 00:00 0 
7f5160dff000-7f5160e13000 rw-p 00000000 00:00 0 
7f5160e13000-7f5160f54000 ---p 00000000 00:00 0 
7f5160f54000-7f5160fc3000 rw-p 00000000 00:00 0 
7f5160fc3000-7f5160fff000 ---p 00000000 00:00 0 
7f5160fff000-7f5161000000 rw-p 00000000 00:00 0 
7f5161000000-7f5161930000 rwxp 00000000 00:00 0 
7f5161930000-7f5170000000 ---p 00000000 00:00 0 
7f5170000000-7f51703a0000 rw-p 00000000 00:00 0 
7f51703a0000-7f5174000000 ---p 00000000 00:00 0 
7f5174000000-7f517400b000 r--s 00116000 08:05 5912065                    /usr/lib/jvm/java-8-oracle/jre/lib/ext/localedata.jar
7f517400b000-7f51740c7000 rw-p 00000000 00:00 0 
7f51740c7000-7f5174462000 ---p 00000000 00:00 0 
7f5174462000-7f517447c000 r-xp 00000000 08:05 5912221                    /usr/lib/jvm/java-8-oracle/jre/lib/amd64/libzip.so
7f517447c000-7f517467c000 ---p 0001a000 08:05 5912221                    /usr/lib/jvm/java-8-oracle/jre/lib/amd64/libzip.so
7f517467c000-7f517467d000 rw-p 0001a000 08:05 5912221                    /usr/lib/jvm/java-8-oracle/jre/lib/amd64/libzip.so
7f517467d000-7f5174688000 r-xp 00000000 08:05 4718611                    /lib/x86_64-linux-gnu/libnss_files-2.19.so
7f5174688000-7f5174887000 ---p 0000b000 08:05 4718611                    /lib/x86_64-linux-gnu/libnss_files-2.19.so
7f5174887000-7f5174888000 r--p 0000a000 08:05 4718611                    /lib/x86_64-linux-gnu/libnss_files-2.19.so
7f5174888000-7f5174889000 rw-p 0000b000 08:05 4718611                    /lib/x86_64-linux-gnu/libnss_files-2.19.so
7f5174889000-7f5174894000 r-xp 00000000 08:05 4722600                    /lib/x86_64-linux-gnu/libnss_nis-2.19.so
7f5174894000-7f5174a93000 ---p 0000b000 08:05 4722600                    /lib/x86_64-linux-gnu/libnss_nis-2.19.so
7f5174a93000-7f5174a94000 r--p 0000a000 08:05 4722600                    /lib/x86_64-linux-gnu/libnss_nis-2.19.so
7f5174a94000-7f5174a95000 rw-p 0000b000 08:05 4722600                    /lib/x86_64-linux-gnu/libnss_nis-2.19.so
7f5174a95000-7f5174aac000 r-xp 00000000 08:05 4718686                    /lib/x86_64-linux-gnu/libnsl-2.19.so
7f5174aac000-7f5174cab000 ---p 00017000 08:05 4718686                    /lib/x86_64-linux-gnu/libnsl-2.19.so
7f5174cab000-7f5174cac000 r--p 00016000 08:05 4718686                    /lib/x86_64-linux-gnu/libnsl-2.19.so
7f5174cac000-7f5174cad000 rw-p 00017000 08:05 4718686                    /lib/x86_64-linux-gnu/libnsl-2.19.so
7f5174cad000-7f5174caf000 rw-p 00000000 00:00 0 
7f5174caf000-7f5174cb8000 r-xp 00000000 08:05 4718685                    /lib/x86_64-linux-gnu/libnss_compat-2.19.so
7f5174cb8000-7f5174eb7000 ---p 00009000 08:05 4718685                    /lib/x86_64-linux-gnu/libnss_compat-2.19.so
7f5174eb7000-7f5174eb8000 r--p 00008000 08:05 4718685                    /lib/x86_64-linux-gnu/libnss_compat-2.19.so
7f5174eb8000-7f5174eb9000 rw-p 00009000 08:05 4718685                    /lib/x86_64-linux-gnu/libnss_compat-2.19.so
7f5174eb9000-7f5174ee3000 r-xp 00000000 08:05 5912212                    /usr/lib/jvm/java-8-oracle/jre/lib/amd64/libjava.so
7f5174ee3000-7f51750e3000 ---p 0002a000 08:05 5912212                    /usr/lib/jvm/java-8-oracle/jre/lib/amd64/libjava.so
7f51750e3000-7f51750e5000 rw-p 0002a000 08:05 5912212                    /usr/lib/jvm/java-8-oracle/jre/lib/amd64/libjava.so
7f51750e5000-7f51750f2000 r-xp 00000000 08:05 5912207                    /usr/lib/jvm/java-8-oracle/jre/lib/amd64/libverify.so
7f51750f2000-7f51752f2000 ---p 0000d000 08:05 5912207                    /usr/lib/jvm/java-8-oracle/jre/lib/amd64/libverify.so
7f51752f2000-7f51752f4000 rw-p 0000d000 08:05 5912207                    /usr/lib/jvm/java-8-oracle/jre/lib/amd64/libverify.so
7f51752f4000-7f51752fb000 r-xp 00000000 08:05 4718694                    /lib/x86_64-linux-gnu/librt-2.19.so
7f51752fb000-7f51754fa000 ---p 00007000 08:05 4718694                    /lib/x86_64-linux-gnu/librt-2.19.so
7f51754fa000-7f51754fb000 r--p 00006000 08:05 4718694                    /lib/x86_64-linux-gnu/librt-2.19.so
7f51754fb000-7f51754fc000 rw-p 00007000 08:05 4718694                    /lib/x86_64-linux-gnu/librt-2.19.so
7f51754fc000-7f5175601000 r-xp 00000000 08:05 4718607                    /lib/x86_64-linux-gnu/libm-2.19.so
7f5175601000-7f5175800000 ---p 00105000 08:05 4718607                    /lib/x86_64-linux-gnu/libm-2.19.so
7f5175800000-7f5175801000 r--p 00104000 08:05 4718607                    /lib/x86_64-linux-gnu/libm-2.19.so
7f5175801000-7f5175802000 rw-p 00105000 08:05 4718607                    /lib/x86_64-linux-gnu/libm-2.19.so
7f5175802000-7f51764b0000 r-xp 00000000 08:05 5912216                    /usr/lib/jvm/java-8-oracle/jre/lib/amd64/server/libjvm.so
7f51764b0000-7f51766af000 ---p 00cae000 08:05 5912216                    /usr/lib/jvm/java-8-oracle/jre/lib/amd64/server/libjvm.so
7f51766af000-7f5176786000 rw-p 00cad000 08:05 5912216                    /usr/lib/jvm/java-8-oracle/jre/lib/amd64/server/libjvm.so
7f5176786000-7f51767ca000 rw-p 00000000 00:00 0 
7f51767ca000-7f5176985000 r-xp 00000000 08:05 4718691                    /lib/x86_64-linux-gnu/libc-2.19.so
7f5176985000-7f5176b84000 ---p 001bb000 08:05 4718691                    /lib/x86_64-linux-gnu/libc-2.19.so
7f5176b84000-7f5176b88000 r--p 001ba000 08:05 4718691                    /lib/x86_64-linux-gnu/libc-2.19.so
7f5176b88000-7f5176b8a000 rw-p 001be000 08:05 4718691                    /lib/x86_64-linux-gnu/libc-2.19.so
7f5176b8a000-7f5176b8f000 rw-p 00000000 00:00 0 
7f5176b8f000-7f5176b92000 r-xp 00000000 08:05 4718622                    /lib/x86_64-linux-gnu/libdl-2.19.so
7f5176b92000-7f5176d91000 ---p 00003000 08:05 4718622                    /lib/x86_64-linux-gnu/libdl-2.19.so
7f5176d91000-7f5176d92000 r--p 00002000 08:05 4718622                    /lib/x86_64-linux-gnu/libdl-2.19.so
7f5176d92000-7f5176d93000 rw-p 00003000 08:05 4718622                    /lib/x86_64-linux-gnu/libdl-2.19.so
7f5176d93000-7f5176da8000 r-xp 00000000 08:05 5913122                    /usr/lib/jvm/java-8-oracle/lib/amd64/jli/libjli.so
7f5176da8000-7f5176fa8000 ---p 00015000 08:05 5913122                    /usr/lib/jvm/java-8-oracle/lib/amd64/jli/libjli.so
7f5176fa8000-7f5176fa9000 rw-p 00015000 08:05 5913122                    /usr/lib/jvm/java-8-oracle/lib/amd64/jli/libjli.so
7f5176fa9000-7f5176fc2000 r-xp 00000000 08:05 4718692                    /lib/x86_64-linux-gnu/libpthread-2.19.so
7f5176fc2000-7f51771c1000 ---p 00019000 08:05 4718692                    /lib/x86_64-linux-gnu/libpthread-2.19.so
7f51771c1000-7f51771c2000 r--p 00018000 08:05 4718692                    /lib/x86_64-linux-gnu/libpthread-2.19.so
7f51771c2000-7f51771c3000 rw-p 00019000 08:05 4718692                    /lib/x86_64-linux-gnu/libpthread-2.19.so
7f51771c3000-7f51771c7000 rw-p 00000000 00:00 0 
7f51771c7000-7f51771ea000 r-xp 00000000 08:05 4718688                    /lib/x86_64-linux-gnu/ld-2.19.so
7f51771f2000-7f51772cb000 rw-p 00000000 00:00 0 
7f51772cb000-7f51772ce000 ---p 00000000 00:00 0 
7f51772ce000-7f51773d1000 rw-p 00000000 00:00 0                          [stack:4074]
7f51773d1000-7f51773d8000 r--s 00000000 08:05 6167872                    /usr/lib/x86_64-linux-gnu/gconv/gconv-modules.cache
7f51773d8000-7f51773dd000 r--s 00094000 08:05 5912296                    /usr/lib/jvm/java-8-oracle/jre/lib/jsse.jar
7f51773dd000-7f51773e5000 rw-s 00000000 08:05 4456495                    /tmp/hsperfdata_root/4069
7f51773e5000-7f51773e6000 rw-p 00000000 00:00 0 
7f51773e6000-7f51773e7000 ---p 00000000 00:00 0 
7f51773e7000-7f51773e9000 rw-p 00000000 00:00 0 
7f51773e9000-7f51773ea000 r--p 00022000 08:05 4718688                    /lib/x86_64-linux-gnu/ld-2.19.so
7f51773ea000-7f51773eb000 rw-p 00023000 08:05 4718688                    /lib/x86_64-linux-gnu/ld-2.19.so
7f51773eb000-7f51773ec000 rw-p 00000000 00:00 0 
7ffcb3c5b000-7ffcb3c7d000 rw-p 00000000 00:00 0                          [stack]
7ffcb3c7f000-7ffcb3c81000 r-xp 00000000 00:00 0                          [vdso]
7ffcb3c81000-7ffcb3c83000 r--p 00000000 00:00 0                          [vvar]
ffffffffff600000-ffffffffff601000 r-xp 00000000 00:00 0                  [vsyscall]

VM Arguments:
jvm_args: -Xmx1024M -Dfile.encoding=UTF-8 -Duser.country=PL -Duser.language=pl -Duser.variant 
java_command: com.android.dx.command.Main --dex --output /media/lukas121213/Data/repozytorium inz/superniania-inzynierka/SuperNiania/app/build/intermediates/dex/debug /media/lukas121213/Data/repozytorium inz/superniania-inzynierka/SuperNiania/app/build/intermediates/classes/debug /media/lukas121213/Data/repozytorium inz/superniania-inzynierka/SuperNiania/app/build/intermediates/pre-dexed/debug/support-annotations-22.0.0-5c3eb70b57859c75c7a27e70cee70709b060b059.jar /media/lukas121213/Data/repozytorium inz/superniania-inzynierka/SuperNiania/app/build/intermediates/pre-dexed/debug/classes-2209cf3cd09ad27ce74d81a838195fca163cf526.jar /media/lukas121213/Data/repozytorium inz/superniania-inzynierka/SuperNiania/app/build/intermediates/pre-dexed/debug/classes-0630c90ec0621138e01fd12c1bb5d9842841a398.jar /media/lukas121213/Data/repozytorium inz/superniania-inzynierka/SuperNiania/app/build/intermediates/pre-dexed/debug/classes-38fb6e6e4e264a19987241b98578ec8cdf55411c.jar /media/lukas121213/Data/repozytorium inz/superniania-inzynierka/SuperNiania/app/build/intermediates/pre-dexed/debug/classes-12eb190630f82f7e1ea02e1aa7c607a80bd89368.jar /media/lukas121213/Data/repozytorium inz/superniania-inzynierka/SuperNiania/app/build/intermediates/pre-dexed/debug/classes-3a8e601147ab1b9c37d047ba47370306423b9f90.jar /media/lukas121213/Data/repozytorium inz/superniania-inzynierka/SuperNiania/app/build/intermediates/pre-dexed/debug/classes-1aeaeebd79b9610b1220a67aaec1834584966337.jar /media/lukas121213/Data/repozytorium inz/superniania-inzynierka/SuperNiania/app/build/intermediates/pre-dexed/debug/classes-a7c45930c00b03c137a15b72c46b789bf7d403c4.jar /media/lukas121213/Data/repozytorium inz/superniania-inzynierka/SuperNiania/app/build/intermediates/pre-dexed/debug/classes-92d6bc39b290e5ebc06e5b73f3b1e5e6e3c092a9.jar /media/lukas121213/Data/repozytorium inz/superniania-inzynierka/SuperNiania/app/build/intermediates/pre-dexed/debug/classes-ee988fa70e23b8c5417559ebdee1202d8f0542ea.jar /media/l
java_class_path (initial): /root/Android/Sdk/build-tools/22.0.1/lib/dx.jar
Launcher Type: SUN_STANDARD

Environment Variables:
PATH=/usr/local/sbin:/usr/local/bin:/usr/sbin:/usr/bin:/sbin:/bin:/usr/games:/usr/local/games
USERNAME=root
LD_LIBRARY_PATH=.:
SHELL=/bin/bash
DISPLAY=:0

Signal Handlers:
SIGSEGV: [libjvm.so+0xaad1e0], sa_mask[0]=11111111011111111101111111111110, sa_flags=SA_RESTART|SA_SIGINFO
SIGBUS: [libjvm.so+0xaad1e0], sa_mask[0]=11111111011111111101111111111110, sa_flags=SA_RESTART|SA_SIGINFO
SIGFPE: [libjvm.so+0x90b450], sa_mask[0]=11111111011111111101111111111110, sa_flags=SA_RESTART|SA_SIGINFO
SIGPIPE: [libjvm.so+0x90b450], sa_mask[0]=11111111011111111101111111111110, sa_flags=SA_RESTART|SA_SIGINFO
SIGXFSZ: [libjvm.so+0x90b450], sa_mask[0]=11111111011111111101111111111110, sa_flags=SA_RESTART|SA_SIGINFO
SIGILL: [libjvm.so+0x90b450], sa_mask[0]=11111111011111111101111111111110, sa_flags=SA_RESTART|SA_SIGINFO
SIGUSR1: SIG_DFL, sa_mask[0]=00000000000000000000000000000000, sa_flags=none
SIGUSR2: [libjvm.so+0x90ca90], sa_mask[0]=00100000000000000000000000000000, sa_flags=SA_RESTART|SA_SIGINFO
SIGHUP: [libjvm.so+0x90dde0], sa_mask[0]=11111111011111111101111111111110, sa_flags=SA_RESTART|SA_SIGINFO
SIGINT: [libjvm.so+0x90dde0], sa_mask[0]=11111111011111111101111111111110, sa_flags=SA_RESTART|SA_SIGINFO
SIGTERM: [libjvm.so+0x90dde0], sa_mask[0]=11111111011111111101111111111110, sa_flags=SA_RESTART|SA_SIGINFO
SIGQUIT: [libjvm.so+0x90dde0], sa_mask[0]=11111111011111111101111111111110, sa_flags=SA_RESTART|SA_SIGINFO


---------------  S Y S T E M  ---------------

OS:DISTRIB_ID=Ubuntu
DISTRIB_RELEASE=14.04
DISTRIB_CODENAME=trusty
DISTRIB_DESCRIPTION="Ubuntu 14.04.2 LTS"

uname:Linux 3.16.0-44-generic #59~14.04.1-Ubuntu SMP Tue Jul 7 15:07:27 UTC 2015 x86_64
libc:glibc 2.19 NPTL 2.19 
rlimit: STACK 8192k, CORE 0k, NPROC 15181, NOFILE 4096, AS infinity
load average:2,26 1,37 1,20

/proc/meminfo:
MemTotal:        3931116 kB
MemFree:          118548 kB
MemAvailable:      86880 kB
Buffers:            1764 kB
Cached:           329788 kB
SwapCached:            0 kB
Active:          3352364 kB
Inactive:         285216 kB
Active(anon):    3320184 kB
Inactive(anon):   249956 kB
Active(file):      32180 kB
Inactive(file):    35260 kB
Unevictable:          32 kB
Mlocked:              32 kB
SwapTotal:             0 kB
SwapFree:              0 kB
Dirty:              4748 kB
Writeback:             0 kB
AnonPages:       3306312 kB
Mapped:           109828 kB
Shmem:            263860 kB
Slab:              72928 kB
SReclaimable:      38156 kB
SUnreclaim:        34772 kB
KernelStack:       10720 kB
PageTables:        38276 kB
NFS_Unstable:          0 kB
Bounce:                0 kB
WritebackTmp:          0 kB
CommitLimit:     1965556 kB
Committed_AS:    6567420 kB
VmallocTotal:   34359738367 kB
VmallocUsed:      348156 kB
VmallocChunk:   34359299176 kB
HardwareCorrupted:     0 kB
AnonHugePages:   1112064 kB
HugePages_Total:       0
HugePages_Free:        0
HugePages_Rsvd:        0
HugePages_Surp:        0
Hugepagesize:       2048 kB
DirectMap4k:       79968 kB
DirectMap2M:     3997696 kB


CPU:total 4 (2 cores per cpu, 2 threads per core) family 6 model 58 stepping 9, cmov, cx8, fxsr, mmx, sse, sse2, sse3, ssse3, sse4.1, sse4.2, popcnt, avx, clmul, erms, ht, tsc, tscinvbit, tscinv

/proc/cpuinfo:
processor	: 0
vendor_id	: GenuineIntel
cpu family	: 6
model		: 58
model name	: Intel(R) Core(TM) i3-3217U CPU @ 1.80GHz
stepping	: 9
microcode	: 0x16
cpu MHz		: 1785.445
cache size	: 3072 KB
physical id	: 0
siblings	: 4
core id		: 0
cpu cores	: 2
apicid		: 0
initial apicid	: 0
fpu		: yes
fpu_exception	: yes
cpuid level	: 13
wp		: yes
flags		: fpu vme de pse tsc msr pae mce cx8 apic sep mtrr pge mca cmov pat pse36 clflush dts acpi mmx fxsr sse sse2 ss ht tm pbe syscall nx rdtscp lm constant_tsc arch_perfmon pebs bts rep_good nopl xtopology nonstop_tsc aperfmperf eagerfpu pni pclmulqdq dtes64 monitor ds_cpl vmx est tm2 ssse3 cx16 xtpr pdcm pcid sse4_1 sse4_2 x2apic popcnt tsc_deadline_timer xsave avx f16c lahf_lm ida arat epb xsaveopt pln pts dtherm tpr_shadow vnmi flexpriority ept vpid fsgsbase smep erms
bogomips	: 3592.12
clflush size	: 64
cache_alignment	: 64
address sizes	: 36 bits physical, 48 bits virtual
power management:

processor	: 1
vendor_id	: GenuineIntel
cpu family	: 6
model		: 58
model name	: Intel(R) Core(TM) i3-3217U CPU @ 1.80GHz
stepping	: 9
microcode	: 0x16
cpu MHz		: 1757.882
cache size	: 3072 KB
physical id	: 0
siblings	: 4
core id		: 1
cpu cores	: 2
apicid		: 2
initial apicid	: 2
fpu		: yes
fpu_exception	: yes
cpuid level	: 13
wp		: yes
flags		: fpu vme de pse tsc msr pae mce cx8 apic sep mtrr pge mca cmov pat pse36 clflush dts acpi mmx fxsr sse sse2 ss ht tm pbe syscall nx rdtscp lm constant_tsc arch_perfmon pebs bts rep_good nopl xtopology nonstop_tsc aperfmperf eagerfpu pni pclmulqdq dtes64 monitor ds_cpl vmx est tm2 ssse3 cx16 xtpr pdcm pcid sse4_1 sse4_2 x2apic popcnt tsc_deadline_timer xsave avx f16c lahf_lm ida arat epb xsaveopt pln pts dtherm tpr_shadow vnmi flexpriority ept vpid fsgsbase smep erms
bogomips	: 3592.12
clflush size	: 64
cache_alignment	: 64
address sizes	: 36 bits physical, 48 bits virtual
power management:

processor	: 2
vendor_id	: GenuineIntel
cpu family	: 6
model		: 58
model name	: Intel(R) Core(TM) i3-3217U CPU @ 1.80GHz
stepping	: 9
microcode	: 0x16
cpu MHz		: 1800.000
cache size	: 3072 KB
physical id	: 0
siblings	: 4
core id		: 0
cpu cores	: 2
apicid		: 1
initial apicid	: 1
fpu		: yes
fpu_exception	: yes
cpuid level	: 13
wp		: yes
flags		: fpu vme de pse tsc msr pae mce cx8 apic sep mtrr pge mca cmov pat pse36 clflush dts acpi mmx fxsr sse sse2 ss ht tm pbe syscall nx rdtscp lm constant_tsc arch_perfmon pebs bts rep_good nopl xtopology nonstop_tsc aperfmperf eagerfpu pni pclmulqdq dtes64 monitor ds_cpl vmx est tm2 ssse3 cx16 xtpr pdcm pcid sse4_1 sse4_2 x2apic popcnt tsc_deadline_timer xsave avx f16c lahf_lm ida arat epb xsaveopt pln pts dtherm tpr_shadow vnmi flexpriority ept vpid fsgsbase smep erms
bogomips	: 3592.12
clflush size	: 64
cache_alignment	: 64
address sizes	: 36 bits physical, 48 bits virtual
power management:

processor	: 3
vendor_id	: GenuineIntel
cpu family	: 6
model		: 58
model name	: Intel(R) Core(TM) i3-3217U CPU @ 1.80GHz
stepping	: 9
microcode	: 0x16
cpu MHz		: 1785.164
cache size	: 3072 KB
physical id	: 0
siblings	: 4
core id		: 1
cpu cores	: 2
apicid		: 3
initial apicid	: 3
fpu		: yes
fpu_exception	: yes
cpuid level	: 13
wp		: yes
flags		: fpu vme de pse tsc msr pae mce cx8 apic sep mtrr pge mca cmov pat pse36 clflush dts acpi mmx fxsr sse sse2 ss ht tm pbe syscall nx rdtscp lm constant_tsc arch_perfmon pebs bts rep_good nopl xtopology nonstop_tsc aperfmperf eagerfpu pni pclmulqdq dtes64 monitor ds_cpl vmx est tm2 ssse3 cx16 xtpr pdcm pcid sse4_1 sse4_2 x2apic popcnt tsc_deadline_timer xsave avx f16c lahf_lm ida arat epb xsaveopt pln pts dtherm tpr_shadow vnmi flexpriority ept vpid fsgsbase smep erms
bogomips	: 3592.12
clflush size	: 64
cache_alignment	: 64
address sizes	: 36 bits physical, 48 bits virtual
power management:



Memory: 4k page, physical 3931116k(118300k free), swap 0k(0k free)

vm_info: Java HotSpot(TM) 64-Bit Server VM (25.45-b02) for linux-amd64 JRE (1.8.0_45-b14), built on Apr 10 2015 10:07:45 by "java_re" with gcc 4.3.0 20080428 (Red Hat 4.3.0-8)

time: Mon Jul 27 22:20:40 2015
elapsed time: 10 seconds (0d 0h 0m 10s)

