#
# There is insufficient memory for the Java Runtime Environment to continue.
# Native memory allocation (mmap) failed to map 124780544 bytes for committing reserved memory.
# Possible reasons:
#   The system is out of physical RAM or swap space
#   In 32 bit mode, the process size limit was hit
# Possible solutions:
#   Reduce memory load on the system
#   Increase physical memory or swap space
#   Check if swap backing store is full
#   Use 64 bit Java on a 64 bit OS
#   Decrease Java heap size (-Xmx/-Xms)
#   Decrease number of Java threads
#   Decrease Java thread stack sizes (-Xss)
#   Set larger code cache with -XX:ReservedCodeCacheSize=
# This output file may be truncated or incomplete.
#
#  Out of Memory Error (os_linux.cpp:2673), pid=9625, tid=139939164096256
#
# JRE version: Java(TM) SE Runtime Environment (8.0_45-b14) (build 1.8.0_45-b14)
# Java VM: Java HotSpot(TM) 64-Bit Server VM (25.45-b02 mixed mode linux-amd64 compressed oops)
# Failed to write core dump. Core dumps have been disabled. To enable core dumping, try "ulimit -c unlimited" before starting Java again
#

---------------  T H R E A D  ---------------

Current thread (0x00007f461c07a000):  VMThread [stack: 0x00007f46201a8000,0x00007f46202a9000] [id=9635]

Stack: [0x00007f46201a8000,0x00007f46202a9000],  sp=0x00007f46202a7060,  free space=1020k
Native frames: (J=compiled Java code, j=interpreted, Vv=VM code, C=native code)
V  [libjvm.so+0xaac99a]  VMError::report_and_die()+0x2ba
V  [libjvm.so+0x4f333b]  report_vm_out_of_memory(char const*, int, unsigned long, VMErrorType, char const*)+0x8b
V  [libjvm.so+0x90e7c3]  os::Linux::commit_memory_impl(char*, unsigned long, bool)+0x103
V  [libjvm.so+0x90ed19]  os::pd_commit_memory(char*, unsigned long, unsigned long, bool)+0x29
V  [libjvm.so+0x90867a]  os::commit_memory(char*, unsigned long, unsigned long, bool)+0x2a
V  [libjvm.so+0x97bac3]  PSVirtualSpace::expand_by(unsigned long)+0x53
V  [libjvm.so+0x97cec8]  PSYoungGen::resize_generation(unsigned long, unsigned long)+0xf8
V  [libjvm.so+0x97c022]  PSYoungGen::resize(unsigned long, unsigned long)+0x22
V  [libjvm.so+0x9792fb]  PSScavenge::invoke_no_policy()+0xf7b
V  [libjvm.so+0x979a81]  PSScavenge::invoke()+0x41
V  [libjvm.so+0x932050]  ParallelScavengeHeap::failed_mem_allocate(unsigned long)+0x70
V  [libjvm.so+0xaae1d7]  VM_ParallelGCFailedAllocation::doit()+0x97
V  [libjvm.so+0xab59c5]  VM_Operation::evaluate()+0x55
V  [libjvm.so+0xab3d9a]  VMThread::evaluate_operation(VM_Operation*)+0xba
V  [libjvm.so+0xab411e]  VMThread::loop()+0x1ce
V  [libjvm.so+0xab4590]  VMThread::run()+0x70
V  [libjvm.so+0x910de8]  java_start(Thread*)+0x108

VM_Operation (0x00007f462593c1c0): ParallelGCFailedAllocation, mode: safepoint, requested by thread 0x00007f461c00c000


---------------  P R O C E S S  ---------------

Java Threads: ( => current thread )
  0x00007f461c0c4800 JavaThread "Service Thread" daemon [_thread_blocked, id=9642, stack(0x00007f460c1e7000,0x00007f460c2e8000)]
  0x00007f461c0bf800 JavaThread "C1 CompilerThread2" daemon [_thread_blocked, id=9641, stack(0x00007f460c2e8000,0x00007f460c3e9000)]
  0x00007f461c0bd800 JavaThread "C2 CompilerThread1" daemon [_thread_blocked, id=9640, stack(0x00007f460c3e9000,0x00007f460c4ea000)]
  0x00007f461c0ba800 JavaThread "C2 CompilerThread0" daemon [_thread_blocked, id=9639, stack(0x00007f460c4ea000,0x00007f460c5eb000)]
  0x00007f461c0b9800 JavaThread "Signal Dispatcher" daemon [_thread_blocked, id=9638, stack(0x00007f460c5eb000,0x00007f460c6ec000)]
  0x00007f461c081000 JavaThread "Finalizer" daemon [_thread_blocked, id=9637, stack(0x00007f460ceff000,0x00007f460d000000)]
  0x00007f461c07f000 JavaThread "Reference Handler" daemon [_thread_blocked, id=9636, stack(0x00007f46200a7000,0x00007f46201a8000)]
  0x00007f461c00c000 JavaThread "main" [_thread_blocked, id=9630, stack(0x00007f462583d000,0x00007f462593e000)]

Other Threads:
=>0x00007f461c07a000 VMThread [stack: 0x00007f46201a8000,0x00007f46202a9000] [id=9635]
  0x00007f461c0c7000 WatcherThread [stack: 0x00007f460c0e6000,0x00007f460c1e7000] [id=9643]

VM state:at safepoint (normal execution)

VM Mutex/Monitor currently owned by a thread:  ([mutex/lock_event])
[0x00007f461c0085f0] Threads_lock - owner thread: 0x00007f461c07a000
[0x00007f461c008af0] Heap_lock - owner thread: 0x00007f461c00c000

Heap:
 PSYoungGen      total 203776K, used 10720K [0x00000000eab00000, 0x00000000f7d00000, 0x0000000100000000)
  eden space 193024K, 0% used [0x00000000eab00000,0x00000000eab00000,0x00000000f6780000)
  from space 10752K, 99% used [0x00000000f6780000,0x00000000f71f8090,0x00000000f7200000)
  to   space 10240K, 0% used [0x00000000f7200000,0x00000000f7200000,0x00000000f7c00000)
 ParOldGen       total 40960K, used 33437K [0x00000000c0000000, 0x00000000c2800000, 0x00000000eab00000)
  object space 40960K, 81% used [0x00000000c0000000,0x00000000c20a7788,0x00000000c2800000)
 Metaspace       used 7806K, capacity 8040K, committed 8320K, reserved 1056768K
  class space    used 755K, capacity 787K, committed 896K, reserved 1048576K

Card table byte_map: [0x00007f4622413000,0x00007f4622614000] byte_map_base: 0x00007f4621e13000

Marking Bits: (ParMarkBitMap*) 0x00007f4624d11760
 Begin Bits: [0x00007f4606000000, 0x00007f4607000000)
 End Bits:   [0x00007f4607000000, 0x00007f4608000000)

Polling page: 0x00007f4625958000

CodeCache: size=245760Kb used=9451Kb max_used=9454Kb free=236308Kb
 bounds [0x00007f460d000000, 0x00007f460d950000, 0x00007f461c000000]
 total_blobs=2969 nmethods=2672 adapters=210
 compilation: enabled

Compilation events (10 events):
Event: 8,468 Thread 0x00007f461c0bf800 nmethod 2751 0x00007f460d93bf10 code [0x00007f460d93c0a0, 0x00007f460d93c530]
Event: 8,494 Thread 0x00007f461c0ba800 nmethod 2744% 0x00007f460d9458d0 code [0x00007f460d945ae0, 0x00007f460d946878]
Event: 8,494 Thread 0x00007f461c0ba800 2750       4       java.util.TimSort::binarySort (223 bytes)
Event: 8,517 Thread 0x00007f461c0ba800 nmethod 2750 0x00007f460d947490 code [0x00007f460d947620, 0x00007f460d947cf8]
Event: 8,517 Thread 0x00007f461c0ba800 2748       4       com.android.dex.Dex$Section::getBytesFrom (34 bytes)
Event: 8,525 Thread 0x00007f461c0ba800 nmethod 2748 0x00007f460d93b610 code [0x00007f460d93b780, 0x00007f460d93bad8]
Event: 8,613 Thread 0x00007f461c0bf800 2752       3       com.android.dx.io.instructions.InstructionCodec$17::decode (46 bytes)
Event: 8,615 Thread 0x00007f461c0bf800 nmethod 2752 0x00007f460d941310 code [0x00007f460d941500, 0x00007f460d941d58]
Event: 8,615 Thread 0x00007f461c0bf800 2753       3       com.android.dx.io.instructions.InstructionCodec$17::encode (29 bytes)
Event: 8,616 Thread 0x00007f461c0bf800 nmethod 2753 0x00007f460d944750 code [0x00007f460d944940, 0x00007f460d945448]

GC Heap History (10 events):
Event: 6,185 GC heap after
Heap after GC invocations=6 (full 0):
 PSYoungGen      total 69120K, used 6768K [0x00000000eab00000, 0x00000000ef800000, 0x0000000100000000)
  eden space 60928K, 0% used [0x00000000eab00000,0x00000000eab00000,0x00000000ee680000)
  from space 8192K, 82% used [0x00000000eef00000,0x00000000ef59c0b8,0x00000000ef700000)
  to   space 8704K, 0% used [0x00000000ee680000,0x00000000ee680000,0x00000000eef00000)
 ParOldGen       total 40960K, used 14694K [0x00000000c0000000, 0x00000000c2800000, 0x00000000eab00000)
  object space 40960K, 35% used [0x00000000c0000000,0x00000000c0e599a0,0x00000000c2800000)
 Metaspace       used 7682K, capacity 8002K, committed 8192K, reserved 1056768K
  class space    used 747K, capacity 754K, committed 768K, reserved 1048576K
}
Event: 6,480 GC heap before
{Heap before GC invocations=7 (full 0):
 PSYoungGen      total 69120K, used 67696K [0x00000000eab00000, 0x00000000ef800000, 0x0000000100000000)
  eden space 60928K, 100% used [0x00000000eab00000,0x00000000ee680000,0x00000000ee680000)
  from space 8192K, 82% used [0x00000000eef00000,0x00000000ef59c0b8,0x00000000ef700000)
  to   space 8704K, 0% used [0x00000000ee680000,0x00000000ee680000,0x00000000eef00000)
 ParOldGen       total 40960K, used 14694K [0x00000000c0000000, 0x00000000c2800000, 0x00000000eab00000)
  object space 40960K, 35% used [0x00000000c0000000,0x00000000c0e599a0,0x00000000c2800000)
 Metaspace       used 7786K, capacity 8040K, committed 8320K, reserved 1056768K
  class space    used 755K, capacity 787K, committed 896K, reserved 1048576K
Event: 6,500 GC heap after
Heap after GC invocations=7 (full 0):
 PSYoungGen      total 69632K, used 8501K [0x00000000eab00000, 0x00000000f3500000, 0x0000000100000000)
  eden space 60928K, 0% used [0x00000000eab00000,0x00000000eab00000,0x00000000ee680000)
  from space 8704K, 97% used [0x00000000ee680000,0x00000000eeecd5b0,0x00000000eef00000)
  to   space 9728K, 0% used [0x00000000f2b80000,0x00000000f2b80000,0x00000000f3500000)
 ParOldGen       total 40960K, used 16672K [0x00000000c0000000, 0x00000000c2800000, 0x00000000eab00000)
  object space 40960K, 40% used [0x00000000c0000000,0x00000000c1048098,0x00000000c2800000)
 Metaspace       used 7786K, capacity 8040K, committed 8320K, reserved 1056768K
  class space    used 755K, capacity 787K, committed 896K, reserved 1048576K
}
Event: 6,752 GC heap before
{Heap before GC invocations=8 (full 0):
 PSYoungGen      total 69632K, used 69429K [0x00000000eab00000, 0x00000000f3500000, 0x0000000100000000)
  eden space 60928K, 100% used [0x00000000eab00000,0x00000000ee680000,0x00000000ee680000)
  from space 8704K, 97% used [0x00000000ee680000,0x00000000eeecd5b0,0x00000000eef00000)
  to   space 9728K, 0% used [0x00000000f2b80000,0x00000000f2b80000,0x00000000f3500000)
 ParOldGen       total 40960K, used 16672K [0x00000000c0000000, 0x00000000c2800000, 0x00000000eab00000)
  object space 40960K, 40% used [0x00000000c0000000,0x00000000c1048098,0x00000000c2800000)
 Metaspace       used 7794K, capacity 8040K, committed 8320K, reserved 1056768K
  class space    used 755K, capacity 787K, committed 896K, reserved 1048576K
Event: 6,766 GC heap after
Heap after GC invocations=8 (full 0):
 PSYoungGen      total 130560K, used 9451K [0x00000000eab00000, 0x00000000f3700000, 0x0000000100000000)
  eden space 120832K, 0% used [0x00000000eab00000,0x00000000eab00000,0x00000000f2100000)
  from space 9728K, 97% used [0x00000000f2b80000,0x00000000f34bad90,0x00000000f3500000)
  to   space 10752K, 0% used [0x00000000f2100000,0x00000000f2100000,0x00000000f2b80000)
 ParOldGen       total 40960K, used 17192K [0x00000000c0000000, 0x00000000c2800000, 0x00000000eab00000)
  object space 40960K, 41% used [0x00000000c0000000,0x00000000c10ca0b0,0x00000000c2800000)
 Metaspace       used 7794K, capacity 8040K, committed 8320K, reserved 1056768K
  class space    used 755K, capacity 787K, committed 896K, reserved 1048576K
}
Event: 7,278 GC heap before
{Heap before GC invocations=9 (full 0):
 PSYoungGen      total 130560K, used 130283K [0x00000000eab00000, 0x00000000f3700000, 0x0000000100000000)
  eden space 120832K, 100% used [0x00000000eab00000,0x00000000f2100000,0x00000000f2100000)
  from space 9728K, 97% used [0x00000000f2b80000,0x00000000f34bad90,0x00000000f3500000)
  to   space 10752K, 0% used [0x00000000f2100000,0x00000000f2100000,0x00000000f2b80000)
 ParOldGen       total 40960K, used 17192K [0x00000000c0000000, 0x00000000c2800000, 0x00000000eab00000)
  object space 40960K, 41% used [0x00000000c0000000,0x00000000c10ca0b0,0x00000000c2800000)
 Metaspace       used 7799K, capacity 8040K, committed 8320K, reserved 1056768K
  class space    used 755K, capacity 787K, committed 896K, reserved 1048576K
Event: 7,293 GC heap after
Heap after GC invocations=9 (full 0):
 PSYoungGen      total 131584K, used 5870K [0x00000000eab00000, 0x00000000f7c00000, 0x0000000100000000)
  eden space 120832K, 0% used [0x00000000eab00000,0x00000000eab00000,0x00000000f2100000)
  from space 10752K, 54% used [0x00000000f2100000,0x00000000f26bb890,0x00000000f2b80000)
  to   space 10240K, 0% used [0x00000000f7200000,0x00000000f7200000,0x00000000f7c00000)
 ParOldGen       total 40960K, used 17272K [0x00000000c0000000, 0x00000000c2800000, 0x00000000eab00000)
  object space 40960K, 42% used [0x00000000c0000000,0x00000000c10de0b0,0x00000000c2800000)
 Metaspace       used 7799K, capacity 8040K, committed 8320K, reserved 1056768K
  class space    used 755K, capacity 787K, committed 896K, reserved 1048576K
}
Event: 7,800 GC heap before
{Heap before GC invocations=10 (full 0):
 PSYoungGen      total 131584K, used 126702K [0x00000000eab00000, 0x00000000f7c00000, 0x0000000100000000)
  eden space 120832K, 100% used [0x00000000eab00000,0x00000000f2100000,0x00000000f2100000)
  from space 10752K, 54% used [0x00000000f2100000,0x00000000f26bb890,0x00000000f2b80000)
  to   space 10240K, 0% used [0x00000000f7200000,0x00000000f7200000,0x00000000f7c00000)
 ParOldGen       total 40960K, used 17272K [0x00000000c0000000, 0x00000000c2800000, 0x00000000eab00000)
  object space 40960K, 42% used [0x00000000c0000000,0x00000000c10de0b0,0x00000000c2800000)
 Metaspace       used 7804K, capacity 8040K, committed 8320K, reserved 1056768K
  class space    used 755K, capacity 787K, committed 896K, reserved 1048576K
Event: 7,875 GC heap after
Heap after GC invocations=10 (full 0):
 PSYoungGen      total 203264K, used 8188K [0x00000000eab00000, 0x00000000f7d00000, 0x0000000100000000)
  eden space 193024K, 0% used [0x00000000eab00000,0x00000000eab00000,0x00000000f6780000)
  from space 10240K, 79% used [0x00000000f7200000,0x00000000f79ff210,0x00000000f7c00000)
  to   space 10752K, 0% used [0x00000000f6780000,0x00000000f6780000,0x00000000f7200000)
 ParOldGen       total 40960K, used 28374K [0x00000000c0000000, 0x00000000c2800000, 0x00000000eab00000)
  object space 40960K, 69% used [0x00000000c0000000,0x00000000c1bb5828,0x00000000c2800000)
 Metaspace       used 7804K, capacity 8040K, committed 8320K, reserved 1056768K
  class space    used 755K, capacity 787K, committed 896K, reserved 1048576K
}
Event: 8,662 GC heap before
{Heap before GC invocations=11 (full 0):
 PSYoungGen      total 203264K, used 201212K [0x00000000eab00000, 0x00000000f7d00000, 0x0000000100000000)
  eden space 193024K, 100% used [0x00000000eab00000,0x00000000f6780000,0x00000000f6780000)
  from space 10240K, 79% used [0x00000000f7200000,0x00000000f79ff210,0x00000000f7c00000)
  to   space 10752K, 0% used [0x00000000f6780000,0x00000000f6780000,0x00000000f7200000)
 ParOldGen       total 40960K, used 28374K [0x00000000c0000000, 0x00000000c2800000, 0x00000000eab00000)
  object space 40960K, 69% used [0x00000000c0000000,0x00000000c1bb5828,0x00000000c2800000)
 Metaspace       used 7806K, capacity 8040K, committed 8320K, reserved 1056768K
  class space    used 755K, capacity 787K, committed 896K, reserved 1048576K

Deoptimization events (10 events):
Event: 5,429 Thread 0x00007f461c00c000 Uncommon trap: reason=class_check action=maybe_recompile pc=0x00007f460d437df8 method=java.util.ArrayList.<init>(Ljava/util/Collection;)V @ 6
Event: 5,515 Thread 0x00007f461c00c000 Uncommon trap: reason=class_check action=maybe_recompile pc=0x00007f460d437df8 method=java.util.ArrayList.<init>(Ljava/util/Collection;)V @ 6
Event: 5,595 Thread 0x00007f461c00c000 Uncommon trap: reason=predicate action=maybe_recompile pc=0x00007f460d72de18 method=com.android.dex.Leb128.readUnsignedLeb128(Lcom/android/dex/util/ByteInput;)I @ 41
Event: 5,762 Thread 0x00007f461c00c000 Uncommon trap: reason=unstable_if action=reinterpret pc=0x00007f460d745920 method=com.android.dex.FieldId.compareTo(Lcom/android/dex/FieldId;)I @ 8
Event: 5,766 Thread 0x00007f461c00c000 Uncommon trap: reason=unstable_if action=reinterpret pc=0x00007f460d758554 method=com.android.dex.FieldId.compareTo(Lcom/android/dex/FieldId;)I @ 8
Event: 5,777 Thread 0x00007f461c00c000 Uncommon trap: reason=unstable_if action=reinterpret pc=0x00007f460d5cb478 method=java.util.HashMap.getNode(ILjava/lang/Object;)Ljava/util/HashMap$Node; @ 84
Event: 5,778 Thread 0x00007f461c00c000 Uncommon trap: reason=unstable_if action=reinterpret pc=0x00007f460d5d5cfc method=java.util.HashMap.getNode(ILjava/lang/Object;)Ljava/util/HashMap$Node; @ 84
Event: 6,095 Thread 0x00007f461c00c000 Uncommon trap: reason=unstable_if action=reinterpret pc=0x00007f460d828dd8 method=com.android.dex.EncodedValueCodec.readUnsignedInt(Lcom/android/dex/util/ByteInput;IZ)I @ 3
Event: 6,438 Thread 0x00007f461c00c000 Uncommon trap: reason=unstable_if action=reinterpret pc=0x00007f460d847524 method=java.util.HashMap$TreeNode.balanceInsertion(Ljava/util/HashMap$TreeNode;Ljava/util/HashMap$TreeNode;)Ljava/util/HashMap$TreeNode; @ 189
Event: 8,371 Thread 0x00007f461c00c000 Uncommon trap: reason=predicate action=maybe_recompile pc=0x00007f460d9252b0 method=java.util.ComparableTimSort.binarySort([Ljava/lang/Object;III)V @ 37

Internal exceptions (6 events):
Event: 0,518 Thread 0x00007f461c00c000 Exception <a 'java/lang/NoSuchMethodError': Method sun.misc.Unsafe.defineClass(Ljava/lang/String;[BII)Ljava/lang/Class; name or signature does not match> (0x00000000eab12a38) thrown at [/RE-WORK/workspace/8-2-build-linux-amd64/jdk8u45/3457/hotspot/src/sha
Event: 0,518 Thread 0x00007f461c00c000 Exception <a 'java/lang/NoSuchMethodError': Method sun.misc.Unsafe.prefetchRead(Ljava/lang/Object;J)V name or signature does not match> (0x00000000eab12cc8) thrown at [/RE-WORK/workspace/8-2-build-linux-amd64/jdk8u45/3457/hotspot/src/share/vm/prims/jni.cp
Event: 5,417 Thread 0x00007f461c00c000 Exception <a 'java/security/PrivilegedActionException'> (0x00000000ead68020) thrown at [/RE-WORK/workspace/8-2-build-linux-amd64/jdk8u45/3457/hotspot/src/share/vm/prims/jvm.cpp, line 1382]
Event: 5,417 Thread 0x00007f461c00c000 Exception <a 'java/security/PrivilegedActionException'> (0x00000000ead68368) thrown at [/RE-WORK/workspace/8-2-build-linux-amd64/jdk8u45/3457/hotspot/src/share/vm/prims/jvm.cpp, line 1382]
Event: 5,419 Thread 0x00007f461c00c000 Exception <a 'java/security/PrivilegedActionException'> (0x00000000ead6aa18) thrown at [/RE-WORK/workspace/8-2-build-linux-amd64/jdk8u45/3457/hotspot/src/share/vm/prims/jvm.cpp, line 1382]
Event: 5,419 Thread 0x00007f461c00c000 Exception <a 'java/security/PrivilegedActionException'> (0x00000000ead6ad60) thrown at [/RE-WORK/workspace/8-2-build-linux-amd64/jdk8u45/3457/hotspot/src/share/vm/prims/jvm.cpp, line 1382]

Events (10 events):
Event: 8,228 Thread 0x00007f461c00c000 DEOPT PACKING pc=0x00007f460d878f56 sp=0x00007f462593c4c0
Event: 8,228 Thread 0x00007f461c00c000 DEOPT UNPACKING pc=0x00007f460d047633 sp=0x00007f462593c270 mode 0
Event: 8,229 Thread 0x00007f461c00c000 DEOPT PACKING pc=0x00007f460d7a9ca0 sp=0x00007f462593c360
Event: 8,229 Thread 0x00007f461c00c000 DEOPT UNPACKING pc=0x00007f460d047633 sp=0x00007f462593c0a8 mode 0
Event: 8,371 Thread 0x00007f461c00c000 Uncommon trap: trap_request=0xffffff86 fr.pc=0x00007f460d9252b0
Event: 8,371 Thread 0x00007f461c00c000 DEOPT PACKING pc=0x00007f460d9252b0 sp=0x00007f462593c3c0
Event: 8,371 Thread 0x00007f461c00c000 DEOPT UNPACKING pc=0x00007f460d005229 sp=0x00007f462593c380 mode 2
Event: 8,467 Thread 0x00007f461c00c000 DEOPT PACKING pc=0x00007f460d7a9ca0 sp=0x00007f462593c350
Event: 8,467 Thread 0x00007f461c00c000 DEOPT UNPACKING pc=0x00007f460d047633 sp=0x00007f462593c098 mode 0
Event: 8,662 Executing VM operation: ParallelGCFailedAllocation


Dynamic libraries:
00400000-00401000 r-xp 00000000 08:05 5912381                            /usr/lib/jvm/java-8-oracle/bin/java
00600000-00601000 rw-p 00000000 08:05 5912381                            /usr/lib/jvm/java-8-oracle/bin/java
02552000-02573000 rw-p 00000000 00:00 0                                  [heap]
c0000000-c2800000 rw-p 00000000 00:00 0 
c2800000-eab00000 ---p 00000000 00:00 0 
eab00000-f7d00000 rw-p 00000000 00:00 0 
ff400000-100000000 ---p 00000000 00:00 0 
100000000-1000e0000 rw-p 00000000 00:00 0 
1000e0000-140000000 ---p 00000000 00:00 0 
7f45d0000000-7f45d0021000 rw-p 00000000 00:00 0 
7f45d0021000-7f45d4000000 ---p 00000000 00:00 0 
7f45d8000000-7f45d86fa000 rw-p 00000000 00:00 0 
7f45d86fa000-7f45dc000000 ---p 00000000 00:00 0 
7f45dc000000-7f45dc021000 rw-p 00000000 00:00 0 
7f45dc021000-7f45e0000000 ---p 00000000 00:00 0 
7f45e0000000-7f45e0aad000 rw-p 00000000 00:00 0 
7f45e0aad000-7f45e4000000 ---p 00000000 00:00 0 
7f45e4000000-7f45e49a5000 rw-p 00000000 00:00 0 
7f45e49a5000-7f45e8000000 ---p 00000000 00:00 0 
7f45e8000000-7f45e8021000 rw-p 00000000 00:00 0 
7f45e8021000-7f45ec000000 ---p 00000000 00:00 0 
7f45ec000000-7f45ec021000 rw-p 00000000 00:00 0 
7f45ec021000-7f45f0000000 ---p 00000000 00:00 0 
7f45f0000000-7f45f028d000 rw-p 00000000 00:00 0 
7f45f028d000-7f45f4000000 ---p 00000000 00:00 0 
7f45f4000000-7f45f4021000 rw-p 00000000 00:00 0 
7f45f4021000-7f45f8000000 ---p 00000000 00:00 0 
7f45f8000000-7f45f8021000 rw-p 00000000 00:00 0 
7f45f8021000-7f45fc000000 ---p 00000000 00:00 0 
7f45fc000000-7f45fc021000 rw-p 00000000 00:00 0 
7f45fc021000-7f4600000000 ---p 00000000 00:00 0 
7f4600000000-7f4600021000 rw-p 00000000 00:00 0 
7f4600021000-7f4604000000 ---p 00000000 00:00 0 
7f4606000000-7f4608000000 rw-p 00000000 00:00 0 
7f4608000000-7f4608021000 rw-p 00000000 00:00 0 
7f4608021000-7f460c000000 ---p 00000000 00:00 0 
7f460c0e6000-7f460c0e7000 ---p 00000000 00:00 0 
7f460c0e7000-7f460c1e7000 rw-p 00000000 00:00 0                          [stack:9643]
7f460c1e7000-7f460c1ea000 ---p 00000000 00:00 0 
7f460c1ea000-7f460c2e8000 rw-p 00000000 00:00 0                          [stack:9642]
7f460c2e8000-7f460c2eb000 ---p 00000000 00:00 0 
7f460c2eb000-7f460c3e9000 rw-p 00000000 00:00 0                          [stack:9641]
7f460c3e9000-7f460c3ec000 ---p 00000000 00:00 0 
7f460c3ec000-7f460c4ea000 rw-p 00000000 00:00 0                          [stack:9640]
7f460c4ea000-7f460c4ed000 ---p 00000000 00:00 0 
7f460c4ed000-7f460c5eb000 rw-p 00000000 00:00 0                          [stack:9639]
7f460c5eb000-7f460c5ee000 ---p 00000000 00:00 0 
7f460c5ee000-7f460c6ec000 rw-p 00000000 00:00 0                          [stack:9638]
7f460c6ec000-7f460ceff000 r--p 00000000 08:05 5905427                    /usr/lib/locale/locale-archive
7f460ceff000-7f460cf02000 ---p 00000000 00:00 0 
7f460cf02000-7f460d000000 rw-p 00000000 00:00 0                          [stack:9637]
7f460d000000-7f460d950000 rwxp 00000000 00:00 0 
7f460d950000-7f461c000000 ---p 00000000 00:00 0 
7f461c000000-7f461c3a2000 rw-p 00000000 00:00 0 
7f461c3a2000-7f4620000000 ---p 00000000 00:00 0 
7f462004c000-7f4620071000 r--p 00000000 08:05 534102                     /usr/share/locale-langpack/pl/LC_MESSAGES/libc.mo
7f4620071000-7f462007c000 r--s 00116000 08:05 5912065                    /usr/lib/jvm/java-8-oracle/jre/lib/ext/localedata.jar
7f462007c000-7f4620098000 r--s 00393000 08:05 5912064                    /usr/lib/jvm/java-8-oracle/jre/lib/ext/cldrdata.jar
7f4620098000-7f46200a7000 r--s 000dd000 08:05 1981417                    /root/Android/Sdk/build-tools/22.0.1/lib/dx.jar
7f46200a7000-7f46200aa000 ---p 00000000 00:00 0 
7f46200aa000-7f46201a8000 rw-p 00000000 00:00 0                          [stack:9636]
7f46201a8000-7f46201a9000 ---p 00000000 00:00 0 
7f46201a9000-7f462126a000 rw-p 00000000 00:00 0                          [stack:9635]
7f462126a000-7f4621443000 r--s 03d09000 08:05 5912242                    /usr/lib/jvm/java-8-oracle/jre/lib/rt.jar
7f4621443000-7f4621bf9000 rw-p 00000000 00:00 0 
7f4621bf9000-7f4621cb9000 ---p 00000000 00:00 0 
7f4621cb9000-7f4621eb9000 rw-p 00000000 00:00 0 
7f4621eb9000-7f4621eba000 ---p 00000000 00:00 0 
7f4621eba000-7f4621fba000 rw-p 00000000 00:00 0                          [stack:9634]
7f4621fba000-7f4621fbb000 ---p 00000000 00:00 0 
7f4621fbb000-7f46220bb000 rw-p 00000000 00:00 0                          [stack:9633]
7f46220bb000-7f46220bc000 ---p 00000000 00:00 0 
7f46220bc000-7f46221bc000 rw-p 00000000 00:00 0                          [stack:9632]
7f46221bc000-7f46221bd000 ---p 00000000 00:00 0 
7f46221bd000-7f46222d1000 rw-p 00000000 00:00 0                          [stack:9631]
7f46222d1000-7f4622413000 ---p 00000000 00:00 0 
7f4622413000-7f4622427000 rw-p 00000000 00:00 0 
7f4622427000-7f4622568000 ---p 00000000 00:00 0 
7f4622568000-7f46225d2000 rw-p 00000000 00:00 0 
7f46225d2000-7f4622613000 ---p 00000000 00:00 0 
7f4622613000-7f462263a000 rw-p 00000000 00:00 0 
7f462263a000-7f46229d4000 ---p 00000000 00:00 0 
7f46229d4000-7f46229ee000 r-xp 00000000 08:05 5912221                    /usr/lib/jvm/java-8-oracle/jre/lib/amd64/libzip.so
7f46229ee000-7f4622bee000 ---p 0001a000 08:05 5912221                    /usr/lib/jvm/java-8-oracle/jre/lib/amd64/libzip.so
7f4622bee000-7f4622bef000 rw-p 0001a000 08:05 5912221                    /usr/lib/jvm/java-8-oracle/jre/lib/amd64/libzip.so
7f4622bef000-7f4622bfa000 r-xp 00000000 08:05 4718611                    /lib/x86_64-linux-gnu/libnss_files-2.19.so
7f4622bfa000-7f4622df9000 ---p 0000b000 08:05 4718611                    /lib/x86_64-linux-gnu/libnss_files-2.19.so
7f4622df9000-7f4622dfa000 r--p 0000a000 08:05 4718611                    /lib/x86_64-linux-gnu/libnss_files-2.19.so
7f4622dfa000-7f4622dfb000 rw-p 0000b000 08:05 4718611                    /lib/x86_64-linux-gnu/libnss_files-2.19.so
7f4622dfb000-7f4622e06000 r-xp 00000000 08:05 4722600                    /lib/x86_64-linux-gnu/libnss_nis-2.19.so
7f4622e06000-7f4623005000 ---p 0000b000 08:05 4722600                    /lib/x86_64-linux-gnu/libnss_nis-2.19.so
7f4623005000-7f4623006000 r--p 0000a000 08:05 4722600                    /lib/x86_64-linux-gnu/libnss_nis-2.19.so
7f4623006000-7f4623007000 rw-p 0000b000 08:05 4722600                    /lib/x86_64-linux-gnu/libnss_nis-2.19.so
7f4623007000-7f462301e000 r-xp 00000000 08:05 4718686                    /lib/x86_64-linux-gnu/libnsl-2.19.so
7f462301e000-7f462321d000 ---p 00017000 08:05 4718686                    /lib/x86_64-linux-gnu/libnsl-2.19.so
7f462321d000-7f462321e000 r--p 00016000 08:05 4718686                    /lib/x86_64-linux-gnu/libnsl-2.19.so
7f462321e000-7f462321f000 rw-p 00017000 08:05 4718686                    /lib/x86_64-linux-gnu/libnsl-2.19.so
7f462321f000-7f4623221000 rw-p 00000000 00:00 0 
7f4623221000-7f462322a000 r-xp 00000000 08:05 4718685                    /lib/x86_64-linux-gnu/libnss_compat-2.19.so
7f462322a000-7f4623429000 ---p 00009000 08:05 4718685                    /lib/x86_64-linux-gnu/libnss_compat-2.19.so
7f4623429000-7f462342a000 r--p 00008000 08:05 4718685                    /lib/x86_64-linux-gnu/libnss_compat-2.19.so
7f462342a000-7f462342b000 rw-p 00009000 08:05 4718685                    /lib/x86_64-linux-gnu/libnss_compat-2.19.so
7f462342b000-7f4623455000 r-xp 00000000 08:05 5912212                    /usr/lib/jvm/java-8-oracle/jre/lib/amd64/libjava.so
7f4623455000-7f4623655000 ---p 0002a000 08:05 5912212                    /usr/lib/jvm/java-8-oracle/jre/lib/amd64/libjava.so
7f4623655000-7f4623657000 rw-p 0002a000 08:05 5912212                    /usr/lib/jvm/java-8-oracle/jre/lib/amd64/libjava.so
7f4623657000-7f4623664000 r-xp 00000000 08:05 5912207                    /usr/lib/jvm/java-8-oracle/jre/lib/amd64/libverify.so
7f4623664000-7f4623864000 ---p 0000d000 08:05 5912207                    /usr/lib/jvm/java-8-oracle/jre/lib/amd64/libverify.so
7f4623864000-7f4623866000 rw-p 0000d000 08:05 5912207                    /usr/lib/jvm/java-8-oracle/jre/lib/amd64/libverify.so
7f4623866000-7f462386d000 r-xp 00000000 08:05 4718694                    /lib/x86_64-linux-gnu/librt-2.19.so
7f462386d000-7f4623a6c000 ---p 00007000 08:05 4718694                    /lib/x86_64-linux-gnu/librt-2.19.so
7f4623a6c000-7f4623a6d000 r--p 00006000 08:05 4718694                    /lib/x86_64-linux-gnu/librt-2.19.so
7f4623a6d000-7f4623a6e000 rw-p 00007000 08:05 4718694                    /lib/x86_64-linux-gnu/librt-2.19.so
7f4623a6e000-7f4623b73000 r-xp 00000000 08:05 4718607                    /lib/x86_64-linux-gnu/libm-2.19.so
7f4623b73000-7f4623d72000 ---p 00105000 08:05 4718607                    /lib/x86_64-linux-gnu/libm-2.19.so
7f4623d72000-7f4623d73000 r--p 00104000 08:05 4718607                    /lib/x86_64-linux-gnu/libm-2.19.so
7f4623d73000-7f4623d74000 rw-p 00105000 08:05 4718607                    /lib/x86_64-linux-gnu/libm-2.19.so
7f4623d74000-7f4624a22000 r-xp 00000000 08:05 5912216                    /usr/lib/jvm/java-8-oracle/jre/lib/amd64/server/libjvm.so
7f4624a22000-7f4624c21000 ---p 00cae000 08:05 5912216                    /usr/lib/jvm/java-8-oracle/jre/lib/amd64/server/libjvm.so
7f4624c21000-7f4624cf8000 rw-p 00cad000 08:05 5912216                    /usr/lib/jvm/java-8-oracle/jre/lib/amd64/server/libjvm.so
7f4624cf8000-7f4624d3c000 rw-p 00000000 00:00 0 
7f4624d3c000-7f4624ef7000 r-xp 00000000 08:05 4718691                    /lib/x86_64-linux-gnu/libc-2.19.so
7f4624ef7000-7f46250f6000 ---p 001bb000 08:05 4718691                    /lib/x86_64-linux-gnu/libc-2.19.so
7f46250f6000-7f46250fa000 r--p 001ba000 08:05 4718691                    /lib/x86_64-linux-gnu/libc-2.19.so
7f46250fa000-7f46250fc000 rw-p 001be000 08:05 4718691                    /lib/x86_64-linux-gnu/libc-2.19.so
7f46250fc000-7f4625101000 rw-p 00000000 00:00 0 
7f4625101000-7f4625104000 r-xp 00000000 08:05 4718622                    /lib/x86_64-linux-gnu/libdl-2.19.so
7f4625104000-7f4625303000 ---p 00003000 08:05 4718622                    /lib/x86_64-linux-gnu/libdl-2.19.so
7f4625303000-7f4625304000 r--p 00002000 08:05 4718622                    /lib/x86_64-linux-gnu/libdl-2.19.so
7f4625304000-7f4625305000 rw-p 00003000 08:05 4718622                    /lib/x86_64-linux-gnu/libdl-2.19.so
7f4625305000-7f462531a000 r-xp 00000000 08:05 5913122                    /usr/lib/jvm/java-8-oracle/lib/amd64/jli/libjli.so
7f462531a000-7f462551a000 ---p 00015000 08:05 5913122                    /usr/lib/jvm/java-8-oracle/lib/amd64/jli/libjli.so
7f462551a000-7f462551b000 rw-p 00015000 08:05 5913122                    /usr/lib/jvm/java-8-oracle/lib/amd64/jli/libjli.so
7f462551b000-7f4625534000 r-xp 00000000 08:05 4718692                    /lib/x86_64-linux-gnu/libpthread-2.19.so
7f4625534000-7f4625733000 ---p 00019000 08:05 4718692                    /lib/x86_64-linux-gnu/libpthread-2.19.so
7f4625733000-7f4625734000 r--p 00018000 08:05 4718692                    /lib/x86_64-linux-gnu/libpthread-2.19.so
7f4625734000-7f4625735000 rw-p 00019000 08:05 4718692                    /lib/x86_64-linux-gnu/libpthread-2.19.so
7f4625735000-7f4625739000 rw-p 00000000 00:00 0 
7f4625739000-7f462575c000 r-xp 00000000 08:05 4718688                    /lib/x86_64-linux-gnu/ld-2.19.so
7f4625764000-7f462583d000 rw-p 00000000 00:00 0 
7f462583d000-7f4625840000 ---p 00000000 00:00 0 
7f4625840000-7f4625943000 rw-p 00000000 00:00 0                          [stack:9630]
7f4625943000-7f462594a000 r--s 00000000 08:05 6167872                    /usr/lib/x86_64-linux-gnu/gconv/gconv-modules.cache
7f462594a000-7f462594f000 r--s 00094000 08:05 5912296                    /usr/lib/jvm/java-8-oracle/jre/lib/jsse.jar
7f462594f000-7f4625957000 rw-s 00000000 08:05 4456524                    /tmp/hsperfdata_root/9625
7f4625957000-7f4625958000 rw-p 00000000 00:00 0 
7f4625958000-7f4625959000 ---p 00000000 00:00 0 
7f4625959000-7f462595b000 rw-p 00000000 00:00 0 
7f462595b000-7f462595c000 r--p 00022000 08:05 4718688                    /lib/x86_64-linux-gnu/ld-2.19.so
7f462595c000-7f462595d000 rw-p 00023000 08:05 4718688                    /lib/x86_64-linux-gnu/ld-2.19.so
7f462595d000-7f462595e000 rw-p 00000000 00:00 0 
7ffeff39a000-7ffeff3bc000 rw-p 00000000 00:00 0                          [stack]
7ffeff3e6000-7ffeff3e8000 r-xp 00000000 00:00 0                          [vdso]
7ffeff3e8000-7ffeff3ea000 r--p 00000000 00:00 0                          [vvar]
ffffffffff600000-ffffffffff601000 r-xp 00000000 00:00 0                  [vsyscall]

VM Arguments:
jvm_args: -Xmx1024M -Dfile.encoding=UTF-8 -Duser.country=PL -Duser.language=pl -Duser.variant 
java_command: com.android.dx.command.Main --dex --output /media/lukas121213/Data/repozytorium inz/superniania-inzynierka/SuperNiania/app/build/intermediates/dex/debug /media/lukas121213/Data/repozytorium inz/superniania-inzynierka/SuperNiania/app/build/intermediates/classes/debug /media/lukas121213/Data/repozytorium inz/superniania-inzynierka/SuperNiania/app/build/intermediates/pre-dexed/debug/support-annotations-22.0.0-5c3eb70b57859c75c7a27e70cee70709b060b059.jar /media/lukas121213/Data/repozytorium inz/superniania-inzynierka/SuperNiania/app/build/intermediates/pre-dexed/debug/classes-2209cf3cd09ad27ce74d81a838195fca163cf526.jar /media/lukas121213/Data/repozytorium inz/superniania-inzynierka/SuperNiania/app/build/intermediates/pre-dexed/debug/classes-0630c90ec0621138e01fd12c1bb5d9842841a398.jar /media/lukas121213/Data/repozytorium inz/superniania-inzynierka/SuperNiania/app/build/intermediates/pre-dexed/debug/classes-38fb6e6e4e264a19987241b98578ec8cdf55411c.jar /media/lukas121213/Data/repozytorium inz/superniania-inzynierka/SuperNiania/app/build/intermediates/pre-dexed/debug/classes-12eb190630f82f7e1ea02e1aa7c607a80bd89368.jar /media/lukas121213/Data/repozytorium inz/superniania-inzynierka/SuperNiania/app/build/intermediates/pre-dexed/debug/classes-3a8e601147ab1b9c37d047ba47370306423b9f90.jar /media/lukas121213/Data/repozytorium inz/superniania-inzynierka/SuperNiania/app/build/intermediates/pre-dexed/debug/classes-1aeaeebd79b9610b1220a67aaec1834584966337.jar /media/lukas121213/Data/repozytorium inz/superniania-inzynierka/SuperNiania/app/build/intermediates/pre-dexed/debug/classes-a7c45930c00b03c137a15b72c46b789bf7d403c4.jar /media/lukas121213/Data/repozytorium inz/superniania-inzynierka/SuperNiania/app/build/intermediates/pre-dexed/debug/classes-92d6bc39b290e5ebc06e5b73f3b1e5e6e3c092a9.jar /media/lukas121213/Data/repozytorium inz/superniania-inzynierka/SuperNiania/app/build/intermediates/pre-dexed/debug/classes-ee988fa70e23b8c5417559ebdee1202d8f0542ea.jar /media/l
java_class_path (initial): /root/Android/Sdk/build-tools/22.0.1/lib/dx.jar
Launcher Type: SUN_STANDARD

Environment Variables:
PATH=/usr/local/sbin:/usr/local/bin:/usr/sbin:/usr/bin:/sbin:/bin:/usr/games:/usr/local/games
USERNAME=root
LD_LIBRARY_PATH=.:
SHELL=/bin/bash
DISPLAY=:0

Signal Handlers:
SIGSEGV: [libjvm.so+0xaad1e0], sa_mask[0]=11111111011111111101111111111110, sa_flags=SA_RESTART|SA_SIGINFO
SIGBUS: [libjvm.so+0xaad1e0], sa_mask[0]=11111111011111111101111111111110, sa_flags=SA_RESTART|SA_SIGINFO
SIGFPE: [libjvm.so+0x90b450], sa_mask[0]=11111111011111111101111111111110, sa_flags=SA_RESTART|SA_SIGINFO
SIGPIPE: [libjvm.so+0x90b450], sa_mask[0]=11111111011111111101111111111110, sa_flags=SA_RESTART|SA_SIGINFO
SIGXFSZ: [libjvm.so+0x90b450], sa_mask[0]=11111111011111111101111111111110, sa_flags=SA_RESTART|SA_SIGINFO
SIGILL: [libjvm.so+0x90b450], sa_mask[0]=11111111011111111101111111111110, sa_flags=SA_RESTART|SA_SIGINFO
SIGUSR1: SIG_DFL, sa_mask[0]=00000000000000000000000000000000, sa_flags=none
SIGUSR2: [libjvm.so+0x90ca90], sa_mask[0]=00100000000000000000000000000000, sa_flags=SA_RESTART|SA_SIGINFO
SIGHUP: [libjvm.so+0x90dde0], sa_mask[0]=11111111011111111101111111111110, sa_flags=SA_RESTART|SA_SIGINFO
SIGINT: [libjvm.so+0x90dde0], sa_mask[0]=11111111011111111101111111111110, sa_flags=SA_RESTART|SA_SIGINFO
SIGTERM: [libjvm.so+0x90dde0], sa_mask[0]=11111111011111111101111111111110, sa_flags=SA_RESTART|SA_SIGINFO
SIGQUIT: [libjvm.so+0x90dde0], sa_mask[0]=11111111011111111101111111111110, sa_flags=SA_RESTART|SA_SIGINFO


---------------  S Y S T E M  ---------------

OS:DISTRIB_ID=Ubuntu
DISTRIB_RELEASE=14.04
DISTRIB_CODENAME=trusty
DISTRIB_DESCRIPTION="Ubuntu 14.04.2 LTS"

uname:Linux 3.16.0-44-generic #59~14.04.1-Ubuntu SMP Tue Jul 7 15:07:27 UTC 2015 x86_64
libc:glibc 2.19 NPTL 2.19 
rlimit: STACK 8192k, CORE 0k, NPROC 15181, NOFILE 4096, AS infinity
load average:4,18 1,62 1,25

/proc/meminfo:
MemTotal:        3931116 kB
MemFree:          113068 kB
MemAvailable:      59800 kB
Buffers:            1304 kB
Cached:           298512 kB
SwapCached:            0 kB
Active:          3383488 kB
Inactive:         261892 kB
Active(anon):    3374404 kB
Inactive(anon):   246936 kB
Active(file):       9084 kB
Inactive(file):    14956 kB
Unevictable:          32 kB
Mlocked:              32 kB
SwapTotal:             0 kB
SwapFree:              0 kB
Dirty:               120 kB
Writeback:             0 kB
AnonPages:       3345948 kB
Mapped:            75976 kB
Shmem:            275424 kB
Slab:              72660 kB
SReclaimable:      38360 kB
SUnreclaim:        34300 kB
KernelStack:        9936 kB
PageTables:        36256 kB
NFS_Unstable:          0 kB
Bounce:                0 kB
WritebackTmp:          0 kB
CommitLimit:     1965556 kB
Committed_AS:    6350304 kB
VmallocTotal:   34359738367 kB
VmallocUsed:      348188 kB
VmallocChunk:   34359307428 kB
HardwareCorrupted:     0 kB
AnonHugePages:    761856 kB
HugePages_Total:       0
HugePages_Free:        0
HugePages_Rsvd:        0
HugePages_Surp:        0
Hugepagesize:       2048 kB
DirectMap4k:      104544 kB
DirectMap2M:     3973120 kB


CPU:total 4 (2 cores per cpu, 2 threads per core) family 6 model 58 stepping 9, cmov, cx8, fxsr, mmx, sse, sse2, sse3, ssse3, sse4.1, sse4.2, popcnt, avx, clmul, erms, ht, tsc, tscinvbit, tscinv

/proc/cpuinfo:
processor	: 0
vendor_id	: GenuineIntel
cpu family	: 6
model		: 58
model name	: Intel(R) Core(TM) i3-3217U CPU @ 1.80GHz
stepping	: 9
microcode	: 0x16
cpu MHz		: 1681.804
cache size	: 3072 KB
physical id	: 0
siblings	: 4
core id		: 0
cpu cores	: 2
apicid		: 0
initial apicid	: 0
fpu		: yes
fpu_exception	: yes
cpuid level	: 13
wp		: yes
flags		: fpu vme de pse tsc msr pae mce cx8 apic sep mtrr pge mca cmov pat pse36 clflush dts acpi mmx fxsr sse sse2 ss ht tm pbe syscall nx rdtscp lm constant_tsc arch_perfmon pebs bts rep_good nopl xtopology nonstop_tsc aperfmperf eagerfpu pni pclmulqdq dtes64 monitor ds_cpl vmx est tm2 ssse3 cx16 xtpr pdcm pcid sse4_1 sse4_2 x2apic popcnt tsc_deadline_timer xsave avx f16c lahf_lm ida arat epb xsaveopt pln pts dtherm tpr_shadow vnmi flexpriority ept vpid fsgsbase smep erms
bogomips	: 3591.83
clflush size	: 64
cache_alignment	: 64
address sizes	: 36 bits physical, 48 bits virtual
power management:

processor	: 1
vendor_id	: GenuineIntel
cpu family	: 6
model		: 58
model name	: Intel(R) Core(TM) i3-3217U CPU @ 1.80GHz
stepping	: 9
microcode	: 0x16
cpu MHz		: 1657.195
cache size	: 3072 KB
physical id	: 0
siblings	: 4
core id		: 1
cpu cores	: 2
apicid		: 2
initial apicid	: 2
fpu		: yes
fpu_exception	: yes
cpuid level	: 13
wp		: yes
flags		: fpu vme de pse tsc msr pae mce cx8 apic sep mtrr pge mca cmov pat pse36 clflush dts acpi mmx fxsr sse sse2 ss ht tm pbe syscall nx rdtscp lm constant_tsc arch_perfmon pebs bts rep_good nopl xtopology nonstop_tsc aperfmperf eagerfpu pni pclmulqdq dtes64 monitor ds_cpl vmx est tm2 ssse3 cx16 xtpr pdcm pcid sse4_1 sse4_2 x2apic popcnt tsc_deadline_timer xsave avx f16c lahf_lm ida arat epb xsaveopt pln pts dtherm tpr_shadow vnmi flexpriority ept vpid fsgsbase smep erms
bogomips	: 3591.83
clflush size	: 64
cache_alignment	: 64
address sizes	: 36 bits physical, 48 bits virtual
power management:

processor	: 2
vendor_id	: GenuineIntel
cpu family	: 6
model		: 58
model name	: Intel(R) Core(TM) i3-3217U CPU @ 1.80GHz
stepping	: 9
microcode	: 0x16
cpu MHz		: 1645.312
cache size	: 3072 KB
physical id	: 0
siblings	: 4
core id		: 0
cpu cores	: 2
apicid		: 1
initial apicid	: 1
fpu		: yes
fpu_exception	: yes
cpuid level	: 13
wp		: yes
flags		: fpu vme de pse tsc msr pae mce cx8 apic sep mtrr pge mca cmov pat pse36 clflush dts acpi mmx fxsr sse sse2 ss ht tm pbe syscall nx rdtscp lm constant_tsc arch_perfmon pebs bts rep_good nopl xtopology nonstop_tsc aperfmperf eagerfpu pni pclmulqdq dtes64 monitor ds_cpl vmx est tm2 ssse3 cx16 xtpr pdcm pcid sse4_1 sse4_2 x2apic popcnt tsc_deadline_timer xsave avx f16c lahf_lm ida arat epb xsaveopt pln pts dtherm tpr_shadow vnmi flexpriority ept vpid fsgsbase smep erms
bogomips	: 3591.83
clflush size	: 64
cache_alignment	: 64
address sizes	: 36 bits physical, 48 bits virtual
power management:

processor	: 3
vendor_id	: GenuineIntel
cpu family	: 6
model		: 58
model name	: Intel(R) Core(TM) i3-3217U CPU @ 1.80GHz
stepping	: 9
microcode	: 0x16
cpu MHz		: 1684.335
cache size	: 3072 KB
physical id	: 0
siblings	: 4
core id		: 1
cpu cores	: 2
apicid		: 3
initial apicid	: 3
fpu		: yes
fpu_exception	: yes
cpuid level	: 13
wp		: yes
flags		: fpu vme de pse tsc msr pae mce cx8 apic sep mtrr pge mca cmov pat pse36 clflush dts acpi mmx fxsr sse sse2 ss ht tm pbe syscall nx rdtscp lm constant_tsc arch_perfmon pebs bts rep_good nopl xtopology nonstop_tsc aperfmperf eagerfpu pni pclmulqdq dtes64 monitor ds_cpl vmx est tm2 ssse3 cx16 xtpr pdcm pcid sse4_1 sse4_2 x2apic popcnt tsc_deadline_timer xsave avx f16c lahf_lm ida arat epb xsaveopt pln pts dtherm tpr_shadow vnmi flexpriority ept vpid fsgsbase smep erms
bogomips	: 3591.83
clflush size	: 64
cache_alignment	: 64
address sizes	: 36 bits physical, 48 bits virtual
power management:



Memory: 4k page, physical 3931116k(113068k free), swap 0k(0k free)

vm_info: Java HotSpot(TM) 64-Bit Server VM (25.45-b02) for linux-amd64 JRE (1.8.0_45-b14), built on Apr 10 2015 10:07:45 by "java_re" with gcc 4.3.0 20080428 (Red Hat 4.3.0-8)

time: Tue Jul 28 19:34:02 2015
elapsed time: 19 seconds (0d 0h 0m 19s)

