#
# There is insufficient memory for the Java Runtime Environment to continue.
# Native memory allocation (mmap) failed to map 119013376 bytes for committing reserved memory.
# Possible reasons:
#   The system is out of physical RAM or swap space
#   In 32 bit mode, the process size limit was hit
# Possible solutions:
#   Reduce memory load on the system
#   Increase physical memory or swap space
#   Check if swap backing store is full
#   Use 64 bit Java on a 64 bit OS
#   Decrease Java heap size (-Xmx/-Xms)
#   Decrease number of Java threads
#   Decrease Java thread stack sizes (-Xss)
#   Set larger code cache with -XX:ReservedCodeCacheSize=
# This output file may be truncated or incomplete.
#
#  Out of Memory Error (os_linux.cpp:2673), pid=4142, tid=139866152339200
#
# JRE version: Java(TM) SE Runtime Environment (8.0_45-b14) (build 1.8.0_45-b14)
# Java VM: Java HotSpot(TM) 64-Bit Server VM (25.45-b02 mixed mode linux-amd64 compressed oops)
# Failed to write core dump. Core dumps have been disabled. To enable core dumping, try "ulimit -c unlimited" before starting Java again
#

---------------  T H R E A D  ---------------

Current thread (0x00007f353407a000):  VMThread [stack: 0x00007f3520438000,0x00007f3520539000] [id=4153]

Stack: [0x00007f3520438000,0x00007f3520539000],  sp=0x00007f35205371e0,  free space=1020k
Native frames: (J=compiled Java code, j=interpreted, Vv=VM code, C=native code)
V  [libjvm.so+0xaac99a]  VMError::report_and_die()+0x2ba
V  [libjvm.so+0x4f333b]  report_vm_out_of_memory(char const*, int, unsigned long, VMErrorType, char const*)+0x8b
V  [libjvm.so+0x90e7c3]  os::Linux::commit_memory_impl(char*, unsigned long, bool)+0x103
V  [libjvm.so+0x90ed19]  os::pd_commit_memory(char*, unsigned long, unsigned long, bool)+0x29
V  [libjvm.so+0x90867a]  os::commit_memory(char*, unsigned long, unsigned long, bool)+0x2a
V  [libjvm.so+0x97bac3]  PSVirtualSpace::expand_by(unsigned long)+0x53
V  [libjvm.so+0x97cec8]  PSYoungGen::resize_generation(unsigned long, unsigned long)+0xf8
V  [libjvm.so+0x97c022]  PSYoungGen::resize(unsigned long, unsigned long)+0x22
V  [libjvm.so+0x9792fb]  PSScavenge::invoke_no_policy()+0xf7b
V  [libjvm.so+0x979a81]  PSScavenge::invoke()+0x41
V  [libjvm.so+0x932050]  ParallelScavengeHeap::failed_mem_allocate(unsigned long)+0x70
V  [libjvm.so+0xaae1d7]  VM_ParallelGCFailedAllocation::doit()+0x97
V  [libjvm.so+0xab59c5]  VM_Operation::evaluate()+0x55
V  [libjvm.so+0xab3d9a]  VMThread::evaluate_operation(VM_Operation*)+0xba
V  [libjvm.so+0xab411e]  VMThread::loop()+0x1ce
V  [libjvm.so+0xab4590]  VMThread::run()+0x70
V  [libjvm.so+0x910de8]  java_start(Thread*)+0x108

VM_Operation (0x00007f353a9e4160): ParallelGCFailedAllocation, mode: safepoint, requested by thread 0x00007f353400c000


---------------  P R O C E S S  ---------------

Java Threads: ( => current thread )
  0x00007f35340ca800 JavaThread "Service Thread" daemon [_thread_blocked, id=4160, stack(0x00007f351b4ea000,0x00007f351b5eb000)]
  0x00007f35340bd000 JavaThread "C1 CompilerThread2" daemon [_thread_blocked, id=4159, stack(0x00007f351b5eb000,0x00007f351b6ec000)]
  0x00007f35340bb800 JavaThread "C2 CompilerThread1" daemon [_thread_blocked, id=4158, stack(0x00007f351b6ec000,0x00007f351b7ed000)]
  0x00007f35340b8800 JavaThread "C2 CompilerThread0" daemon [_thread_blocked, id=4157, stack(0x00007f3520034000,0x00007f3520135000)]
  0x00007f35340b7000 JavaThread "Signal Dispatcher" daemon [_thread_blocked, id=4156, stack(0x00007f3520135000,0x00007f3520236000)]
  0x00007f3534081000 JavaThread "Finalizer" daemon [_thread_blocked, id=4155, stack(0x00007f3520236000,0x00007f3520337000)]
  0x00007f353407f000 JavaThread "Reference Handler" daemon [_thread_blocked, id=4154, stack(0x00007f3520337000,0x00007f3520438000)]
  0x00007f353400c000 JavaThread "main" [_thread_blocked, id=4148, stack(0x00007f353a8e5000,0x00007f353a9e6000)]

Other Threads:
=>0x00007f353407a000 VMThread [stack: 0x00007f3520438000,0x00007f3520539000] [id=4153]
  0x00007f35340cd000 WatcherThread [stack: 0x00007f351b3e9000,0x00007f351b4ea000] [id=4161]

VM state:at safepoint (normal execution)

VM Mutex/Monitor currently owned by a thread:  ([mutex/lock_event])
[0x00007f35340085f0] Threads_lock - owner thread: 0x00007f353407a000
[0x00007f3534008af0] Heap_lock - owner thread: 0x00007f353400c000

Heap:
 PSYoungGen      total 203776K, used 6193K [0x00000000eab00000, 0x00000000f7b80000, 0x0000000100000000)
  eden space 194560K, 0% used [0x00000000eab00000,0x00000000eab00000,0x00000000f6900000)
  from space 9216K, 67% used [0x00000000f6900000,0x00000000f6f0c4d0,0x00000000f7200000)
  to   space 8704K, 0% used [0x00000000f7200000,0x00000000f7200000,0x00000000f7a80000)
 ParOldGen       total 46080K, used 45651K [0x00000000c0000000, 0x00000000c2d00000, 0x00000000eab00000)
  object space 46080K, 99% used [0x00000000c0000000,0x00000000c2c94d08,0x00000000c2d00000)
 Metaspace       used 7823K, capacity 8040K, committed 8320K, reserved 1056768K
  class space    used 755K, capacity 787K, committed 896K, reserved 1048576K

Card table byte_map: [0x00007f352440c000,0x00007f352460d000] byte_map_base: 0x00007f3523e0c000

Marking Bits: (ParMarkBitMap*) 0x00007f3539db9760
 Begin Bits: [0x00007f3521eb2000, 0x00007f3522eb2000)
 End Bits:   [0x00007f3522eb2000, 0x00007f3523eb2000)

Polling page: 0x00007f353aa00000

CodeCache: size=245760Kb used=9433Kb max_used=9438Kb free=236326Kb
 bounds [0x00007f35249cd000, 0x00007f352531d000, 0x00007f35339cd000]
 total_blobs=2969 nmethods=2672 adapters=210
 compilation: enabled

Compilation events (10 events):
Event: 8,386 Thread 0x00007f35340bd000 2755       3       java.util.TimSort::reverseRange (32 bytes)
Event: 8,386 Thread 0x00007f35340bd000 nmethod 2755 0x00007f35253075d0 code [0x00007f3525307760, 0x00007f3525307bf0]
Event: 8,413 Thread 0x00007f35340bb800 nmethod 2753 0x00007f3525310010 code [0x00007f35253101c0, 0x00007f3525310c78]
Event: 8,413 Thread 0x00007f35340bb800 2754       4       java.util.TimSort::gallopRight (335 bytes)
Event: 8,448 Thread 0x00007f35340bb800 nmethod 2754 0x00007f3525311210 code [0x00007f35253113e0, 0x00007f3525311d38]
Event: 8,448 Thread 0x00007f35340bb800 2750 %     4       java.util.ComparableTimSort::mergeHi @ 185 (729 bytes)
Event: 8,453 Thread 0x00007f35340bd000 2756       3       com.android.dx.io.instructions.InstructionCodec$17::decode (46 bytes)
Event: 8,454 Thread 0x00007f35340bd000 nmethod 2756 0x00007f352530c190 code [0x00007f352530c380, 0x00007f352530cbd8]
Event: 8,454 Thread 0x00007f35340bd000 2757       3       com.android.dx.io.instructions.InstructionCodec$17::encode (29 bytes)
Event: 8,455 Thread 0x00007f35340bd000 nmethod 2757 0x00007f352530b010 code [0x00007f352530b200, 0x00007f352530bd08]

GC Heap History (10 events):
Event: 5,856 GC heap after
Heap after GC invocations=6 (full 0):
 PSYoungGen      total 69120K, used 7001K [0x00000000eab00000, 0x00000000ef800000, 0x0000000100000000)
  eden space 60928K, 0% used [0x00000000eab00000,0x00000000eab00000,0x00000000ee680000)
  from space 8192K, 85% used [0x00000000eef00000,0x00000000ef5d65a0,0x00000000ef700000)
  to   space 8704K, 0% used [0x00000000ee680000,0x00000000ee680000,0x00000000eef00000)
 ParOldGen       total 40960K, used 14450K [0x00000000c0000000, 0x00000000c2800000, 0x00000000eab00000)
  object space 40960K, 35% used [0x00000000c0000000,0x00000000c0e1ca60,0x00000000c2800000)
 Metaspace       used 7700K, capacity 8002K, committed 8192K, reserved 1056768K
  class space    used 747K, capacity 754K, committed 768K, reserved 1048576K
}
Event: 6,164 GC heap before
{Heap before GC invocations=7 (full 0):
 PSYoungGen      total 69120K, used 67929K [0x00000000eab00000, 0x00000000ef800000, 0x0000000100000000)
  eden space 60928K, 100% used [0x00000000eab00000,0x00000000ee680000,0x00000000ee680000)
  from space 8192K, 85% used [0x00000000eef00000,0x00000000ef5d65a0,0x00000000ef700000)
  to   space 8704K, 0% used [0x00000000ee680000,0x00000000ee680000,0x00000000eef00000)
 ParOldGen       total 40960K, used 14450K [0x00000000c0000000, 0x00000000c2800000, 0x00000000eab00000)
  object space 40960K, 35% used [0x00000000c0000000,0x00000000c0e1ca60,0x00000000c2800000)
 Metaspace       used 7802K, capacity 8040K, committed 8320K, reserved 1056768K
  class space    used 755K, capacity 787K, committed 896K, reserved 1048576K
Event: 6,182 GC heap after
Heap after GC invocations=7 (full 0):
 PSYoungGen      total 69632K, used 6168K [0x00000000eab00000, 0x00000000f3300000, 0x0000000100000000)
  eden space 60928K, 0% used [0x00000000eab00000,0x00000000eab00000,0x00000000ee680000)
  from space 8704K, 70% used [0x00000000ee680000,0x00000000eec860c8,0x00000000eef00000)
  to   space 8704K, 0% used [0x00000000f2a80000,0x00000000f2a80000,0x00000000f3300000)
 ParOldGen       total 40960K, used 16049K [0x00000000c0000000, 0x00000000c2800000, 0x00000000eab00000)
  object space 40960K, 39% used [0x00000000c0000000,0x00000000c0fac5e8,0x00000000c2800000)
 Metaspace       used 7802K, capacity 8040K, committed 8320K, reserved 1056768K
  class space    used 755K, capacity 787K, committed 896K, reserved 1048576K
}
Event: 6,514 GC heap before
{Heap before GC invocations=8 (full 0):
 PSYoungGen      total 69632K, used 67096K [0x00000000eab00000, 0x00000000f3300000, 0x0000000100000000)
  eden space 60928K, 100% used [0x00000000eab00000,0x00000000ee680000,0x00000000ee680000)
  from space 8704K, 70% used [0x00000000ee680000,0x00000000eec860c8,0x00000000eef00000)
  to   space 8704K, 0% used [0x00000000f2a80000,0x00000000f2a80000,0x00000000f3300000)
 ParOldGen       total 40960K, used 16049K [0x00000000c0000000, 0x00000000c2800000, 0x00000000eab00000)
  object space 40960K, 39% used [0x00000000c0000000,0x00000000c0fac5e8,0x00000000c2800000)
 Metaspace       used 7809K, capacity 8040K, committed 8320K, reserved 1056768K
  class space    used 755K, capacity 787K, committed 896K, reserved 1048576K
Event: 6,534 GC heap after
Heap after GC invocations=8 (full 0):
 PSYoungGen      total 130560K, used 6642K [0x00000000eab00000, 0x00000000f3300000, 0x0000000100000000)
  eden space 121856K, 0% used [0x00000000eab00000,0x00000000eab00000,0x00000000f2200000)
  from space 8704K, 76% used [0x00000000f2a80000,0x00000000f30fca58,0x00000000f3300000)
  to   space 8704K, 0% used [0x00000000f2200000,0x00000000f2200000,0x00000000f2a80000)
 ParOldGen       total 40960K, used 19046K [0x00000000c0000000, 0x00000000c2800000, 0x00000000eab00000)
  object space 40960K, 46% used [0x00000000c0000000,0x00000000c1299bc0,0x00000000c2800000)
 Metaspace       used 7809K, capacity 8040K, committed 8320K, reserved 1056768K
  class space    used 755K, capacity 787K, committed 896K, reserved 1048576K
}
Event: 7,320 GC heap before
{Heap before GC invocations=9 (full 0):
 PSYoungGen      total 130560K, used 128498K [0x00000000eab00000, 0x00000000f3300000, 0x0000000100000000)
  eden space 121856K, 100% used [0x00000000eab00000,0x00000000f2200000,0x00000000f2200000)
  from space 8704K, 76% used [0x00000000f2a80000,0x00000000f30fca58,0x00000000f3300000)
  to   space 8704K, 0% used [0x00000000f2200000,0x00000000f2200000,0x00000000f2a80000)
 ParOldGen       total 40960K, used 19046K [0x00000000c0000000, 0x00000000c2800000, 0x00000000eab00000)
  object space 40960K, 46% used [0x00000000c0000000,0x00000000c1299bc0,0x00000000c2800000)
 Metaspace       used 7815K, capacity 8040K, committed 8320K, reserved 1056768K
  class space    used 755K, capacity 787K, committed 896K, reserved 1048576K
Event: 7,327 GC heap after
Heap after GC invocations=9 (full 0):
 PSYoungGen      total 130560K, used 7257K [0x00000000eab00000, 0x00000000f7a80000, 0x0000000100000000)
  eden space 121856K, 0% used [0x00000000eab00000,0x00000000eab00000,0x00000000f2200000)
  from space 8704K, 83% used [0x00000000f2200000,0x00000000f2916660,0x00000000f2a80000)
  to   space 8704K, 0% used [0x00000000f7200000,0x00000000f7200000,0x00000000f7a80000)
 ParOldGen       total 40960K, used 19414K [0x00000000c0000000, 0x00000000c2800000, 0x00000000eab00000)
  object space 40960K, 47% used [0x00000000c0000000,0x00000000c12f5bd8,0x00000000c2800000)
 Metaspace       used 7815K, capacity 8040K, committed 8320K, reserved 1056768K
  class space    used 755K, capacity 787K, committed 896K, reserved 1048576K
}
Event: 7,815 GC heap before
{Heap before GC invocations=10 (full 0):
 PSYoungGen      total 130560K, used 129113K [0x00000000eab00000, 0x00000000f7a80000, 0x0000000100000000)
  eden space 121856K, 100% used [0x00000000eab00000,0x00000000f2200000,0x00000000f2200000)
  from space 8704K, 83% used [0x00000000f2200000,0x00000000f2916660,0x00000000f2a80000)
  to   space 8704K, 0% used [0x00000000f7200000,0x00000000f7200000,0x00000000f7a80000)
 ParOldGen       total 40960K, used 19414K [0x00000000c0000000, 0x00000000c2800000, 0x00000000eab00000)
  object space 40960K, 47% used [0x00000000c0000000,0x00000000c12f5bd8,0x00000000c2800000)
 Metaspace       used 7820K, capacity 8040K, committed 8320K, reserved 1056768K
  class space    used 755K, capacity 787K, committed 896K, reserved 1048576K
Event: 7,839 GC heap after
Heap after GC invocations=10 (full 0):
 PSYoungGen      total 203264K, used 8220K [0x00000000eab00000, 0x00000000f7b80000, 0x0000000100000000)
  eden space 194560K, 0% used [0x00000000eab00000,0x00000000eab00000,0x00000000f6900000)
  from space 8704K, 94% used [0x00000000f7200000,0x00000000f7a070c0,0x00000000f7a80000)
  to   space 9216K, 0% used [0x00000000f6900000,0x00000000f6900000,0x00000000f7200000)
 ParOldGen       total 40960K, used 30508K [0x00000000c0000000, 0x00000000c2800000, 0x00000000eab00000)
  object space 40960K, 74% used [0x00000000c0000000,0x00000000c1dcb128,0x00000000c2800000)
 Metaspace       used 7820K, capacity 8040K, committed 8320K, reserved 1056768K
  class space    used 755K, capacity 787K, committed 896K, reserved 1048576K
}
Event: 8,506 GC heap before
{Heap before GC invocations=11 (full 0):
 PSYoungGen      total 203264K, used 202780K [0x00000000eab00000, 0x00000000f7b80000, 0x0000000100000000)
  eden space 194560K, 100% used [0x00000000eab00000,0x00000000f6900000,0x00000000f6900000)
  from space 8704K, 94% used [0x00000000f7200000,0x00000000f7a070c0,0x00000000f7a80000)
  to   space 9216K, 0% used [0x00000000f6900000,0x00000000f6900000,0x00000000f7200000)
 ParOldGen       total 40960K, used 30508K [0x00000000c0000000, 0x00000000c2800000, 0x00000000eab00000)
  object space 40960K, 74% used [0x00000000c0000000,0x00000000c1dcb128,0x00000000c2800000)
 Metaspace       used 7823K, capacity 8040K, committed 8320K, reserved 1056768K
  class space    used 755K, capacity 787K, committed 896K, reserved 1048576K

Deoptimization events (10 events):
Event: 5,322 Thread 0x00007f353400c000 Uncommon trap: reason=unstable_if action=reinterpret pc=0x00007f3524f99ff8 method=java.util.HashMap.getNode(ILjava/lang/Object;)Ljava/util/HashMap$Node; @ 84
Event: 5,322 Thread 0x00007f353400c000 Uncommon trap: reason=unstable_if action=reinterpret pc=0x00007f3524f9e17c method=java.util.HashMap.getNode(ILjava/lang/Object;)Ljava/util/HashMap$Node; @ 84
Event: 5,770 Thread 0x00007f353400c000 Uncommon trap: reason=unstable_if action=reinterpret pc=0x00007f3525204d10 method=com.android.dex.EncodedValueCodec.readUnsignedInt(Lcom/android/dex/util/ByteInput;IZ)I @ 3
Event: 8,302 Thread 0x00007f353400c000 Uncommon trap: reason=predicate action=maybe_recompile pc=0x00007f35252f9e2c method=java.util.ComparableTimSort.binarySort([Ljava/lang/Object;III)V @ 37
Event: 8,380 Thread 0x00007f353400c000 Uncommon trap: reason=predicate action=maybe_recompile pc=0x00007f3525306918 method=java.util.TimSort.binarySort([Ljava/lang/Object;IIILjava/util/Comparator;)V @ 37
Event: 8,381 Thread 0x00007f353400c000 Uncommon trap: reason=array_check action=maybe_recompile pc=0x00007f35252c8e9c method=java.util.TimSort.binarySort([Ljava/lang/Object;IIILjava/util/Comparator;)V @ 215
Event: 8,381 Thread 0x00007f353400c000 Uncommon trap: reason=array_check action=maybe_recompile pc=0x00007f35252c8e9c method=java.util.TimSort.binarySort([Ljava/lang/Object;IIILjava/util/Comparator;)V @ 215
Event: 8,381 Thread 0x00007f353400c000 Uncommon trap: reason=array_check action=maybe_recompile pc=0x00007f35252c8e9c method=java.util.TimSort.binarySort([Ljava/lang/Object;IIILjava/util/Comparator;)V @ 215
Event: 8,381 Thread 0x00007f353400c000 Uncommon trap: reason=array_check action=maybe_recompile pc=0x00007f35252c8fb8 method=java.util.TimSort.binarySort([Ljava/lang/Object;IIILjava/util/Comparator;)V @ 193
Event: 8,382 Thread 0x00007f353400c000 Uncommon trap: reason=array_check action=maybe_recompile pc=0x00007f35252c8fb8 method=java.util.TimSort.binarySort([Ljava/lang/Object;IIILjava/util/Comparator;)V @ 193

Internal exceptions (6 events):
Event: 0,274 Thread 0x00007f353400c000 Exception <a 'java/lang/NoSuchMethodError': Method sun.misc.Unsafe.defineClass(Ljava/lang/String;[BII)Ljava/lang/Class; name or signature does not match> (0x00000000eab12900) thrown at [/RE-WORK/workspace/8-2-build-linux-amd64/jdk8u45/3457/hotspot/src/sha
Event: 0,274 Thread 0x00007f353400c000 Exception <a 'java/lang/NoSuchMethodError': Method sun.misc.Unsafe.prefetchRead(Ljava/lang/Object;J)V name or signature does not match> (0x00000000eab12b90) thrown at [/RE-WORK/workspace/8-2-build-linux-amd64/jdk8u45/3457/hotspot/src/share/vm/prims/jni.cp
Event: 5,086 Thread 0x00007f353400c000 Exception <a 'java/security/PrivilegedActionException'> (0x00000000ead626b8) thrown at [/RE-WORK/workspace/8-2-build-linux-amd64/jdk8u45/3457/hotspot/src/share/vm/prims/jvm.cpp, line 1382]
Event: 5,087 Thread 0x00007f353400c000 Exception <a 'java/security/PrivilegedActionException'> (0x00000000ead62a00) thrown at [/RE-WORK/workspace/8-2-build-linux-amd64/jdk8u45/3457/hotspot/src/share/vm/prims/jvm.cpp, line 1382]
Event: 5,087 Thread 0x00007f353400c000 Exception <a 'java/security/PrivilegedActionException'> (0x00000000ead650b0) thrown at [/RE-WORK/workspace/8-2-build-linux-amd64/jdk8u45/3457/hotspot/src/share/vm/prims/jvm.cpp, line 1382]
Event: 5,087 Thread 0x00007f353400c000 Exception <a 'java/security/PrivilegedActionException'> (0x00000000ead653f8) thrown at [/RE-WORK/workspace/8-2-build-linux-amd64/jdk8u45/3457/hotspot/src/share/vm/prims/jvm.cpp, line 1382]

Events (10 events):
Event: 8,381 Thread 0x00007f353400c000 Uncommon trap: trap_request=0xffffffd6 fr.pc=0x00007f35252c8e9c
Event: 8,381 Thread 0x00007f353400c000 DEOPT PACKING pc=0x00007f35252c8e9c sp=0x00007f353a9e4360
Event: 8,381 Thread 0x00007f353400c000 DEOPT UNPACKING pc=0x00007f35249d2229 sp=0x00007f353a9e4310 mode 2
Event: 8,381 Thread 0x00007f353400c000 Uncommon trap: trap_request=0xffffffd6 fr.pc=0x00007f35252c8fb8
Event: 8,382 Thread 0x00007f353400c000 DEOPT PACKING pc=0x00007f35252c8fb8 sp=0x00007f353a9e4360
Event: 8,382 Thread 0x00007f353400c000 DEOPT UNPACKING pc=0x00007f35249d2229 sp=0x00007f353a9e4310 mode 2
Event: 8,382 Thread 0x00007f353400c000 Uncommon trap: trap_request=0xffffffd6 fr.pc=0x00007f35252c8fb8
Event: 8,382 Thread 0x00007f353400c000 DEOPT PACKING pc=0x00007f35252c8fb8 sp=0x00007f353a9e4360
Event: 8,382 Thread 0x00007f353400c000 DEOPT UNPACKING pc=0x00007f35249d2229 sp=0x00007f353a9e4310 mode 2
Event: 8,506 Executing VM operation: ParallelGCFailedAllocation


Dynamic libraries:
00400000-00401000 r-xp 00000000 08:05 5912381                            /usr/lib/jvm/java-8-oracle/bin/java
00600000-00601000 rw-p 00000000 08:05 5912381                            /usr/lib/jvm/java-8-oracle/bin/java
014fa000-0151b000 rw-p 00000000 00:00 0                                  [heap]
c0000000-c2d00000 rw-p 00000000 00:00 0 
c2d00000-eab00000 ---p 00000000 00:00 0 
eab00000-f7b80000 rw-p 00000000 00:00 0 
fed00000-100000000 ---p 00000000 00:00 0 
100000000-1000e0000 rw-p 00000000 00:00 0 
1000e0000-140000000 ---p 00000000 00:00 0 
7f34e4000000-7f34e4021000 rw-p 00000000 00:00 0 
7f34e4021000-7f34e8000000 ---p 00000000 00:00 0 
7f34e8000000-7f34e8021000 rw-p 00000000 00:00 0 
7f34e8021000-7f34ec000000 ---p 00000000 00:00 0 
7f34ec000000-7f34ecd6f000 rw-p 00000000 00:00 0 
7f34ecd6f000-7f34f0000000 ---p 00000000 00:00 0 
7f34f0000000-7f34f067e000 rw-p 00000000 00:00 0 
7f34f067e000-7f34f4000000 ---p 00000000 00:00 0 
7f34f4000000-7f34f4021000 rw-p 00000000 00:00 0 
7f34f4021000-7f34f8000000 ---p 00000000 00:00 0 
7f34f8000000-7f34f8b16000 rw-p 00000000 00:00 0 
7f34f8b16000-7f34fc000000 ---p 00000000 00:00 0 
7f34fc000000-7f34fc021000 rw-p 00000000 00:00 0 
7f34fc021000-7f3500000000 ---p 00000000 00:00 0 
7f3500000000-7f3500021000 rw-p 00000000 00:00 0 
7f3500021000-7f3504000000 ---p 00000000 00:00 0 
7f3504000000-7f3504021000 rw-p 00000000 00:00 0 
7f3504021000-7f3508000000 ---p 00000000 00:00 0 
7f3508000000-7f350829c000 rw-p 00000000 00:00 0 
7f350829c000-7f350c000000 ---p 00000000 00:00 0 
7f350c000000-7f350c021000 rw-p 00000000 00:00 0 
7f350c021000-7f3510000000 ---p 00000000 00:00 0 
7f3511cb2000-7f3511eb2000 rw-p 00000000 00:00 0 
7f3514000000-7f3514021000 rw-p 00000000 00:00 0 
7f3514021000-7f3518000000 ---p 00000000 00:00 0 
7f351b3c4000-7f351b3e9000 r--p 00000000 08:05 534102                     /usr/share/locale-langpack/pl/LC_MESSAGES/libc.mo
7f351b3e9000-7f351b3ea000 ---p 00000000 00:00 0 
7f351b3ea000-7f351b4ea000 rw-p 00000000 00:00 0                          [stack:4161]
7f351b4ea000-7f351b4ed000 ---p 00000000 00:00 0 
7f351b4ed000-7f351b5eb000 rw-p 00000000 00:00 0                          [stack:4160]
7f351b5eb000-7f351b5ee000 ---p 00000000 00:00 0 
7f351b5ee000-7f351b6ec000 rw-p 00000000 00:00 0                          [stack:4159]
7f351b6ec000-7f351b6ef000 ---p 00000000 00:00 0 
7f351b6ef000-7f351b7ed000 rw-p 00000000 00:00 0                          [stack:4158]
7f351b7ed000-7f351c000000 r--p 00000000 08:05 5905427                    /usr/lib/locale/locale-archive
7f351c000000-7f351c021000 rw-p 00000000 00:00 0 
7f351c021000-7f3520000000 ---p 00000000 00:00 0 
7f352000d000-7f3520018000 r--s 00116000 08:05 5912065                    /usr/lib/jvm/java-8-oracle/jre/lib/ext/localedata.jar
7f3520018000-7f3520034000 r--s 00393000 08:05 5912064                    /usr/lib/jvm/java-8-oracle/jre/lib/ext/cldrdata.jar
7f3520034000-7f3520037000 ---p 00000000 00:00 0 
7f3520037000-7f3520135000 rw-p 00000000 00:00 0                          [stack:4157]
7f3520135000-7f3520138000 ---p 00000000 00:00 0 
7f3520138000-7f3520236000 rw-p 00000000 00:00 0                          [stack:4156]
7f3520236000-7f3520239000 ---p 00000000 00:00 0 
7f3520239000-7f3520337000 rw-p 00000000 00:00 0                          [stack:4155]
7f3520337000-7f352033a000 ---p 00000000 00:00 0 
7f352033a000-7f3520438000 rw-p 00000000 00:00 0                          [stack:4154]
7f3520438000-7f3520439000 ---p 00000000 00:00 0 
7f3520439000-7f35214d9000 rw-p 00000000 00:00 0                          [stack:4153]
7f35214d9000-7f35216b2000 r--s 03d09000 08:05 5912242                    /usr/lib/jvm/java-8-oracle/jre/lib/rt.jar
7f35216b2000-7f3521df2000 rw-p 00000000 00:00 0 
7f3521df2000-7f3521eb2000 ---p 00000000 00:00 0 
7f3521eb2000-7f3523eb2000 rw-p 00000000 00:00 0 
7f3523eb2000-7f3523eb3000 ---p 00000000 00:00 0 
7f3523eb3000-7f3523fb3000 rw-p 00000000 00:00 0                          [stack:4152]
7f3523fb3000-7f3523fb4000 ---p 00000000 00:00 0 
7f3523fb4000-7f35240b4000 rw-p 00000000 00:00 0                          [stack:4151]
7f35240b4000-7f35240b5000 ---p 00000000 00:00 0 
7f35240b5000-7f35241b5000 rw-p 00000000 00:00 0                          [stack:4150]
7f35241b5000-7f35241b6000 ---p 00000000 00:00 0 
7f35241b6000-7f35242cd000 rw-p 00000000 00:00 0                          [stack:4149]
7f35242cd000-7f352440c000 ---p 00000000 00:00 0 
7f352440c000-7f3524423000 rw-p 00000000 00:00 0 
7f3524423000-7f3524561000 ---p 00000000 00:00 0 
7f3524561000-7f35245ca000 rw-p 00000000 00:00 0 
7f35245ca000-7f352460c000 ---p 00000000 00:00 0 
7f352460c000-7f3524633000 rw-p 00000000 00:00 0 
7f3524633000-7f35249cd000 ---p 00000000 00:00 0 
7f35249cd000-7f352531d000 rwxp 00000000 00:00 0 
7f352531d000-7f35339cd000 ---p 00000000 00:00 0 
7f35339cd000-7f35339e7000 r-xp 00000000 08:05 5912221                    /usr/lib/jvm/java-8-oracle/jre/lib/amd64/libzip.so
7f35339e7000-7f3533be7000 ---p 0001a000 08:05 5912221                    /usr/lib/jvm/java-8-oracle/jre/lib/amd64/libzip.so
7f3533be7000-7f3533be8000 rw-p 0001a000 08:05 5912221                    /usr/lib/jvm/java-8-oracle/jre/lib/amd64/libzip.so
7f3533be8000-7f3533bf3000 r-xp 00000000 08:05 4718611                    /lib/x86_64-linux-gnu/libnss_files-2.19.so
7f3533bf3000-7f3533df2000 ---p 0000b000 08:05 4718611                    /lib/x86_64-linux-gnu/libnss_files-2.19.so
7f3533df2000-7f3533df3000 r--p 0000a000 08:05 4718611                    /lib/x86_64-linux-gnu/libnss_files-2.19.so
7f3533df3000-7f3533df4000 rw-p 0000b000 08:05 4718611                    /lib/x86_64-linux-gnu/libnss_files-2.19.so
7f3533df4000-7f3533dff000 r-xp 00000000 08:05 4722600                    /lib/x86_64-linux-gnu/libnss_nis-2.19.so
7f3533dff000-7f3533ffe000 ---p 0000b000 08:05 4722600                    /lib/x86_64-linux-gnu/libnss_nis-2.19.so
7f3533ffe000-7f3533fff000 r--p 0000a000 08:05 4722600                    /lib/x86_64-linux-gnu/libnss_nis-2.19.so
7f3533fff000-7f3534000000 rw-p 0000b000 08:05 4722600                    /lib/x86_64-linux-gnu/libnss_nis-2.19.so
7f3534000000-7f35343c4000 rw-p 00000000 00:00 0 
7f35343c4000-7f3538000000 ---p 00000000 00:00 0 
7f3538009000-7f3538018000 r--s 000dd000 08:05 1981417                    /root/Android/Sdk/build-tools/22.0.1/lib/dx.jar
7f3538018000-7f35380af000 rw-p 00000000 00:00 0 
7f35380af000-7f35380c6000 r-xp 00000000 08:05 4718686                    /lib/x86_64-linux-gnu/libnsl-2.19.so
7f35380c6000-7f35382c5000 ---p 00017000 08:05 4718686                    /lib/x86_64-linux-gnu/libnsl-2.19.so
7f35382c5000-7f35382c6000 r--p 00016000 08:05 4718686                    /lib/x86_64-linux-gnu/libnsl-2.19.so
7f35382c6000-7f35382c7000 rw-p 00017000 08:05 4718686                    /lib/x86_64-linux-gnu/libnsl-2.19.so
7f35382c7000-7f35382c9000 rw-p 00000000 00:00 0 
7f35382c9000-7f35382d2000 r-xp 00000000 08:05 4718685                    /lib/x86_64-linux-gnu/libnss_compat-2.19.so
7f35382d2000-7f35384d1000 ---p 00009000 08:05 4718685                    /lib/x86_64-linux-gnu/libnss_compat-2.19.so
7f35384d1000-7f35384d2000 r--p 00008000 08:05 4718685                    /lib/x86_64-linux-gnu/libnss_compat-2.19.so
7f35384d2000-7f35384d3000 rw-p 00009000 08:05 4718685                    /lib/x86_64-linux-gnu/libnss_compat-2.19.so
7f35384d3000-7f35384fd000 r-xp 00000000 08:05 5912212                    /usr/lib/jvm/java-8-oracle/jre/lib/amd64/libjava.so
7f35384fd000-7f35386fd000 ---p 0002a000 08:05 5912212                    /usr/lib/jvm/java-8-oracle/jre/lib/amd64/libjava.so
7f35386fd000-7f35386ff000 rw-p 0002a000 08:05 5912212                    /usr/lib/jvm/java-8-oracle/jre/lib/amd64/libjava.so
7f35386ff000-7f353870c000 r-xp 00000000 08:05 5912207                    /usr/lib/jvm/java-8-oracle/jre/lib/amd64/libverify.so
7f353870c000-7f353890c000 ---p 0000d000 08:05 5912207                    /usr/lib/jvm/java-8-oracle/jre/lib/amd64/libverify.so
7f353890c000-7f353890e000 rw-p 0000d000 08:05 5912207                    /usr/lib/jvm/java-8-oracle/jre/lib/amd64/libverify.so
7f353890e000-7f3538915000 r-xp 00000000 08:05 4718694                    /lib/x86_64-linux-gnu/librt-2.19.so
7f3538915000-7f3538b14000 ---p 00007000 08:05 4718694                    /lib/x86_64-linux-gnu/librt-2.19.so
7f3538b14000-7f3538b15000 r--p 00006000 08:05 4718694                    /lib/x86_64-linux-gnu/librt-2.19.so
7f3538b15000-7f3538b16000 rw-p 00007000 08:05 4718694                    /lib/x86_64-linux-gnu/librt-2.19.so
7f3538b16000-7f3538c1b000 r-xp 00000000 08:05 4718607                    /lib/x86_64-linux-gnu/libm-2.19.so
7f3538c1b000-7f3538e1a000 ---p 00105000 08:05 4718607                    /lib/x86_64-linux-gnu/libm-2.19.so
7f3538e1a000-7f3538e1b000 r--p 00104000 08:05 4718607                    /lib/x86_64-linux-gnu/libm-2.19.so
7f3538e1b000-7f3538e1c000 rw-p 00105000 08:05 4718607                    /lib/x86_64-linux-gnu/libm-2.19.so
7f3538e1c000-7f3539aca000 r-xp 00000000 08:05 5912216                    /usr/lib/jvm/java-8-oracle/jre/lib/amd64/server/libjvm.so
7f3539aca000-7f3539cc9000 ---p 00cae000 08:05 5912216                    /usr/lib/jvm/java-8-oracle/jre/lib/amd64/server/libjvm.so
7f3539cc9000-7f3539da0000 rw-p 00cad000 08:05 5912216                    /usr/lib/jvm/java-8-oracle/jre/lib/amd64/server/libjvm.so
7f3539da0000-7f3539de4000 rw-p 00000000 00:00 0 
7f3539de4000-7f3539f9f000 r-xp 00000000 08:05 4718691                    /lib/x86_64-linux-gnu/libc-2.19.so
7f3539f9f000-7f353a19e000 ---p 001bb000 08:05 4718691                    /lib/x86_64-linux-gnu/libc-2.19.so
7f353a19e000-7f353a1a2000 r--p 001ba000 08:05 4718691                    /lib/x86_64-linux-gnu/libc-2.19.so
7f353a1a2000-7f353a1a4000 rw-p 001be000 08:05 4718691                    /lib/x86_64-linux-gnu/libc-2.19.so
7f353a1a4000-7f353a1a9000 rw-p 00000000 00:00 0 
7f353a1a9000-7f353a1ac000 r-xp 00000000 08:05 4718622                    /lib/x86_64-linux-gnu/libdl-2.19.so
7f353a1ac000-7f353a3ab000 ---p 00003000 08:05 4718622                    /lib/x86_64-linux-gnu/libdl-2.19.so
7f353a3ab000-7f353a3ac000 r--p 00002000 08:05 4718622                    /lib/x86_64-linux-gnu/libdl-2.19.so
7f353a3ac000-7f353a3ad000 rw-p 00003000 08:05 4718622                    /lib/x86_64-linux-gnu/libdl-2.19.so
7f353a3ad000-7f353a3c2000 r-xp 00000000 08:05 5913122                    /usr/lib/jvm/java-8-oracle/lib/amd64/jli/libjli.so
7f353a3c2000-7f353a5c2000 ---p 00015000 08:05 5913122                    /usr/lib/jvm/java-8-oracle/lib/amd64/jli/libjli.so
7f353a5c2000-7f353a5c3000 rw-p 00015000 08:05 5913122                    /usr/lib/jvm/java-8-oracle/lib/amd64/jli/libjli.so
7f353a5c3000-7f353a5dc000 r-xp 00000000 08:05 4718692                    /lib/x86_64-linux-gnu/libpthread-2.19.so
7f353a5dc000-7f353a7db000 ---p 00019000 08:05 4718692                    /lib/x86_64-linux-gnu/libpthread-2.19.so
7f353a7db000-7f353a7dc000 r--p 00018000 08:05 4718692                    /lib/x86_64-linux-gnu/libpthread-2.19.so
7f353a7dc000-7f353a7dd000 rw-p 00019000 08:05 4718692                    /lib/x86_64-linux-gnu/libpthread-2.19.so
7f353a7dd000-7f353a7e1000 rw-p 00000000 00:00 0 
7f353a7e1000-7f353a804000 r-xp 00000000 08:05 4718688                    /lib/x86_64-linux-gnu/ld-2.19.so
7f353a80c000-7f353a8e5000 rw-p 00000000 00:00 0 
7f353a8e5000-7f353a8e8000 ---p 00000000 00:00 0 
7f353a8e8000-7f353a9eb000 rw-p 00000000 00:00 0                          [stack:4148]
7f353a9eb000-7f353a9f2000 r--s 00000000 08:05 6167872                    /usr/lib/x86_64-linux-gnu/gconv/gconv-modules.cache
7f353a9f2000-7f353a9f7000 r--s 00094000 08:05 5912296                    /usr/lib/jvm/java-8-oracle/jre/lib/jsse.jar
7f353a9f7000-7f353a9ff000 rw-s 00000000 08:05 4456496                    /tmp/hsperfdata_root/4142
7f353a9ff000-7f353aa00000 rw-p 00000000 00:00 0 
7f353aa00000-7f353aa01000 ---p 00000000 00:00 0 
7f353aa01000-7f353aa03000 rw-p 00000000 00:00 0 
7f353aa03000-7f353aa04000 r--p 00022000 08:05 4718688                    /lib/x86_64-linux-gnu/ld-2.19.so
7f353aa04000-7f353aa05000 rw-p 00023000 08:05 4718688                    /lib/x86_64-linux-gnu/ld-2.19.so
7f353aa05000-7f353aa06000 rw-p 00000000 00:00 0 
7fff49bae000-7fff49bd0000 rw-p 00000000 00:00 0                          [stack]
7fff49bd6000-7fff49bd8000 r-xp 00000000 00:00 0                          [vdso]
7fff49bd8000-7fff49bda000 r--p 00000000 00:00 0                          [vvar]
ffffffffff600000-ffffffffff601000 r-xp 00000000 00:00 0                  [vsyscall]

VM Arguments:
jvm_args: -Xmx1024M -Dfile.encoding=UTF-8 -Duser.country=PL -Duser.language=pl -Duser.variant 
java_command: com.android.dx.command.Main --dex --output /media/lukas121213/Data/repozytorium inz/superniania-inzynierka/SuperNiania/app/build/intermediates/dex/debug /media/lukas121213/Data/repozytorium inz/superniania-inzynierka/SuperNiania/app/build/intermediates/classes/debug /media/lukas121213/Data/repozytorium inz/superniania-inzynierka/SuperNiania/app/build/intermediates/pre-dexed/debug/support-annotations-22.0.0-5c3eb70b57859c75c7a27e70cee70709b060b059.jar /media/lukas121213/Data/repozytorium inz/superniania-inzynierka/SuperNiania/app/build/intermediates/pre-dexed/debug/classes-2209cf3cd09ad27ce74d81a838195fca163cf526.jar /media/lukas121213/Data/repozytorium inz/superniania-inzynierka/SuperNiania/app/build/intermediates/pre-dexed/debug/classes-0630c90ec0621138e01fd12c1bb5d9842841a398.jar /media/lukas121213/Data/repozytorium inz/superniania-inzynierka/SuperNiania/app/build/intermediates/pre-dexed/debug/classes-38fb6e6e4e264a19987241b98578ec8cdf55411c.jar /media/lukas121213/Data/repozytorium inz/superniania-inzynierka/SuperNiania/app/build/intermediates/pre-dexed/debug/classes-12eb190630f82f7e1ea02e1aa7c607a80bd89368.jar /media/lukas121213/Data/repozytorium inz/superniania-inzynierka/SuperNiania/app/build/intermediates/pre-dexed/debug/classes-3a8e601147ab1b9c37d047ba47370306423b9f90.jar /media/lukas121213/Data/repozytorium inz/superniania-inzynierka/SuperNiania/app/build/intermediates/pre-dexed/debug/classes-1aeaeebd79b9610b1220a67aaec1834584966337.jar /media/lukas121213/Data/repozytorium inz/superniania-inzynierka/SuperNiania/app/build/intermediates/pre-dexed/debug/classes-a7c45930c00b03c137a15b72c46b789bf7d403c4.jar /media/lukas121213/Data/repozytorium inz/superniania-inzynierka/SuperNiania/app/build/intermediates/pre-dexed/debug/classes-92d6bc39b290e5ebc06e5b73f3b1e5e6e3c092a9.jar /media/lukas121213/Data/repozytorium inz/superniania-inzynierka/SuperNiania/app/build/intermediates/pre-dexed/debug/classes-ee988fa70e23b8c5417559ebdee1202d8f0542ea.jar /media/l
java_class_path (initial): /root/Android/Sdk/build-tools/22.0.1/lib/dx.jar
Launcher Type: SUN_STANDARD

Environment Variables:
PATH=/usr/local/sbin:/usr/local/bin:/usr/sbin:/usr/bin:/sbin:/bin:/usr/games:/usr/local/games
USERNAME=root
LD_LIBRARY_PATH=.:
SHELL=/bin/bash
DISPLAY=:0

Signal Handlers:
SIGSEGV: [libjvm.so+0xaad1e0], sa_mask[0]=11111111011111111101111111111110, sa_flags=SA_RESTART|SA_SIGINFO
SIGBUS: [libjvm.so+0xaad1e0], sa_mask[0]=11111111011111111101111111111110, sa_flags=SA_RESTART|SA_SIGINFO
SIGFPE: [libjvm.so+0x90b450], sa_mask[0]=11111111011111111101111111111110, sa_flags=SA_RESTART|SA_SIGINFO
SIGPIPE: [libjvm.so+0x90b450], sa_mask[0]=11111111011111111101111111111110, sa_flags=SA_RESTART|SA_SIGINFO
SIGXFSZ: [libjvm.so+0x90b450], sa_mask[0]=11111111011111111101111111111110, sa_flags=SA_RESTART|SA_SIGINFO
SIGILL: [libjvm.so+0x90b450], sa_mask[0]=11111111011111111101111111111110, sa_flags=SA_RESTART|SA_SIGINFO
SIGUSR1: SIG_DFL, sa_mask[0]=00000000000000000000000000000000, sa_flags=none
SIGUSR2: [libjvm.so+0x90ca90], sa_mask[0]=00100000000000000000000000000000, sa_flags=SA_RESTART|SA_SIGINFO
SIGHUP: [libjvm.so+0x90dde0], sa_mask[0]=11111111011111111101111111111110, sa_flags=SA_RESTART|SA_SIGINFO
SIGINT: [libjvm.so+0x90dde0], sa_mask[0]=11111111011111111101111111111110, sa_flags=SA_RESTART|SA_SIGINFO
SIGTERM: [libjvm.so+0x90dde0], sa_mask[0]=11111111011111111101111111111110, sa_flags=SA_RESTART|SA_SIGINFO
SIGQUIT: [libjvm.so+0x90dde0], sa_mask[0]=11111111011111111101111111111110, sa_flags=SA_RESTART|SA_SIGINFO


---------------  S Y S T E M  ---------------

OS:DISTRIB_ID=Ubuntu
DISTRIB_RELEASE=14.04
DISTRIB_CODENAME=trusty
DISTRIB_DESCRIPTION="Ubuntu 14.04.2 LTS"

uname:Linux 3.16.0-44-generic #59~14.04.1-Ubuntu SMP Tue Jul 7 15:07:27 UTC 2015 x86_64
libc:glibc 2.19 NPTL 2.19 
rlimit: STACK 8192k, CORE 0k, NPROC 15181, NOFILE 4096, AS infinity
load average:1,06 1,21 1,17

/proc/meminfo:
MemTotal:        3931116 kB
MemFree:          120100 kB
MemAvailable:      68368 kB
Buffers:            1388 kB
Cached:           288084 kB
SwapCached:            0 kB
Active:          3366484 kB
Inactive:         274156 kB
Active(anon):    3360560 kB
Inactive(anon):   248024 kB
Active(file):       5924 kB
Inactive(file):    26132 kB
Unevictable:          32 kB
Mlocked:              32 kB
SwapTotal:             0 kB
SwapFree:              0 kB
Dirty:               144 kB
Writeback:             0 kB
AnonPages:       3351336 kB
Mapped:            70644 kB
Shmem:            257280 kB
Slab:              67524 kB
SReclaimable:      33412 kB
SUnreclaim:        34112 kB
KernelStack:       10864 kB
PageTables:        38428 kB
NFS_Unstable:          0 kB
Bounce:                0 kB
WritebackTmp:          0 kB
CommitLimit:     1965556 kB
Committed_AS:    6572940 kB
VmallocTotal:   34359738367 kB
VmallocUsed:      348188 kB
VmallocChunk:   34359293464 kB
HardwareCorrupted:     0 kB
AnonHugePages:   1138688 kB
HugePages_Total:       0
HugePages_Free:        0
HugePages_Rsvd:        0
HugePages_Surp:        0
Hugepagesize:       2048 kB
DirectMap4k:       79968 kB
DirectMap2M:     3997696 kB


CPU:total 4 (2 cores per cpu, 2 threads per core) family 6 model 58 stepping 9, cmov, cx8, fxsr, mmx, sse, sse2, sse3, ssse3, sse4.1, sse4.2, popcnt, avx, clmul, erms, ht, tsc, tscinvbit, tscinv

/proc/cpuinfo:
processor	: 0
vendor_id	: GenuineIntel
cpu family	: 6
model		: 58
model name	: Intel(R) Core(TM) i3-3217U CPU @ 1.80GHz
stepping	: 9
microcode	: 0x16
cpu MHz		: 1523.531
cache size	: 3072 KB
physical id	: 0
siblings	: 4
core id		: 0
cpu cores	: 2
apicid		: 0
initial apicid	: 0
fpu		: yes
fpu_exception	: yes
cpuid level	: 13
wp		: yes
flags		: fpu vme de pse tsc msr pae mce cx8 apic sep mtrr pge mca cmov pat pse36 clflush dts acpi mmx fxsr sse sse2 ss ht tm pbe syscall nx rdtscp lm constant_tsc arch_perfmon pebs bts rep_good nopl xtopology nonstop_tsc aperfmperf eagerfpu pni pclmulqdq dtes64 monitor ds_cpl vmx est tm2 ssse3 cx16 xtpr pdcm pcid sse4_1 sse4_2 x2apic popcnt tsc_deadline_timer xsave avx f16c lahf_lm ida arat epb xsaveopt pln pts dtherm tpr_shadow vnmi flexpriority ept vpid fsgsbase smep erms
bogomips	: 3592.12
clflush size	: 64
cache_alignment	: 64
address sizes	: 36 bits physical, 48 bits virtual
power management:

processor	: 1
vendor_id	: GenuineIntel
cpu family	: 6
model		: 58
model name	: Intel(R) Core(TM) i3-3217U CPU @ 1.80GHz
stepping	: 9
microcode	: 0x16
cpu MHz		: 1794.515
cache size	: 3072 KB
physical id	: 0
siblings	: 4
core id		: 1
cpu cores	: 2
apicid		: 2
initial apicid	: 2
fpu		: yes
fpu_exception	: yes
cpuid level	: 13
wp		: yes
flags		: fpu vme de pse tsc msr pae mce cx8 apic sep mtrr pge mca cmov pat pse36 clflush dts acpi mmx fxsr sse sse2 ss ht tm pbe syscall nx rdtscp lm constant_tsc arch_perfmon pebs bts rep_good nopl xtopology nonstop_tsc aperfmperf eagerfpu pni pclmulqdq dtes64 monitor ds_cpl vmx est tm2 ssse3 cx16 xtpr pdcm pcid sse4_1 sse4_2 x2apic popcnt tsc_deadline_timer xsave avx f16c lahf_lm ida arat epb xsaveopt pln pts dtherm tpr_shadow vnmi flexpriority ept vpid fsgsbase smep erms
bogomips	: 3592.12
clflush size	: 64
cache_alignment	: 64
address sizes	: 36 bits physical, 48 bits virtual
power management:

processor	: 2
vendor_id	: GenuineIntel
cpu family	: 6
model		: 58
model name	: Intel(R) Core(TM) i3-3217U CPU @ 1.80GHz
stepping	: 9
microcode	: 0x16
cpu MHz		: 1719.562
cache size	: 3072 KB
physical id	: 0
siblings	: 4
core id		: 0
cpu cores	: 2
apicid		: 1
initial apicid	: 1
fpu		: yes
fpu_exception	: yes
cpuid level	: 13
wp		: yes
flags		: fpu vme de pse tsc msr pae mce cx8 apic sep mtrr pge mca cmov pat pse36 clflush dts acpi mmx fxsr sse sse2 ss ht tm pbe syscall nx rdtscp lm constant_tsc arch_perfmon pebs bts rep_good nopl xtopology nonstop_tsc aperfmperf eagerfpu pni pclmulqdq dtes64 monitor ds_cpl vmx est tm2 ssse3 cx16 xtpr pdcm pcid sse4_1 sse4_2 x2apic popcnt tsc_deadline_timer xsave avx f16c lahf_lm ida arat epb xsaveopt pln pts dtherm tpr_shadow vnmi flexpriority ept vpid fsgsbase smep erms
bogomips	: 3592.12
clflush size	: 64
cache_alignment	: 64
address sizes	: 36 bits physical, 48 bits virtual
power management:

processor	: 3
vendor_id	: GenuineIntel
cpu family	: 6
model		: 58
model name	: Intel(R) Core(TM) i3-3217U CPU @ 1.80GHz
stepping	: 9
microcode	: 0x16
cpu MHz		: 1682.507
cache size	: 3072 KB
physical id	: 0
siblings	: 4
core id		: 1
cpu cores	: 2
apicid		: 3
initial apicid	: 3
fpu		: yes
fpu_exception	: yes
cpuid level	: 13
wp		: yes
flags		: fpu vme de pse tsc msr pae mce cx8 apic sep mtrr pge mca cmov pat pse36 clflush dts acpi mmx fxsr sse sse2 ss ht tm pbe syscall nx rdtscp lm constant_tsc arch_perfmon pebs bts rep_good nopl xtopology nonstop_tsc aperfmperf eagerfpu pni pclmulqdq dtes64 monitor ds_cpl vmx est tm2 ssse3 cx16 xtpr pdcm pcid sse4_1 sse4_2 x2apic popcnt tsc_deadline_timer xsave avx f16c lahf_lm ida arat epb xsaveopt pln pts dtherm tpr_shadow vnmi flexpriority ept vpid fsgsbase smep erms
bogomips	: 3592.12
clflush size	: 64
cache_alignment	: 64
address sizes	: 36 bits physical, 48 bits virtual
power management:



Memory: 4k page, physical 3931116k(120100k free), swap 0k(0k free)

vm_info: Java HotSpot(TM) 64-Bit Server VM (25.45-b02) for linux-amd64 JRE (1.8.0_45-b14), built on Apr 10 2015 10:07:45 by "java_re" with gcc 4.3.0 20080428 (Red Hat 4.3.0-8)

time: Mon Jul 27 22:22:27 2015
elapsed time: 11 seconds (0d 0h 0m 11s)

