#
# There is insufficient memory for the Java Runtime Environment to continue.
# Native memory allocation (mmap) failed to map 128974848 bytes for committing reserved memory.
# Possible reasons:
#   The system is out of physical RAM or swap space
#   In 32 bit mode, the process size limit was hit
# Possible solutions:
#   Reduce memory load on the system
#   Increase physical memory or swap space
#   Check if swap backing store is full
#   Use 64 bit Java on a 64 bit OS
#   Decrease Java heap size (-Xmx/-Xms)
#   Decrease number of Java threads
#   Decrease Java thread stack sizes (-Xss)
#   Set larger code cache with -XX:ReservedCodeCacheSize=
# This output file may be truncated or incomplete.
#
#  Out of Memory Error (os_linux.cpp:2673), pid=9578, tid=140486975125248
#
# JRE version: Java(TM) SE Runtime Environment (8.0_45-b14) (build 1.8.0_45-b14)
# Java VM: Java HotSpot(TM) 64-Bit Server VM (25.45-b02 mixed mode linux-amd64 compressed oops)
# Failed to write core dump. Core dumps have been disabled. To enable core dumping, try "ulimit -c unlimited" before starting Java again
#

---------------  T H R E A D  ---------------

Current thread (0x00007fc5c007a000):  VMThread [stack: 0x00007fc5ac2f7000,0x00007fc5ac3f8000] [id=9588]

Stack: [0x00007fc5ac2f7000,0x00007fc5ac3f8000],  sp=0x00007fc5ac3f5fe0,  free space=1019k
Native frames: (J=compiled Java code, j=interpreted, Vv=VM code, C=native code)
V  [libjvm.so+0xaac99a]  VMError::report_and_die()+0x2ba
V  [libjvm.so+0x4f333b]  report_vm_out_of_memory(char const*, int, unsigned long, VMErrorType, char const*)+0x8b
V  [libjvm.so+0x90e7c3]  os::Linux::commit_memory_impl(char*, unsigned long, bool)+0x103
V  [libjvm.so+0x90ed19]  os::pd_commit_memory(char*, unsigned long, unsigned long, bool)+0x29
V  [libjvm.so+0x90867a]  os::commit_memory(char*, unsigned long, unsigned long, bool)+0x2a
V  [libjvm.so+0x97bac3]  PSVirtualSpace::expand_by(unsigned long)+0x53
V  [libjvm.so+0x97cec8]  PSYoungGen::resize_generation(unsigned long, unsigned long)+0xf8
V  [libjvm.so+0x97c022]  PSYoungGen::resize(unsigned long, unsigned long)+0x22
V  [libjvm.so+0x9792fb]  PSScavenge::invoke_no_policy()+0xf7b
V  [libjvm.so+0x979a81]  PSScavenge::invoke()+0x41
V  [libjvm.so+0x932050]  ParallelScavengeHeap::failed_mem_allocate(unsigned long)+0x70
V  [libjvm.so+0xaae1d7]  VM_ParallelGCFailedAllocation::doit()+0x97
V  [libjvm.so+0xab59c5]  VM_Operation::evaluate()+0x55
V  [libjvm.so+0xab3d9a]  VMThread::evaluate_operation(VM_Operation*)+0xba
V  [libjvm.so+0xab411e]  VMThread::loop()+0x1ce
V  [libjvm.so+0xab4590]  VMThread::run()+0x70
V  [libjvm.so+0x910de8]  java_start(Thread*)+0x108

VM_Operation (0x00007fc5c6aa73c0): ParallelGCFailedAllocation, mode: safepoint, requested by thread 0x00007fc5c000c000


---------------  P R O C E S S  ---------------

Java Threads: ( => current thread )
  0x00007fc5c00cc800 JavaThread "Service Thread" daemon [_thread_blocked, id=9595, stack(0x00007fc5a72e8000,0x00007fc5a73e9000)]
  0x00007fc5c00bf800 JavaThread "C1 CompilerThread2" daemon [_thread_blocked, id=9594, stack(0x00007fc5a73e9000,0x00007fc5a74ea000)]
  0x00007fc5c00bd800 JavaThread "C2 CompilerThread1" daemon [_thread_blocked, id=9593, stack(0x00007fc5a74ea000,0x00007fc5a75eb000)]
  0x00007fc5c00ba800 JavaThread "C2 CompilerThread0" daemon [_thread_blocked, id=9592, stack(0x00007fc5a75eb000,0x00007fc5a76ec000)]
  0x00007fc5c00b9000 JavaThread "Signal Dispatcher" daemon [_thread_blocked, id=9591, stack(0x00007fc5a76ec000,0x00007fc5a77ed000)]
  0x00007fc5c0081000 JavaThread "Finalizer" daemon [_thread_blocked, id=9590, stack(0x00007fc5ac0f5000,0x00007fc5ac1f6000)]
  0x00007fc5c007f000 JavaThread "Reference Handler" daemon [_thread_blocked, id=9589, stack(0x00007fc5ac1f6000,0x00007fc5ac2f7000)]
  0x00007fc5c000c000 JavaThread "main" [_thread_blocked, id=9583, stack(0x00007fc5c69a8000,0x00007fc5c6aa9000)]

Other Threads:
=>0x00007fc5c007a000 VMThread [stack: 0x00007fc5ac2f7000,0x00007fc5ac3f8000] [id=9588]
  0x00007fc5c00cf000 WatcherThread [stack: 0x00007fc5a71e7000,0x00007fc5a72e8000] [id=9596]

VM state:at safepoint (normal execution)

VM Mutex/Monitor currently owned by a thread:  ([mutex/lock_event])
[0x00007fc5c00085f0] Threads_lock - owner thread: 0x00007fc5c007a000
[0x00007fc5c0008af0] Heap_lock - owner thread: 0x00007fc5c000c000

Heap:
 PSYoungGen      total 133632K, used 9810K [0x00000000eab00000, 0x00000000f3800000, 0x0000000100000000)
  eden space 122880K, 0% used [0x00000000eab00000,0x00000000eab00000,0x00000000f2300000)
  from space 10752K, 91% used [0x00000000f2300000,0x00000000f2c94a70,0x00000000f2d80000)
  to   space 10752K, 0% used [0x00000000f2d80000,0x00000000f2d80000,0x00000000f3800000)
 ParOldGen       total 40960K, used 22021K [0x00000000c0000000, 0x00000000c2800000, 0x00000000eab00000)
  object space 40960K, 53% used [0x00000000c0000000,0x00000000c1581558,0x00000000c2800000)
 Metaspace       used 7790K, capacity 8040K, committed 8320K, reserved 1056768K
  class space    used 755K, capacity 787K, committed 896K, reserved 1048576K

Card table byte_map: [0x00007fc5b040c000,0x00007fc5b060d000] byte_map_base: 0x00007fc5afe0c000

Marking Bits: (ParMarkBitMap*) 0x00007fc5c5e7c760
 Begin Bits: [0x00007fc5ae008000, 0x00007fc5af008000)
 End Bits:   [0x00007fc5af008000, 0x00007fc5b0008000)

Polling page: 0x00007fc5c6ac3000

CodeCache: size=245760Kb used=8787Kb max_used=8787Kb free=236972Kb
 bounds [0x00007fc5b09cd000, 0x00007fc5b126d000, 0x00007fc5bf9cd000]
 total_blobs=2804 nmethods=2508 adapters=210
 compilation: enabled

Compilation events (10 events):
Event: 7,463 Thread 0x00007fc5c00ba800 nmethod 2515 0x00007fc5b1236110 code [0x00007fc5b1236260, 0x00007fc5b12362f8]
Event: 7,463 Thread 0x00007fc5c00ba800 2529       4       java.nio.Bits::byteOrder (20 bytes)
Event: 7,464 Thread 0x00007fc5c00ba800 nmethod 2529 0x00007fc5b1201f50 code [0x00007fc5b12020a0, 0x00007fc5b12020f8]
Event: 7,464 Thread 0x00007fc5c00ba800 2530       4       com.android.dx.merge.DexMerger::transformClassDef (160 bytes)
Event: 7,493 Thread 0x00007fc5c00bf800 2536       3       java.util.regex.Pattern$Curly::match0 (174 bytes)
Event: 7,494 Thread 0x00007fc5c00bf800 nmethod 2536 0x00007fc5b1236950 code [0x00007fc5b1236b40, 0x00007fc5b1237558]
Event: 7,494 Thread 0x00007fc5c00bf800 2538       3       sun.nio.cs.UTF_8$Encoder::encodeArrayLoop (489 bytes)
Event: 7,501 Thread 0x00007fc5c00bf800 nmethod 2538 0x00007fc5b1244e50 code [0x00007fc5b12453c0, 0x00007fc5b1248a28]
Event: 7,501 Thread 0x00007fc5c00bf800 2537       3       java.util.Locale::hashCode (41 bytes)
Event: 7,501 Thread 0x00007fc5c00bf800 nmethod 2537 0x00007fc5b1244850 code [0x00007fc5b12449e0, 0x00007fc5b1244d58]

GC Heap History (10 events):
Event: 3,384 GC heap after
Heap after GC invocations=2 (full 0):
 PSYoungGen      total 33280K, used 2528K [0x00000000eab00000, 0x00000000ece00000, 0x0000000100000000)
  eden space 30720K, 0% used [0x00000000eab00000,0x00000000eab00000,0x00000000ec900000)
  from space 2560K, 98% used [0x00000000ecb80000,0x00000000ecdf8028,0x00000000ece00000)
  to   space 2560K, 0% used [0x00000000ec900000,0x00000000ec900000,0x00000000ecb80000)
 ParOldGen       total 40960K, used 5303K [0x00000000c0000000, 0x00000000c2800000, 0x00000000eab00000)
  object space 40960K, 12% used [0x00000000c0000000,0x00000000c052ddc8,0x00000000c2800000)
 Metaspace       used 5630K, capacity 6960K, committed 7040K, reserved 1056768K
  class space    used 543K, capacity 616K, committed 640K, reserved 1048576K
}
Event: 4,470 GC heap before
{Heap before GC invocations=3 (full 0):
 PSYoungGen      total 33280K, used 33248K [0x00000000eab00000, 0x00000000ece00000, 0x0000000100000000)
  eden space 30720K, 100% used [0x00000000eab00000,0x00000000ec900000,0x00000000ec900000)
  from space 2560K, 98% used [0x00000000ecb80000,0x00000000ecdf8028,0x00000000ece00000)
  to   space 2560K, 0% used [0x00000000ec900000,0x00000000ec900000,0x00000000ecb80000)
 ParOldGen       total 40960K, used 5303K [0x00000000c0000000, 0x00000000c2800000, 0x00000000eab00000)
  object space 40960K, 12% used [0x00000000c0000000,0x00000000c052ddc8,0x00000000c2800000)
 Metaspace       used 6661K, capacity 7504K, committed 7680K, reserved 1056768K
  class space    used 630K, capacity 648K, committed 768K, reserved 1048576K
Event: 4,489 GC heap after
Heap after GC invocations=3 (full 0):
 PSYoungGen      total 33280K, used 2528K [0x00000000eab00000, 0x00000000eec00000, 0x0000000100000000)
  eden space 30720K, 0% used [0x00000000eab00000,0x00000000eab00000,0x00000000ec900000)
  from space 2560K, 98% used [0x00000000ec900000,0x00000000ecb78028,0x00000000ecb80000)
  to   space 2560K, 0% used [0x00000000ee980000,0x00000000ee980000,0x00000000eec00000)
 ParOldGen       total 40960K, used 13474K [0x00000000c0000000, 0x00000000c2800000, 0x00000000eab00000)
  object space 40960K, 32% used [0x00000000c0000000,0x00000000c0d28a58,0x00000000c2800000)
 Metaspace       used 6661K, capacity 7504K, committed 7680K, reserved 1056768K
  class space    used 630K, capacity 648K, committed 768K, reserved 1048576K
}
Event: 5,390 GC heap before
{Heap before GC invocations=4 (full 0):
 PSYoungGen      total 33280K, used 33248K [0x00000000eab00000, 0x00000000eec00000, 0x0000000100000000)
  eden space 30720K, 100% used [0x00000000eab00000,0x00000000ec900000,0x00000000ec900000)
  from space 2560K, 98% used [0x00000000ec900000,0x00000000ecb78028,0x00000000ecb80000)
  to   space 2560K, 0% used [0x00000000ee980000,0x00000000ee980000,0x00000000eec00000)
 ParOldGen       total 40960K, used 13474K [0x00000000c0000000, 0x00000000c2800000, 0x00000000eab00000)
  object space 40960K, 32% used [0x00000000c0000000,0x00000000c0d28a58,0x00000000c2800000)
 Metaspace       used 7652K, capacity 7938K, committed 8192K, reserved 1056768K
  class space    used 747K, capacity 754K, committed 768K, reserved 1048576K
Event: 5,421 GC heap after
Heap after GC invocations=4 (full 0):
 PSYoungGen      total 64000K, used 2528K [0x00000000eab00000, 0x00000000eec00000, 0x0000000100000000)
  eden space 61440K, 0% used [0x00000000eab00000,0x00000000eab00000,0x00000000ee700000)
  from space 2560K, 98% used [0x00000000ee980000,0x00000000eebf8040,0x00000000eec00000)
  to   space 2560K, 0% used [0x00000000ee700000,0x00000000ee700000,0x00000000ee980000)
 ParOldGen       total 40960K, used 15404K [0x00000000c0000000, 0x00000000c2800000, 0x00000000eab00000)
  object space 40960K, 37% used [0x00000000c0000000,0x00000000c0f0b188,0x00000000c2800000)
 Metaspace       used 7652K, capacity 7938K, committed 8192K, reserved 1056768K
  class space    used 747K, capacity 754K, committed 768K, reserved 1048576K
}
Event: 6,196 GC heap before
{Heap before GC invocations=5 (full 0):
 PSYoungGen      total 64000K, used 63143K [0x00000000eab00000, 0x00000000eec00000, 0x0000000100000000)
  eden space 61440K, 98% used [0x00000000eab00000,0x00000000ee631e38,0x00000000ee700000)
  from space 2560K, 98% used [0x00000000ee980000,0x00000000eebf8040,0x00000000eec00000)
  to   space 2560K, 0% used [0x00000000ee700000,0x00000000ee700000,0x00000000ee980000)
 ParOldGen       total 40960K, used 15404K [0x00000000c0000000, 0x00000000c2800000, 0x00000000eab00000)
  object space 40960K, 37% used [0x00000000c0000000,0x00000000c0f0b188,0x00000000c2800000)
 Metaspace       used 7769K, capacity 8040K, committed 8320K, reserved 1056768K
  class space    used 755K, capacity 787K, committed 896K, reserved 1048576K
Event: 6,246 GC heap after
Heap after GC invocations=5 (full 0):
 PSYoungGen      total 64000K, used 2546K [0x00000000eab00000, 0x00000000f3800000, 0x0000000100000000)
  eden space 61440K, 0% used [0x00000000eab00000,0x00000000eab00000,0x00000000ee700000)
  from space 2560K, 99% used [0x00000000ee700000,0x00000000ee97c870,0x00000000ee980000)
  to   space 10752K, 0% used [0x00000000f2d80000,0x00000000f2d80000,0x00000000f3800000)
 ParOldGen       total 40960K, used 18004K [0x00000000c0000000, 0x00000000c2800000, 0x00000000eab00000)
  object space 40960K, 43% used [0x00000000c0000000,0x00000000c1195348,0x00000000c2800000)
 Metaspace       used 7769K, capacity 8040K, committed 8320K, reserved 1056768K
  class space    used 755K, capacity 787K, committed 896K, reserved 1048576K
}
Event: 6,634 GC heap before
{Heap before GC invocations=6 (full 0):
 PSYoungGen      total 64000K, used 62306K [0x00000000eab00000, 0x00000000f3800000, 0x0000000100000000)
  eden space 61440K, 97% used [0x00000000eab00000,0x00000000ee55c2e0,0x00000000ee700000)
  from space 2560K, 99% used [0x00000000ee700000,0x00000000ee97c870,0x00000000ee980000)
  to   space 10752K, 0% used [0x00000000f2d80000,0x00000000f2d80000,0x00000000f3800000)
 ParOldGen       total 40960K, used 18004K [0x00000000c0000000, 0x00000000c2800000, 0x00000000eab00000)
  object space 40960K, 43% used [0x00000000c0000000,0x00000000c1195348,0x00000000c2800000)
 Metaspace       used 7784K, capacity 8040K, committed 8320K, reserved 1056768K
  class space    used 755K, capacity 787K, committed 896K, reserved 1048576K
Event: 6,680 GC heap after
Heap after GC invocations=6 (full 0):
 PSYoungGen      total 133632K, used 3828K [0x00000000eab00000, 0x00000000f3800000, 0x0000000100000000)
  eden space 122880K, 0% used [0x00000000eab00000,0x00000000eab00000,0x00000000f2300000)
  from space 10752K, 35% used [0x00000000f2d80000,0x00000000f313d168,0x00000000f3800000)
  to   space 10752K, 0% used [0x00000000f2300000,0x00000000f2300000,0x00000000f2d80000)
 ParOldGen       total 40960K, used 18004K [0x00000000c0000000, 0x00000000c2800000, 0x00000000eab00000)
  object space 40960K, 43% used [0x00000000c0000000,0x00000000c1195348,0x00000000c2800000)
 Metaspace       used 7784K, capacity 8040K, committed 8320K, reserved 1056768K
  class space    used 755K, capacity 787K, committed 896K, reserved 1048576K
}
Event: 7,509 GC heap before
{Heap before GC invocations=7 (full 0):
 PSYoungGen      total 133632K, used 126708K [0x00000000eab00000, 0x00000000f3800000, 0x0000000100000000)
  eden space 122880K, 100% used [0x00000000eab00000,0x00000000f2300000,0x00000000f2300000)
  from space 10752K, 35% used [0x00000000f2d80000,0x00000000f313d168,0x00000000f3800000)
  to   space 10752K, 0% used [0x00000000f2300000,0x00000000f2300000,0x00000000f2d80000)
 ParOldGen       total 40960K, used 18004K [0x00000000c0000000, 0x00000000c2800000, 0x00000000eab00000)
  object space 40960K, 43% used [0x00000000c0000000,0x00000000c1195348,0x00000000c2800000)
 Metaspace       used 7790K, capacity 8040K, committed 8320K, reserved 1056768K
  class space    used 755K, capacity 787K, committed 896K, reserved 1048576K

Deoptimization events (10 events):
Event: 4,452 Thread 0x00007fc5c000c000 Uncommon trap: reason=unstable_if action=reinterpret pc=0x00007fc5b0f433c4 method=java.util.HashMap.resize()[Ljava/util/HashMap$Node; @ 206
Event: 4,678 Thread 0x00007fc5c000c000 Uncommon trap: reason=class_check action=maybe_recompile pc=0x00007fc5b0df1d38 method=java.util.ArrayList.<init>(Ljava/util/Collection;)V @ 6
Event: 4,782 Thread 0x00007fc5c000c000 Uncommon trap: reason=class_check action=maybe_recompile pc=0x00007fc5b0df1d38 method=java.util.ArrayList.<init>(Ljava/util/Collection;)V @ 6
Event: 4,858 Thread 0x00007fc5c000c000 Uncommon trap: reason=predicate action=maybe_recompile pc=0x00007fc5b10c23d0 method=com.android.dex.Leb128.readUnsignedLeb128(Lcom/android/dex/util/ByteInput;)I @ 41
Event: 4,867 Thread 0x00007fc5c000c000 Uncommon trap: reason=unstable_if action=reinterpret pc=0x00007fc5b10956bc method=java.util.HashMap.putVal(ILjava/lang/Object;Ljava/lang/Object;ZZ)Ljava/lang/Object; @ 109
Event: 5,054 Thread 0x00007fc5c000c000 Uncommon trap: reason=unstable_if action=reinterpret pc=0x00007fc5b10fd2a0 method=com.android.dex.FieldId.compareTo(Lcom/android/dex/FieldId;)I @ 8
Event: 5,058 Thread 0x00007fc5c000c000 Uncommon trap: reason=unstable_if action=reinterpret pc=0x00007fc5b10fcfd4 method=com.android.dex.FieldId.compareTo(Lcom/android/dex/FieldId;)I @ 8
Event: 5,071 Thread 0x00007fc5c000c000 Uncommon trap: reason=unstable_if action=reinterpret pc=0x00007fc5b0f8d778 method=java.util.HashMap.getNode(ILjava/lang/Object;)Ljava/util/HashMap$Node; @ 84
Event: 5,071 Thread 0x00007fc5c000c000 Uncommon trap: reason=unstable_if action=reinterpret pc=0x00007fc5b0f894b8 method=java.util.HashMap.getNode(ILjava/lang/Object;)Ljava/util/HashMap$Node; @ 84
Event: 5,573 Thread 0x00007fc5c000c000 Uncommon trap: reason=unstable_if action=reinterpret pc=0x00007fc5b11a7818 method=com.android.dex.EncodedValueCodec.readUnsignedInt(Lcom/android/dex/util/ByteInput;IZ)I @ 3

Internal exceptions (6 events):
Event: 0,359 Thread 0x00007fc5c000c000 Exception <a 'java/lang/NoSuchMethodError': Method sun.misc.Unsafe.defineClass(Ljava/lang/String;[BII)Ljava/lang/Class; name or signature does not match> (0x00000000eab129d0) thrown at [/RE-WORK/workspace/8-2-build-linux-amd64/jdk8u45/3457/hotspot/src/sha
Event: 0,359 Thread 0x00007fc5c000c000 Exception <a 'java/lang/NoSuchMethodError': Method sun.misc.Unsafe.prefetchRead(Ljava/lang/Object;J)V name or signature does not match> (0x00000000eab12c60) thrown at [/RE-WORK/workspace/8-2-build-linux-amd64/jdk8u45/3457/hotspot/src/share/vm/prims/jni.cp
Event: 4,673 Thread 0x00007fc5c000c000 Exception <a 'java/security/PrivilegedActionException'> (0x00000000ead0ace0) thrown at [/RE-WORK/workspace/8-2-build-linux-amd64/jdk8u45/3457/hotspot/src/share/vm/prims/jvm.cpp, line 1382]
Event: 4,673 Thread 0x00007fc5c000c000 Exception <a 'java/security/PrivilegedActionException'> (0x00000000ead0b028) thrown at [/RE-WORK/workspace/8-2-build-linux-amd64/jdk8u45/3457/hotspot/src/share/vm/prims/jvm.cpp, line 1382]
Event: 4,675 Thread 0x00007fc5c000c000 Exception <a 'java/security/PrivilegedActionException'> (0x00000000ead0d6d8) thrown at [/RE-WORK/workspace/8-2-build-linux-amd64/jdk8u45/3457/hotspot/src/share/vm/prims/jvm.cpp, line 1382]
Event: 4,675 Thread 0x00007fc5c000c000 Exception <a 'java/security/PrivilegedActionException'> (0x00000000ead0da20) thrown at [/RE-WORK/workspace/8-2-build-linux-amd64/jdk8u45/3457/hotspot/src/share/vm/prims/jvm.cpp, line 1382]

Events (10 events):
Event: 6,134 loading class sun/reflect/ClassDefiner done
Event: 6,134 loading class sun/reflect/ClassDefiner$1
Event: 6,134 loading class sun/reflect/ClassDefiner$1 done
Event: 6,135 loading class sun/reflect/BootstrapConstructorAccessorImpl
Event: 6,135 loading class sun/reflect/BootstrapConstructorAccessorImpl done
Event: 6,196 Executing VM operation: ParallelGCFailedAllocation
Event: 6,246 Executing VM operation: ParallelGCFailedAllocation done
Event: 6,634 Executing VM operation: ParallelGCFailedAllocation
Event: 6,680 Executing VM operation: ParallelGCFailedAllocation done
Event: 7,509 Executing VM operation: ParallelGCFailedAllocation


Dynamic libraries:
00400000-00401000 r-xp 00000000 08:05 5912381                            /usr/lib/jvm/java-8-oracle/bin/java
00600000-00601000 rw-p 00000000 08:05 5912381                            /usr/lib/jvm/java-8-oracle/bin/java
0115d000-0117e000 rw-p 00000000 00:00 0                                  [heap]
c0000000-c2800000 rw-p 00000000 00:00 0 
c2800000-eab00000 ---p 00000000 00:00 0 
eab00000-f3800000 rw-p 00000000 00:00 0 
fb300000-100000000 ---p 00000000 00:00 0 
100000000-1000e0000 rw-p 00000000 00:00 0 
1000e0000-140000000 ---p 00000000 00:00 0 
7fc570000000-7fc570021000 rw-p 00000000 00:00 0 
7fc570021000-7fc574000000 ---p 00000000 00:00 0 
7fc578000000-7fc5787a4000 rw-p 00000000 00:00 0 
7fc5787a4000-7fc57c000000 ---p 00000000 00:00 0 
7fc57c000000-7fc57c021000 rw-p 00000000 00:00 0 
7fc57c021000-7fc580000000 ---p 00000000 00:00 0 
7fc580000000-7fc5816ad000 rw-p 00000000 00:00 0 
7fc5816ad000-7fc584000000 ---p 00000000 00:00 0 
7fc584000000-7fc584d0f000 rw-p 00000000 00:00 0 
7fc584d0f000-7fc588000000 ---p 00000000 00:00 0 
7fc588000000-7fc588021000 rw-p 00000000 00:00 0 
7fc588021000-7fc58c000000 ---p 00000000 00:00 0 
7fc58c000000-7fc58c021000 rw-p 00000000 00:00 0 
7fc58c021000-7fc590000000 ---p 00000000 00:00 0 
7fc590000000-7fc59028c000 rw-p 00000000 00:00 0 
7fc59028c000-7fc594000000 ---p 00000000 00:00 0 
7fc594000000-7fc594021000 rw-p 00000000 00:00 0 
7fc594021000-7fc598000000 ---p 00000000 00:00 0 
7fc598000000-7fc598021000 rw-p 00000000 00:00 0 
7fc598021000-7fc59c000000 ---p 00000000 00:00 0 
7fc59c000000-7fc59c021000 rw-p 00000000 00:00 0 
7fc59c021000-7fc5a0000000 ---p 00000000 00:00 0 
7fc5a0000000-7fc5a0021000 rw-p 00000000 00:00 0 
7fc5a0021000-7fc5a4000000 ---p 00000000 00:00 0 
7fc5a71e7000-7fc5a71e8000 ---p 00000000 00:00 0 
7fc5a71e8000-7fc5a72e8000 rw-p 00000000 00:00 0                          [stack:9596]
7fc5a72e8000-7fc5a72eb000 ---p 00000000 00:00 0 
7fc5a72eb000-7fc5a73e9000 rw-p 00000000 00:00 0                          [stack:9595]
7fc5a73e9000-7fc5a73ec000 ---p 00000000 00:00 0 
7fc5a73ec000-7fc5a74ea000 rw-p 00000000 00:00 0                          [stack:9594]
7fc5a74ea000-7fc5a74ed000 ---p 00000000 00:00 0 
7fc5a74ed000-7fc5a75eb000 rw-p 00000000 00:00 0                          [stack:9593]
7fc5a75eb000-7fc5a75ee000 ---p 00000000 00:00 0 
7fc5a75ee000-7fc5a76ec000 rw-p 00000000 00:00 0                          [stack:9592]
7fc5a76ec000-7fc5a76ef000 ---p 00000000 00:00 0 
7fc5a76ef000-7fc5a77ed000 rw-p 00000000 00:00 0                          [stack:9591]
7fc5a77ed000-7fc5a8000000 r--p 00000000 08:05 5905427                    /usr/lib/locale/locale-archive
7fc5a8000000-7fc5a8021000 rw-p 00000000 00:00 0 
7fc5a8021000-7fc5ac000000 ---p 00000000 00:00 0 
7fc5ac0b4000-7fc5ac0d9000 r--p 00000000 08:05 534102                     /usr/share/locale-langpack/pl/LC_MESSAGES/libc.mo
7fc5ac0d9000-7fc5ac0f5000 r--s 00393000 08:05 5912064                    /usr/lib/jvm/java-8-oracle/jre/lib/ext/cldrdata.jar
7fc5ac0f5000-7fc5ac0f8000 ---p 00000000 00:00 0 
7fc5ac0f8000-7fc5ac1f6000 rw-p 00000000 00:00 0                          [stack:9590]
7fc5ac1f6000-7fc5ac1f9000 ---p 00000000 00:00 0 
7fc5ac1f9000-7fc5ac2f7000 rw-p 00000000 00:00 0                          [stack:9589]
7fc5ac2f7000-7fc5ac2f8000 ---p 00000000 00:00 0 
7fc5ac2f8000-7fc5ad3b9000 rw-p 00000000 00:00 0                          [stack:9588]
7fc5ad3b9000-7fc5ad592000 r--s 03d09000 08:05 5912242                    /usr/lib/jvm/java-8-oracle/jre/lib/rt.jar
7fc5ad592000-7fc5add48000 rw-p 00000000 00:00 0 
7fc5add48000-7fc5ade08000 ---p 00000000 00:00 0 
7fc5ade08000-7fc5b0008000 rw-p 00000000 00:00 0 
7fc5b0008000-7fc5b0009000 ---p 00000000 00:00 0 
7fc5b0009000-7fc5b0109000 rw-p 00000000 00:00 0                          [stack:9587]
7fc5b0109000-7fc5b010a000 ---p 00000000 00:00 0 
7fc5b010a000-7fc5b020a000 rw-p 00000000 00:00 0                          [stack:9586]
7fc5b020a000-7fc5b020b000 ---p 00000000 00:00 0 
7fc5b020b000-7fc5b030b000 rw-p 00000000 00:00 0                          [stack:9585]
7fc5b030b000-7fc5b030c000 ---p 00000000 00:00 0 
7fc5b030c000-7fc5b0420000 rw-p 00000000 00:00 0                          [stack:9584]
7fc5b0420000-7fc5b0561000 ---p 00000000 00:00 0 
7fc5b0561000-7fc5b05a8000 rw-p 00000000 00:00 0 
7fc5b05a8000-7fc5b060c000 ---p 00000000 00:00 0 
7fc5b060c000-7fc5b0630000 rw-p 00000000 00:00 0 
7fc5b0630000-7fc5b09cd000 ---p 00000000 00:00 0 
7fc5b09cd000-7fc5b126d000 rwxp 00000000 00:00 0 
7fc5b126d000-7fc5bf9cd000 ---p 00000000 00:00 0 
7fc5bf9cd000-7fc5bf9e7000 r-xp 00000000 08:05 5912221                    /usr/lib/jvm/java-8-oracle/jre/lib/amd64/libzip.so
7fc5bf9e7000-7fc5bfbe7000 ---p 0001a000 08:05 5912221                    /usr/lib/jvm/java-8-oracle/jre/lib/amd64/libzip.so
7fc5bfbe7000-7fc5bfbe8000 rw-p 0001a000 08:05 5912221                    /usr/lib/jvm/java-8-oracle/jre/lib/amd64/libzip.so
7fc5bfbe8000-7fc5bfbf3000 r-xp 00000000 08:05 4718611                    /lib/x86_64-linux-gnu/libnss_files-2.19.so
7fc5bfbf3000-7fc5bfdf2000 ---p 0000b000 08:05 4718611                    /lib/x86_64-linux-gnu/libnss_files-2.19.so
7fc5bfdf2000-7fc5bfdf3000 r--p 0000a000 08:05 4718611                    /lib/x86_64-linux-gnu/libnss_files-2.19.so
7fc5bfdf3000-7fc5bfdf4000 rw-p 0000b000 08:05 4718611                    /lib/x86_64-linux-gnu/libnss_files-2.19.so
7fc5bfdf4000-7fc5bfdff000 r-xp 00000000 08:05 4722600                    /lib/x86_64-linux-gnu/libnss_nis-2.19.so
7fc5bfdff000-7fc5bfffe000 ---p 0000b000 08:05 4722600                    /lib/x86_64-linux-gnu/libnss_nis-2.19.so
7fc5bfffe000-7fc5bffff000 r--p 0000a000 08:05 4722600                    /lib/x86_64-linux-gnu/libnss_nis-2.19.so
7fc5bffff000-7fc5c0000000 rw-p 0000b000 08:05 4722600                    /lib/x86_64-linux-gnu/libnss_nis-2.19.so
7fc5c0000000-7fc5c03ba000 rw-p 00000000 00:00 0 
7fc5c03ba000-7fc5c4000000 ---p 00000000 00:00 0 
7fc5c4002000-7fc5c400d000 r--s 00116000 08:05 5912065                    /usr/lib/jvm/java-8-oracle/jre/lib/ext/localedata.jar
7fc5c400d000-7fc5c401c000 r--s 000dd000 08:05 1981417                    /root/Android/Sdk/build-tools/22.0.1/lib/dx.jar
7fc5c401c000-7fc5c4030000 rw-p 00000000 00:00 0 
7fc5c4030000-7fc5c4172000 ---p 00000000 00:00 0 
7fc5c4172000-7fc5c4189000 r-xp 00000000 08:05 4718686                    /lib/x86_64-linux-gnu/libnsl-2.19.so
7fc5c4189000-7fc5c4388000 ---p 00017000 08:05 4718686                    /lib/x86_64-linux-gnu/libnsl-2.19.so
7fc5c4388000-7fc5c4389000 r--p 00016000 08:05 4718686                    /lib/x86_64-linux-gnu/libnsl-2.19.so
7fc5c4389000-7fc5c438a000 rw-p 00017000 08:05 4718686                    /lib/x86_64-linux-gnu/libnsl-2.19.so
7fc5c438a000-7fc5c438c000 rw-p 00000000 00:00 0 
7fc5c438c000-7fc5c4395000 r-xp 00000000 08:05 4718685                    /lib/x86_64-linux-gnu/libnss_compat-2.19.so
7fc5c4395000-7fc5c4594000 ---p 00009000 08:05 4718685                    /lib/x86_64-linux-gnu/libnss_compat-2.19.so
7fc5c4594000-7fc5c4595000 r--p 00008000 08:05 4718685                    /lib/x86_64-linux-gnu/libnss_compat-2.19.so
7fc5c4595000-7fc5c4596000 rw-p 00009000 08:05 4718685                    /lib/x86_64-linux-gnu/libnss_compat-2.19.so
7fc5c4596000-7fc5c45c0000 r-xp 00000000 08:05 5912212                    /usr/lib/jvm/java-8-oracle/jre/lib/amd64/libjava.so
7fc5c45c0000-7fc5c47c0000 ---p 0002a000 08:05 5912212                    /usr/lib/jvm/java-8-oracle/jre/lib/amd64/libjava.so
7fc5c47c0000-7fc5c47c2000 rw-p 0002a000 08:05 5912212                    /usr/lib/jvm/java-8-oracle/jre/lib/amd64/libjava.so
7fc5c47c2000-7fc5c47cf000 r-xp 00000000 08:05 5912207                    /usr/lib/jvm/java-8-oracle/jre/lib/amd64/libverify.so
7fc5c47cf000-7fc5c49cf000 ---p 0000d000 08:05 5912207                    /usr/lib/jvm/java-8-oracle/jre/lib/amd64/libverify.so
7fc5c49cf000-7fc5c49d1000 rw-p 0000d000 08:05 5912207                    /usr/lib/jvm/java-8-oracle/jre/lib/amd64/libverify.so
7fc5c49d1000-7fc5c49d8000 r-xp 00000000 08:05 4718694                    /lib/x86_64-linux-gnu/librt-2.19.so
7fc5c49d8000-7fc5c4bd7000 ---p 00007000 08:05 4718694                    /lib/x86_64-linux-gnu/librt-2.19.so
7fc5c4bd7000-7fc5c4bd8000 r--p 00006000 08:05 4718694                    /lib/x86_64-linux-gnu/librt-2.19.so
7fc5c4bd8000-7fc5c4bd9000 rw-p 00007000 08:05 4718694                    /lib/x86_64-linux-gnu/librt-2.19.so
7fc5c4bd9000-7fc5c4cde000 r-xp 00000000 08:05 4718607                    /lib/x86_64-linux-gnu/libm-2.19.so
7fc5c4cde000-7fc5c4edd000 ---p 00105000 08:05 4718607                    /lib/x86_64-linux-gnu/libm-2.19.so
7fc5c4edd000-7fc5c4ede000 r--p 00104000 08:05 4718607                    /lib/x86_64-linux-gnu/libm-2.19.so
7fc5c4ede000-7fc5c4edf000 rw-p 00105000 08:05 4718607                    /lib/x86_64-linux-gnu/libm-2.19.so
7fc5c4edf000-7fc5c5b8d000 r-xp 00000000 08:05 5912216                    /usr/lib/jvm/java-8-oracle/jre/lib/amd64/server/libjvm.so
7fc5c5b8d000-7fc5c5d8c000 ---p 00cae000 08:05 5912216                    /usr/lib/jvm/java-8-oracle/jre/lib/amd64/server/libjvm.so
7fc5c5d8c000-7fc5c5e63000 rw-p 00cad000 08:05 5912216                    /usr/lib/jvm/java-8-oracle/jre/lib/amd64/server/libjvm.so
7fc5c5e63000-7fc5c5ea7000 rw-p 00000000 00:00 0 
7fc5c5ea7000-7fc5c6062000 r-xp 00000000 08:05 4718691                    /lib/x86_64-linux-gnu/libc-2.19.so
7fc5c6062000-7fc5c6261000 ---p 001bb000 08:05 4718691                    /lib/x86_64-linux-gnu/libc-2.19.so
7fc5c6261000-7fc5c6265000 r--p 001ba000 08:05 4718691                    /lib/x86_64-linux-gnu/libc-2.19.so
7fc5c6265000-7fc5c6267000 rw-p 001be000 08:05 4718691                    /lib/x86_64-linux-gnu/libc-2.19.so
7fc5c6267000-7fc5c626c000 rw-p 00000000 00:00 0 
7fc5c626c000-7fc5c626f000 r-xp 00000000 08:05 4718622                    /lib/x86_64-linux-gnu/libdl-2.19.so
7fc5c626f000-7fc5c646e000 ---p 00003000 08:05 4718622                    /lib/x86_64-linux-gnu/libdl-2.19.so
7fc5c646e000-7fc5c646f000 r--p 00002000 08:05 4718622                    /lib/x86_64-linux-gnu/libdl-2.19.so
7fc5c646f000-7fc5c6470000 rw-p 00003000 08:05 4718622                    /lib/x86_64-linux-gnu/libdl-2.19.so
7fc5c6470000-7fc5c6485000 r-xp 00000000 08:05 5913122                    /usr/lib/jvm/java-8-oracle/lib/amd64/jli/libjli.so
7fc5c6485000-7fc5c6685000 ---p 00015000 08:05 5913122                    /usr/lib/jvm/java-8-oracle/lib/amd64/jli/libjli.so
7fc5c6685000-7fc5c6686000 rw-p 00015000 08:05 5913122                    /usr/lib/jvm/java-8-oracle/lib/amd64/jli/libjli.so
7fc5c6686000-7fc5c669f000 r-xp 00000000 08:05 4718692                    /lib/x86_64-linux-gnu/libpthread-2.19.so
7fc5c669f000-7fc5c689e000 ---p 00019000 08:05 4718692                    /lib/x86_64-linux-gnu/libpthread-2.19.so
7fc5c689e000-7fc5c689f000 r--p 00018000 08:05 4718692                    /lib/x86_64-linux-gnu/libpthread-2.19.so
7fc5c689f000-7fc5c68a0000 rw-p 00019000 08:05 4718692                    /lib/x86_64-linux-gnu/libpthread-2.19.so
7fc5c68a0000-7fc5c68a4000 rw-p 00000000 00:00 0 
7fc5c68a4000-7fc5c68c7000 r-xp 00000000 08:05 4718688                    /lib/x86_64-linux-gnu/ld-2.19.so
7fc5c68cf000-7fc5c69a8000 rw-p 00000000 00:00 0 
7fc5c69a8000-7fc5c69ab000 ---p 00000000 00:00 0 
7fc5c69ab000-7fc5c6aae000 rw-p 00000000 00:00 0                          [stack:9583]
7fc5c6aae000-7fc5c6ab5000 r--s 00000000 08:05 6167872                    /usr/lib/x86_64-linux-gnu/gconv/gconv-modules.cache
7fc5c6ab5000-7fc5c6aba000 r--s 00094000 08:05 5912296                    /usr/lib/jvm/java-8-oracle/jre/lib/jsse.jar
7fc5c6aba000-7fc5c6ac2000 rw-s 00000000 08:05 4456523                    /tmp/hsperfdata_root/9578
7fc5c6ac2000-7fc5c6ac3000 rw-p 00000000 00:00 0 
7fc5c6ac3000-7fc5c6ac4000 ---p 00000000 00:00 0 
7fc5c6ac4000-7fc5c6ac6000 rw-p 00000000 00:00 0 
7fc5c6ac6000-7fc5c6ac7000 r--p 00022000 08:05 4718688                    /lib/x86_64-linux-gnu/ld-2.19.so
7fc5c6ac7000-7fc5c6ac8000 rw-p 00023000 08:05 4718688                    /lib/x86_64-linux-gnu/ld-2.19.so
7fc5c6ac8000-7fc5c6ac9000 rw-p 00000000 00:00 0 
7ffd1eef4000-7ffd1ef16000 rw-p 00000000 00:00 0                          [stack]
7ffd1ef9c000-7ffd1ef9e000 r-xp 00000000 00:00 0                          [vdso]
7ffd1ef9e000-7ffd1efa0000 r--p 00000000 00:00 0                          [vvar]
ffffffffff600000-ffffffffff601000 r-xp 00000000 00:00 0                  [vsyscall]

VM Arguments:
jvm_args: -Xmx1024M -Dfile.encoding=UTF-8 -Duser.country=PL -Duser.language=pl -Duser.variant 
java_command: com.android.dx.command.Main --dex --output /media/lukas121213/Data/repozytorium inz/superniania-inzynierka/SuperNiania/app/build/intermediates/dex/debug /media/lukas121213/Data/repozytorium inz/superniania-inzynierka/SuperNiania/app/build/intermediates/classes/debug /media/lukas121213/Data/repozytorium inz/superniania-inzynierka/SuperNiania/app/build/intermediates/pre-dexed/debug/support-annotations-22.0.0-5c3eb70b57859c75c7a27e70cee70709b060b059.jar /media/lukas121213/Data/repozytorium inz/superniania-inzynierka/SuperNiania/app/build/intermediates/pre-dexed/debug/classes-2209cf3cd09ad27ce74d81a838195fca163cf526.jar /media/lukas121213/Data/repozytorium inz/superniania-inzynierka/SuperNiania/app/build/intermediates/pre-dexed/debug/classes-0630c90ec0621138e01fd12c1bb5d9842841a398.jar /media/lukas121213/Data/repozytorium inz/superniania-inzynierka/SuperNiania/app/build/intermediates/pre-dexed/debug/classes-38fb6e6e4e264a19987241b98578ec8cdf55411c.jar /media/lukas121213/Data/repozytorium inz/superniania-inzynierka/SuperNiania/app/build/intermediates/pre-dexed/debug/classes-12eb190630f82f7e1ea02e1aa7c607a80bd89368.jar /media/lukas121213/Data/repozytorium inz/superniania-inzynierka/SuperNiania/app/build/intermediates/pre-dexed/debug/classes-3a8e601147ab1b9c37d047ba47370306423b9f90.jar /media/lukas121213/Data/repozytorium inz/superniania-inzynierka/SuperNiania/app/build/intermediates/pre-dexed/debug/classes-1aeaeebd79b9610b1220a67aaec1834584966337.jar /media/lukas121213/Data/repozytorium inz/superniania-inzynierka/SuperNiania/app/build/intermediates/pre-dexed/debug/classes-a7c45930c00b03c137a15b72c46b789bf7d403c4.jar /media/lukas121213/Data/repozytorium inz/superniania-inzynierka/SuperNiania/app/build/intermediates/pre-dexed/debug/classes-92d6bc39b290e5ebc06e5b73f3b1e5e6e3c092a9.jar /media/lukas121213/Data/repozytorium inz/superniania-inzynierka/SuperNiania/app/build/intermediates/pre-dexed/debug/classes-ee988fa70e23b8c5417559ebdee1202d8f0542ea.jar /media/l
java_class_path (initial): /root/Android/Sdk/build-tools/22.0.1/lib/dx.jar
Launcher Type: SUN_STANDARD

Environment Variables:
PATH=/usr/local/sbin:/usr/local/bin:/usr/sbin:/usr/bin:/sbin:/bin:/usr/games:/usr/local/games
USERNAME=root
LD_LIBRARY_PATH=.:
SHELL=/bin/bash
DISPLAY=:0

Signal Handlers:
SIGSEGV: [libjvm.so+0xaad1e0], sa_mask[0]=11111111011111111101111111111110, sa_flags=SA_RESTART|SA_SIGINFO
SIGBUS: [libjvm.so+0xaad1e0], sa_mask[0]=11111111011111111101111111111110, sa_flags=SA_RESTART|SA_SIGINFO
SIGFPE: [libjvm.so+0x90b450], sa_mask[0]=11111111011111111101111111111110, sa_flags=SA_RESTART|SA_SIGINFO
SIGPIPE: [libjvm.so+0x90b450], sa_mask[0]=11111111011111111101111111111110, sa_flags=SA_RESTART|SA_SIGINFO
SIGXFSZ: [libjvm.so+0x90b450], sa_mask[0]=11111111011111111101111111111110, sa_flags=SA_RESTART|SA_SIGINFO
SIGILL: [libjvm.so+0x90b450], sa_mask[0]=11111111011111111101111111111110, sa_flags=SA_RESTART|SA_SIGINFO
SIGUSR1: SIG_DFL, sa_mask[0]=00000000000000000000000000000000, sa_flags=none
SIGUSR2: [libjvm.so+0x90ca90], sa_mask[0]=00100000000000000000000000000000, sa_flags=SA_RESTART|SA_SIGINFO
SIGHUP: [libjvm.so+0x90dde0], sa_mask[0]=11111111011111111101111111111110, sa_flags=SA_RESTART|SA_SIGINFO
SIGINT: [libjvm.so+0x90dde0], sa_mask[0]=11111111011111111101111111111110, sa_flags=SA_RESTART|SA_SIGINFO
SIGTERM: [libjvm.so+0x90dde0], sa_mask[0]=11111111011111111101111111111110, sa_flags=SA_RESTART|SA_SIGINFO
SIGQUIT: [libjvm.so+0x90dde0], sa_mask[0]=11111111011111111101111111111110, sa_flags=SA_RESTART|SA_SIGINFO


---------------  S Y S T E M  ---------------

OS:DISTRIB_ID=Ubuntu
DISTRIB_RELEASE=14.04
DISTRIB_CODENAME=trusty
DISTRIB_DESCRIPTION="Ubuntu 14.04.2 LTS"

uname:Linux 3.16.0-44-generic #59~14.04.1-Ubuntu SMP Tue Jul 7 15:07:27 UTC 2015 x86_64
libc:glibc 2.19 NPTL 2.19 
rlimit: STACK 8192k, CORE 0k, NPROC 15181, NOFILE 4096, AS infinity
load average:1,34 0,85 1,00

/proc/meminfo:
MemTotal:        3931116 kB
MemFree:          115360 kB
MemAvailable:      77544 kB
Buffers:            3760 kB
Cached:           343900 kB
SwapCached:            0 kB
Active:          3351196 kB
Inactive:         290240 kB
Active(anon):    3323204 kB
Inactive(anon):   263540 kB
Active(file):      27992 kB
Inactive(file):    26700 kB
Unevictable:          32 kB
Mlocked:              32 kB
SwapTotal:             0 kB
SwapFree:              0 kB
Dirty:              3280 kB
Writeback:             0 kB
AnonPages:       3294468 kB
Mapped:           106580 kB
Shmem:            292184 kB
Slab:              72944 kB
SReclaimable:      38608 kB
SUnreclaim:        34336 kB
KernelStack:        9936 kB
PageTables:        36128 kB
NFS_Unstable:          0 kB
Bounce:                0 kB
WritebackTmp:          0 kB
CommitLimit:     1965556 kB
Committed_AS:    6299292 kB
VmallocTotal:   34359738367 kB
VmallocUsed:      348188 kB
VmallocChunk:   34359307428 kB
HardwareCorrupted:     0 kB
AnonHugePages:    759808 kB
HugePages_Total:       0
HugePages_Free:        0
HugePages_Rsvd:        0
HugePages_Surp:        0
Hugepagesize:       2048 kB
DirectMap4k:      104544 kB
DirectMap2M:     3973120 kB


CPU:total 4 (2 cores per cpu, 2 threads per core) family 6 model 58 stepping 9, cmov, cx8, fxsr, mmx, sse, sse2, sse3, ssse3, sse4.1, sse4.2, popcnt, avx, clmul, erms, ht, tsc, tscinvbit, tscinv

/proc/cpuinfo:
processor	: 0
vendor_id	: GenuineIntel
cpu family	: 6
model		: 58
model name	: Intel(R) Core(TM) i3-3217U CPU @ 1.80GHz
stepping	: 9
microcode	: 0x16
cpu MHz		: 1537.804
cache size	: 3072 KB
physical id	: 0
siblings	: 4
core id		: 0
cpu cores	: 2
apicid		: 0
initial apicid	: 0
fpu		: yes
fpu_exception	: yes
cpuid level	: 13
wp		: yes
flags		: fpu vme de pse tsc msr pae mce cx8 apic sep mtrr pge mca cmov pat pse36 clflush dts acpi mmx fxsr sse sse2 ss ht tm pbe syscall nx rdtscp lm constant_tsc arch_perfmon pebs bts rep_good nopl xtopology nonstop_tsc aperfmperf eagerfpu pni pclmulqdq dtes64 monitor ds_cpl vmx est tm2 ssse3 cx16 xtpr pdcm pcid sse4_1 sse4_2 x2apic popcnt tsc_deadline_timer xsave avx f16c lahf_lm ida arat epb xsaveopt pln pts dtherm tpr_shadow vnmi flexpriority ept vpid fsgsbase smep erms
bogomips	: 3591.83
clflush size	: 64
cache_alignment	: 64
address sizes	: 36 bits physical, 48 bits virtual
power management:

processor	: 1
vendor_id	: GenuineIntel
cpu family	: 6
model		: 58
model name	: Intel(R) Core(TM) i3-3217U CPU @ 1.80GHz
stepping	: 9
microcode	: 0x16
cpu MHz		: 1537.382
cache size	: 3072 KB
physical id	: 0
siblings	: 4
core id		: 1
cpu cores	: 2
apicid		: 2
initial apicid	: 2
fpu		: yes
fpu_exception	: yes
cpuid level	: 13
wp		: yes
flags		: fpu vme de pse tsc msr pae mce cx8 apic sep mtrr pge mca cmov pat pse36 clflush dts acpi mmx fxsr sse sse2 ss ht tm pbe syscall nx rdtscp lm constant_tsc arch_perfmon pebs bts rep_good nopl xtopology nonstop_tsc aperfmperf eagerfpu pni pclmulqdq dtes64 monitor ds_cpl vmx est tm2 ssse3 cx16 xtpr pdcm pcid sse4_1 sse4_2 x2apic popcnt tsc_deadline_timer xsave avx f16c lahf_lm ida arat epb xsaveopt pln pts dtherm tpr_shadow vnmi flexpriority ept vpid fsgsbase smep erms
bogomips	: 3591.83
clflush size	: 64
cache_alignment	: 64
address sizes	: 36 bits physical, 48 bits virtual
power management:

processor	: 2
vendor_id	: GenuineIntel
cpu family	: 6
model		: 58
model name	: Intel(R) Core(TM) i3-3217U CPU @ 1.80GHz
stepping	: 9
microcode	: 0x16
cpu MHz		: 1534.710
cache size	: 3072 KB
physical id	: 0
siblings	: 4
core id		: 0
cpu cores	: 2
apicid		: 1
initial apicid	: 1
fpu		: yes
fpu_exception	: yes
cpuid level	: 13
wp		: yes
flags		: fpu vme de pse tsc msr pae mce cx8 apic sep mtrr pge mca cmov pat pse36 clflush dts acpi mmx fxsr sse sse2 ss ht tm pbe syscall nx rdtscp lm constant_tsc arch_perfmon pebs bts rep_good nopl xtopology nonstop_tsc aperfmperf eagerfpu pni pclmulqdq dtes64 monitor ds_cpl vmx est tm2 ssse3 cx16 xtpr pdcm pcid sse4_1 sse4_2 x2apic popcnt tsc_deadline_timer xsave avx f16c lahf_lm ida arat epb xsaveopt pln pts dtherm tpr_shadow vnmi flexpriority ept vpid fsgsbase smep erms
bogomips	: 3591.83
clflush size	: 64
cache_alignment	: 64
address sizes	: 36 bits physical, 48 bits virtual
power management:

processor	: 3
vendor_id	: GenuineIntel
cpu family	: 6
model		: 58
model name	: Intel(R) Core(TM) i3-3217U CPU @ 1.80GHz
stepping	: 9
microcode	: 0x16
cpu MHz		: 1657.265
cache size	: 3072 KB
physical id	: 0
siblings	: 4
core id		: 1
cpu cores	: 2
apicid		: 3
initial apicid	: 3
fpu		: yes
fpu_exception	: yes
cpuid level	: 13
wp		: yes
flags		: fpu vme de pse tsc msr pae mce cx8 apic sep mtrr pge mca cmov pat pse36 clflush dts acpi mmx fxsr sse sse2 ss ht tm pbe syscall nx rdtscp lm constant_tsc arch_perfmon pebs bts rep_good nopl xtopology nonstop_tsc aperfmperf eagerfpu pni pclmulqdq dtes64 monitor ds_cpl vmx est tm2 ssse3 cx16 xtpr pdcm pcid sse4_1 sse4_2 x2apic popcnt tsc_deadline_timer xsave avx f16c lahf_lm ida arat epb xsaveopt pln pts dtherm tpr_shadow vnmi flexpriority ept vpid fsgsbase smep erms
bogomips	: 3591.83
clflush size	: 64
cache_alignment	: 64
address sizes	: 36 bits physical, 48 bits virtual
power management:



Memory: 4k page, physical 3931116k(115360k free), swap 0k(0k free)

vm_info: Java HotSpot(TM) 64-Bit Server VM (25.45-b02) for linux-amd64 JRE (1.8.0_45-b14), built on Apr 10 2015 10:07:45 by "java_re" with gcc 4.3.0 20080428 (Red Hat 4.3.0-8)

time: Tue Jul 28 19:33:02 2015
elapsed time: 10 seconds (0d 0h 0m 10s)

